[2018-10-31T09:29:08.583] [INFO] app - GET / - 0ms
[2018-10-31T09:29:09.282] [INFO] app - GET /_nuxt/runtime.js - 0ms
[2018-10-31T09:29:09.291] [INFO] app - GET /_nuxt/vendors.app.js - 0ms
[2018-10-31T09:29:09.301] [INFO] app - GET /_nuxt/app.js - 0ms
[2018-10-31T09:29:09.306] [INFO] app - GET /_nuxt/client/assets/img/logo.png - 0ms
[2018-10-31T09:29:09.641] [INFO] app - GET /_nuxt/pages_index.js - 0ms
[2018-10-31T09:29:09.650] [INFO] app - GET /__webpack_hmr - 0ms
[2018-10-31T09:29:09.714] [INFO] app - GET /favicon.ico - 0ms
[2018-10-31T09:29:11.555] [INFO] app - GET /_nuxt/pages_about.js - 0ms
[2018-10-31T09:30:00.982] [INFO] app - GET /__webpack_hmr - 0ms
[2018-10-31T09:30:56.862] [INFO] app - GET /_nuxt/df4d7121434ba6949d57.hot-update.json - 0ms
[2018-10-31T09:30:56.867] [INFO] app - GET /_nuxt/app.df4d7121434ba6949d57.hot-update.js - 0ms
[2018-10-31T09:30:56.873] [INFO] app - GET / - 0ms
[2018-10-31T09:30:57.244] [INFO] app - GET /_nuxt/runtime.js - 0ms
[2018-10-31T09:30:57.250] [INFO] app - GET /_nuxt/vendors.app.js - 0ms
[2018-10-31T09:30:57.268] [INFO] app - GET /_nuxt/app.js - 0ms
[2018-10-31T09:30:57.271] [INFO] app - GET /_nuxt/app.df4d7121434ba6949d57.hot-update.js - 0ms
[2018-10-31T09:30:57.277] [INFO] app - GET /_nuxt/client/assets/img/logo.png - 0ms
[2018-10-31T09:30:57.585] [INFO] app - GET /_nuxt/pages_index.js - 0ms
[2018-10-31T09:30:57.595] [INFO] app - GET /__webpack_hmr - 0ms
[2018-10-31T09:31:30.845] [INFO] app - GET /__webpack_hmr - 0ms
[2018-10-31T10:00:52.465] [INFO] app - GET /__webpack_hmr - 0ms
[2018-10-31T10:04:41.229] [INFO] app - GET /_nuxt/3f592ccedbe36e63c728.hot-update.json - 0ms
[2018-10-31T10:04:41.582] [INFO] app - GET / - 0ms
[2018-10-31T10:04:41.672] [INFO] app - GET /_nuxt/runtime.js - 0ms
[2018-10-31T10:04:41.676] [INFO] app - GET /_nuxt/vendors.app.js - 0ms
[2018-10-31T10:04:41.681] [INFO] app - GET /_nuxt/app.js - 0ms
[2018-10-31T10:04:41.694] [INFO] app - GET /_nuxt/client/assets/img/logo.png - 0ms
[2018-10-31T10:04:42.041] [INFO] app - GET /_nuxt/pages_index.js - 0ms
[2018-10-31T10:04:42.048] [INFO] app - GET /__webpack_hmr - 0ms
[2018-10-31T10:05:05.391] [INFO] app - GET /_nuxt/8583520545279916a1d0.hot-update.json - 0ms
[2018-10-31T10:05:05.409] [INFO] app - GET /_nuxt/pages_index.8583520545279916a1d0.hot-update.js - 0ms
[2018-10-31T10:05:05.416] [INFO] app - GET /_nuxt/74690b8b2beca799bfa2.hot-update.json - 0ms
[2018-10-31T10:05:15.630] [INFO] app - GET /_nuxt/4ff1fbb2bab377b21478.hot-update.json - 0ms
[2018-10-31T10:06:13.951] [INFO] app - GET / - 0ms
[2018-10-31T10:06:14.042] [INFO] app - GET /_nuxt/runtime.js - 0ms
[2018-10-31T10:06:14.055] [INFO] app - GET /_nuxt/vendors.app.js - 0ms
[2018-10-31T10:06:14.073] [INFO] app - GET /_nuxt/app.js - 1ms
[2018-10-31T10:06:14.451] [INFO] app - GET /_nuxt/pages_index.js - 0ms
[2018-10-31T10:06:14.461] [INFO] app - GET /__webpack_hmr - 0ms
[2018-10-31T10:06:14.501] [INFO] app - GET /favicon.ico - 0ms
[2018-10-31T10:06:39.720] [INFO] app - GET /_nuxt/70f522827bce5404bb52.hot-update.json - 0ms
[2018-10-31T10:06:39.736] [INFO] app - GET /_nuxt/app.70f522827bce5404bb52.hot-update.js - 0ms
[2018-10-31T10:06:40.026] [INFO] app - GET /_nuxt/70f522827bce5404bb52.hot-update.json - 0ms
[2018-10-31T10:06:40.033] [INFO] app - GET /_nuxt/app.70f522827bce5404bb52.hot-update.js - 0ms
[2018-10-31T10:06:44.527] [INFO] app - GET /_nuxt/c6a130a6044b7e25ae08.hot-update.json - 0ms
[2018-10-31T10:06:44.530] [INFO] app - GET /_nuxt/c6a130a6044b7e25ae08.hot-update.json - 0ms
[2018-10-31T10:06:44.533] [INFO] app - GET /_nuxt/app.c6a130a6044b7e25ae08.hot-update.js - 0ms
[2018-10-31T10:06:44.536] [INFO] app - GET /_nuxt/app.c6a130a6044b7e25ae08.hot-update.js - 0ms
[2018-10-31T10:06:51.698] [INFO] app - GET /_nuxt/de1201d40a63dfdbcaa0.hot-update.json - 0ms
[2018-10-31T10:06:51.991] [INFO] app - GET /_nuxt/de1201d40a63dfdbcaa0.hot-update.json - 0ms
[2018-10-31T10:06:55.575] [INFO] app - GET /_nuxt/b7df401e2c006e44ea7f.hot-update.json - 0ms
[2018-10-31T10:06:55.596] [INFO] app - GET /_nuxt/b7df401e2c006e44ea7f.hot-update.json - 0ms
[2018-10-31T10:06:56.685] [INFO] app - GET /_nuxt/8d0cb2b72fb9e040cdae.hot-update.json - 0ms
[2018-10-31T10:06:56.685] [INFO] app - GET /_nuxt/8d0cb2b72fb9e040cdae.hot-update.json - 0ms
[2018-10-31T10:09:36.392] [INFO] app - GET /_nuxt/6655b7b19ebdcb00e68c.hot-update.json - 0ms
[2018-10-31T10:09:36.693] [INFO] app - GET /_nuxt/6655b7b19ebdcb00e68c.hot-update.json - 0ms
[2018-10-31T10:09:45.570] [INFO] app - GET /_nuxt/713818f950665fb34af3.hot-update.json - 0ms
[2018-10-31T10:09:45.861] [INFO] app - GET /_nuxt/713818f950665fb34af3.hot-update.json - 0ms
[2018-10-31T10:10:06.690] [INFO] app - GET /admin/login - 0ms
[2018-10-31T10:10:06.782] [INFO] app - GET /_nuxt/runtime.js - 0ms
[2018-10-31T10:10:06.815] [INFO] app - GET /_nuxt/vendors.app.js - 0ms
[2018-10-31T10:10:06.951] [INFO] app - GET /_nuxt/app.js - 0ms
[2018-10-31T10:10:06.973] [INFO] app - GET /img/logo.png - 0ms
[2018-10-31T10:10:07.302] [INFO] app - GET /_nuxt/pages_admin_login.js - 0ms
[2018-10-31T10:10:07.316] [INFO] app - GET /__webpack_hmr - 0ms
[2018-10-31T10:17:27.277] [INFO] app - GET /__webpack_hmr - 0ms
[2018-10-31T10:17:28.575] [INFO] app - GET /__webpack_hmr - 0ms
[2018-10-31T10:23:08.289] [INFO] app - GET /__webpack_hmr - 0ms
[2018-10-31T10:23:08.569] [INFO] app - GET /__webpack_hmr - 0ms
[2018-10-31T10:26:28.285] [INFO] app - GET /__webpack_hmr - 0ms
[2018-10-31T10:26:29.567] [INFO] app - GET /__webpack_hmr - 0ms
[2018-10-31T10:27:51.290] [INFO] app - GET /__webpack_hmr - 0ms
[2018-10-31T10:27:51.571] [INFO] app - GET /__webpack_hmr - 0ms
[2018-10-31T10:29:00.272] [INFO] app - GET /__webpack_hmr - 0ms
[2018-10-31T10:29:00.571] [INFO] app - GET /__webpack_hmr - 0ms
[2018-10-31T10:30:25.276] [INFO] app - GET /__webpack_hmr - 0ms
[2018-10-31T10:30:26.666] [INFO] app - GET /__webpack_hmr - 0ms
[2018-10-31T10:30:28.638] [INFO] app - GET /_nuxt/ff1c24281a4a06c22c2f.hot-update.json - 0ms
[2018-10-31T10:30:28.638] [INFO] app - GET /_nuxt/ff1c24281a4a06c22c2f.hot-update.json - 0ms
[2018-10-31T10:30:29.067] [INFO] app - GET / - 0ms
[2018-10-31T10:30:29.109] [INFO] app - GET /admin/login - 0ms
[2018-10-31T10:30:29.245] [INFO] app - GET /_nuxt/runtime.js - 0ms
[2018-10-31T10:30:29.249] [INFO] app - GET /_nuxt/vendors.app.js - 0ms
[2018-10-31T10:30:29.257] [INFO] app - GET /_nuxt/app.js - 0ms
[2018-10-31T10:30:29.261] [INFO] app - GET /_nuxt/app.eed4b4c6f047693542fd.hot-update.js - 0ms
[2018-10-31T10:30:29.265] [INFO] app - GET /_nuxt/runtime.js - 0ms
[2018-10-31T10:30:29.280] [INFO] app - GET /_nuxt/vendors.app.js - 0ms
[2018-10-31T10:30:29.566] [INFO] app - GET /_nuxt/app.js - 0ms
[2018-10-31T10:30:29.569] [INFO] app - GET /_nuxt/app.eed4b4c6f047693542fd.hot-update.js - 0ms
[2018-10-31T10:30:29.572] [INFO] app - GET /img/logo.png - 0ms
[2018-10-31T10:30:30.637] [INFO] app - GET /_nuxt/pages_index.js - 0ms
[2018-10-31T10:30:30.643] [INFO] app - GET /__webpack_hmr - 0ms
[2018-10-31T10:30:30.663] [INFO] app - GET /_nuxt/pages_admin_login.js - 0ms
[2018-10-31T10:30:30.675] [INFO] app - GET /__webpack_hmr - 0ms
[2018-10-31T10:31:21.287] [INFO] app - GET /__webpack_hmr - 0ms
[2018-10-31T10:31:21.308] [INFO] app - GET /_nuxt/7f807c5ba366431fa85f.hot-update.json - 0ms
[2018-10-31T10:31:21.599] [INFO] app - GET /__webpack_hmr - 0ms
[2018-10-31T10:31:21.608] [INFO] app - GET / - 0ms
[2018-10-31T10:31:21.641] [INFO] app - GET /_nuxt/7f807c5ba366431fa85f.hot-update.json - 0ms
[2018-10-31T10:31:21.674] [INFO] app - GET /_nuxt/runtime.js - 0ms
[2018-10-31T10:31:21.683] [INFO] app - GET /_nuxt/vendors.app.js - 0ms
[2018-10-31T10:31:21.686] [INFO] app - GET /_nuxt/app.js - 0ms
[2018-10-31T10:31:21.826] [INFO] app - GET /_nuxt/7f807c5ba366431fa85f.hot-update.json - 0ms
[2018-10-31T10:31:21.846] [INFO] app - GET /admin/login - 0ms
[2018-10-31T10:31:21.892] [INFO] app - GET /_nuxt/runtime.js - 0ms
[2018-10-31T10:31:21.898] [INFO] app - GET /_nuxt/vendors.app.js - 0ms
[2018-10-31T10:31:21.924] [INFO] app - GET /_nuxt/app.js - 0ms
[2018-10-31T10:31:21.940] [INFO] app - GET /img/logo.png - 0ms
[2018-10-31T10:31:22.036] [INFO] app - GET /_nuxt/pages_index.js - 0ms
[2018-10-31T10:31:22.041] [INFO] app - GET /__webpack_hmr - 0ms
[2018-10-31T10:31:22.255] [INFO] app - GET /_nuxt/pages_admin_login.js - 0ms
[2018-10-31T10:31:22.260] [INFO] app - GET /__webpack_hmr - 0ms
[2018-10-31T10:33:56.708] [INFO] app - GET /_nuxt/03643d1d89b2808cf83d.hot-update.json - 0ms
[2018-10-31T10:33:57.052] [INFO] app - GET /_nuxt/eb4a1bae280f202722a5.hot-update.json - 0ms
[2018-10-31T10:33:57.257] [INFO] app - GET /_nuxt/03643d1d89b2808cf83d.hot-update.json - 0ms
[2018-10-31T10:33:58.673] [INFO] app - GET /_nuxt/pages_admin_login.03643d1d89b2808cf83d.hot-update.js - 0ms
[2018-10-31T10:33:58.852] [INFO] app - GET /_nuxt/eb4a1bae280f202722a5.hot-update.json - 0ms
[2018-10-31T10:33:58.912] [INFO] app - GET /_nuxt/pages_admin_login.eb4a1bae280f202722a5.hot-update.js - 0ms
[2018-10-31T10:33:58.938] [INFO] app - GET /_nuxt/19ac4aa245d6521b9c79.hot-update.json - 0ms
[2018-10-31T10:33:58.957] [INFO] app - GET /_nuxt/19ac4aa245d6521b9c79.hot-update.json - 0ms
[2018-10-31T10:33:59.042] [INFO] app - GET /_nuxt/pages_admin_login.19ac4aa245d6521b9c79.hot-update.js - 0ms
[2018-10-31T10:34:25.337] [INFO] app - GET /_nuxt/66476886985963fee089.hot-update.json - 0ms
[2018-10-31T10:34:25.645] [INFO] app - GET /_nuxt/66476886985963fee089.hot-update.json - 0ms
[2018-10-31T10:34:25.948] [INFO] app - GET /_nuxt/pages_admin_login.66476886985963fee089.hot-update.js - 0ms
[2018-10-31T10:51:52.221] [INFO] app - GET / - 0ms
[2018-10-31T10:51:52.320] [INFO] app - GET /_nuxt/runtime.js - 0ms
[2018-10-31T10:51:52.323] [INFO] app - GET /_nuxt/vendors.app.js - 0ms
[2018-10-31T10:51:52.333] [INFO] app - GET /_nuxt/app.js - 0ms
[2018-10-31T10:51:52.651] [INFO] app - GET /_nuxt/pages_index.js - 0ms
[2018-10-31T10:51:52.657] [INFO] app - GET /__webpack_hmr - 0ms
[2018-10-31T10:51:52.707] [INFO] app - GET /favicon.ico - 0ms
[2018-10-31T10:52:20.199] [INFO] app - GET / - 0ms
[2018-10-31T10:52:20.269] [INFO] app - GET /_nuxt/runtime.js - 0ms
[2018-10-31T10:52:20.290] [INFO] app - GET /_nuxt/vendors.app.js - 0ms
[2018-10-31T10:52:20.315] [INFO] app - GET /_nuxt/app.js - 0ms
[2018-10-31T10:52:20.790] [INFO] app - GET /_nuxt/pages_index.js - 0ms
[2018-10-31T10:52:20.804] [INFO] app - GET /__webpack_hmr - 0ms
[2018-10-31T10:52:20.862] [INFO] app - GET /favicon.ico - 0ms
[2018-10-31T10:53:35.223] [INFO] app - GET / - 0ms
[2018-10-31T10:53:35.321] [INFO] app - GET /_nuxt/runtime.js - 0ms
[2018-10-31T10:53:35.326] [INFO] app - GET /_nuxt/vendors.app.js - 0ms
[2018-10-31T10:53:35.333] [INFO] app - GET /_nuxt/app.js - 0ms
[2018-10-31T10:53:35.765] [INFO] app - GET /_nuxt/pages_index.js - 0ms
[2018-10-31T10:53:35.772] [INFO] app - GET /__webpack_hmr - 0ms
[2018-10-31T10:53:35.817] [INFO] app - GET /favicon.ico - 0ms
[2018-10-31T10:54:32.753] [INFO] app - GET / - 0ms
[2018-10-31T10:54:32.833] [INFO] app - GET /_nuxt/runtime.js - 0ms
[2018-10-31T10:54:32.845] [INFO] app - GET /_nuxt/vendors.app.js - 0ms
[2018-10-31T10:54:32.852] [INFO] app - GET /_nuxt/app.js - 0ms
[2018-10-31T10:54:33.213] [INFO] app - GET /_nuxt/pages_index.js - 0ms
[2018-10-31T10:54:33.219] [INFO] app - GET /__webpack_hmr - 0ms
[2018-10-31T10:54:33.279] [INFO] app - GET /favicon.ico - 0ms
[2018-10-31T10:54:43.653] [INFO] app - GET / - 0ms
[2018-10-31T10:54:43.707] [INFO] app - GET /_nuxt/vendors.app.js - 0ms
[2018-10-31T10:54:43.722] [INFO] app - GET /_nuxt/app.js - 0ms
[2018-10-31T10:54:43.725] [INFO] app - GET /_nuxt/runtime.js - 0ms
[2018-10-31T10:54:44.056] [INFO] app - GET /_nuxt/pages_index.js - 0ms
[2018-10-31T10:54:44.061] [INFO] app - GET /__webpack_hmr - 0ms
[2018-10-31T10:54:44.102] [INFO] app - GET /favicon.ico - 0ms
[2018-10-31T10:54:53.046] [INFO] app - GET / - 0ms
[2018-10-31T10:54:53.096] [INFO] app - GET /_nuxt/runtime.js - 0ms
[2018-10-31T10:54:53.103] [INFO] app - GET /_nuxt/vendors.app.js - 0ms
[2018-10-31T10:54:53.114] [INFO] app - GET /_nuxt/app.js - 0ms
[2018-10-31T10:54:53.473] [INFO] app - GET /_nuxt/pages_index.js - 0ms
[2018-10-31T10:54:53.479] [INFO] app - GET /__webpack_hmr - 0ms
[2018-10-31T10:54:53.535] [INFO] app - GET /favicon.ico - 0ms
[2018-10-31T10:54:55.277] [INFO] app - GET / - 0ms
[2018-10-31T10:54:55.334] [INFO] app - GET /_nuxt/runtime.js - 0ms
[2018-10-31T10:54:55.346] [INFO] app - GET /_nuxt/vendors.app.js - 0ms
[2018-10-31T10:54:55.358] [INFO] app - GET /_nuxt/app.js - 0ms
[2018-10-31T10:54:55.619] [INFO] app - GET /_nuxt/pages_index.js - 0ms
[2018-10-31T10:54:55.626] [INFO] app - GET /__webpack_hmr - 0ms
[2018-10-31T10:55:46.367] [INFO] app - GET /__webpack_hmr - 0ms
[2018-10-31T10:55:46.382] [INFO] app - GET /_nuxt/4212f39918204591bafc.hot-update.json - 0ms
[2018-10-31T10:55:46.721] [INFO] app - GET / - 0ms
[2018-10-31T10:55:46.767] [INFO] app - GET /_nuxt/runtime.js - 0ms
[2018-10-31T10:55:46.772] [INFO] app - GET /_nuxt/vendors.app.js - 0ms
[2018-10-31T10:55:46.786] [INFO] app - GET /_nuxt/app.js - 0ms
[2018-10-31T10:55:47.108] [INFO] app - GET /_nuxt/pages_index.js - 0ms
[2018-10-31T10:55:47.113] [INFO] app - GET /__webpack_hmr - 0ms
[2018-10-31T10:55:47.591] [INFO] app - GET /__webpack_hmr - 0ms
[2018-10-31T10:55:47.842] [INFO] app - GET /_nuxt/d618e8ff5d0dfe96e7c0.hot-update.json - 0ms
[2018-10-31T10:55:47.896] [INFO] app - GET /admin/login - 0ms
[2018-10-31T10:55:47.956] [INFO] app - GET /_nuxt/runtime.js - 0ms
[2018-10-31T10:55:47.959] [INFO] app - GET /_nuxt/vendors.app.js - 0ms
[2018-10-31T10:55:47.964] [INFO] app - GET /_nuxt/app.js - 0ms
[2018-10-31T10:55:48.284] [INFO] app - GET /_nuxt/pages_admin_login.js - 0ms
[2018-10-31T10:55:48.291] [INFO] app - GET /__webpack_hmr - 0ms
[2018-10-31T10:55:49.523] [INFO] app - GET / - 0ms
[2018-10-31T10:55:49.581] [INFO] app - GET /_nuxt/runtime.js - 0ms
[2018-10-31T10:55:49.585] [INFO] app - GET /_nuxt/vendors.app.js - 0ms
[2018-10-31T10:55:49.589] [INFO] app - GET /_nuxt/app.js - 0ms
[2018-10-31T10:55:49.782] [INFO] app - GET /_nuxt/pages_index.js - 0ms
[2018-10-31T10:55:49.787] [INFO] app - GET /__webpack_hmr - 0ms
[2018-10-31T10:55:49.805] [INFO] app - GET /favicon.ico - 0ms
[2018-10-31T10:56:26.774] [INFO] app - GET /admin/login - 0ms
[2018-10-31T10:56:26.869] [INFO] app - GET /_nuxt/runtime.js - 0ms
[2018-10-31T10:56:26.875] [INFO] app - GET /_nuxt/vendors.app.js - 0ms
[2018-10-31T10:56:26.888] [INFO] app - GET /_nuxt/app.js - 0ms
[2018-10-31T10:56:27.217] [INFO] app - GET /_nuxt/pages_admin_login.js - 0ms
[2018-10-31T10:56:27.230] [INFO] app - GET /__webpack_hmr - 0ms
[2018-10-31T10:56:28.614] [INFO] app - GET /img/logo.png - 0ms
[2018-10-31T10:56:33.099] [INFO] app - GET /__webpack_hmr - 0ms
[2018-10-31T10:57:31.304] [INFO] app - GET / - 0ms
[2018-10-31T10:57:31.349] [INFO] app - GET /_nuxt/runtime.js - 0ms
[2018-10-31T10:57:31.356] [INFO] app - GET /_nuxt/vendors.app.js - 0ms
[2018-10-31T10:57:31.365] [INFO] app - GET /_nuxt/app.js - 0ms
[2018-10-31T10:57:31.724] [INFO] app - GET /_nuxt/pages_index.js - 0ms
[2018-10-31T10:57:31.732] [INFO] app - GET /__webpack_hmr - 0ms
[2018-10-31T10:57:31.773] [INFO] app - GET /favicon.ico - 0ms
[2018-10-31T10:57:41.655] [INFO] app - GET /admin/login - 0ms
[2018-10-31T10:57:41.731] [INFO] app - GET /_nuxt/runtime.js - 3ms
[2018-10-31T10:57:41.740] [INFO] app - GET /_nuxt/vendors.app.js - 0ms
[2018-10-31T10:57:41.756] [INFO] app - GET /_nuxt/app.js - 0ms
[2018-10-31T10:57:42.080] [INFO] app - GET /_nuxt/pages_admin_login.js - 0ms
[2018-10-31T10:57:42.091] [INFO] app - GET /__webpack_hmr - 1ms
[2018-10-31T10:58:21.133] [INFO] app - GET /img/logo.png - 0ms
[2018-10-31T10:58:55.631] [INFO] app - GET /__webpack_hmr - 0ms
[2018-10-31T10:58:57.150] [INFO] app - GET /__webpack_hmr - 0ms
[2018-10-31T10:58:58.590] [INFO] app - GET /img/logo.png - 0ms
[2018-10-31T11:01:51.478] [INFO] app - GET /_nuxt/20b99274d8b36996da8a.hot-update.json - 0ms
[2018-10-31T11:01:51.829] [INFO] app - GET /_nuxt/pages_admin_login.20b99274d8b36996da8a.hot-update.js - 1ms
[2018-10-31T11:01:53.962] [INFO] app - GET /_nuxt/241203796d0689f2d2ed.hot-update.json - 0ms
[2018-10-31T11:01:54.074] [INFO] app - GET /_nuxt/pages_admin_login.241203796d0689f2d2ed.hot-update.js - 0ms
[2018-10-31T11:01:56.598] [INFO] app - GET /_nuxt/61eb0fec3103a1e2e823.hot-update.json - 0ms
[2018-10-31T11:01:56.603] [INFO] app - GET /_nuxt/pages_admin_login.61eb0fec3103a1e2e823.hot-update.js - 0ms
[2018-10-31T11:01:57.190] [INFO] app - GET /admin/login - 0ms
[2018-10-31T11:01:57.355] [INFO] app - GET /_nuxt/runtime.js - 0ms
[2018-10-31T11:01:57.387] [INFO] app - GET /_nuxt/vendors.app.js - 0ms
[2018-10-31T11:01:57.445] [INFO] app - GET /_nuxt/app.js - 0ms
[2018-10-31T11:01:58.003] [INFO] app - GET /__webpack_hmr - 0ms
[2018-10-31T11:01:58.033] [INFO] app - GET /_nuxt/pages_admin_login.js - 0ms
[2018-10-31T11:01:58.235] [INFO] app - GET /favicon.ico - 0ms
[2018-10-31T11:01:58.797] [INFO] app - GET /_nuxt/iview.js.map - 0ms
[2018-10-31T11:02:19.398] [INFO] app - GET /_nuxt/9df14c7878161babca8b.hot-update.json - 0ms
[2018-10-31T11:02:19.432] [INFO] app - GET /_nuxt/pages_admin_login.9df14c7878161babca8b.hot-update.js - 0ms
[2018-10-31T11:02:21.827] [INFO] app - GET /_nuxt/41a240505df281d9d524.hot-update.json - 0ms
[2018-10-31T11:02:24.246] [INFO] app - GET /admin/login - 0ms
[2018-10-31T11:02:24.360] [INFO] app - GET /_nuxt/runtime.js - 0ms
[2018-10-31T11:02:24.366] [INFO] app - GET /_nuxt/vendors.app.js - 0ms
[2018-10-31T11:02:24.374] [INFO] app - GET /_nuxt/app.js - 0ms
[2018-10-31T11:02:25.046] [INFO] app - GET /_nuxt/pages_admin_login.js - 0ms
[2018-10-31T11:02:25.101] [INFO] app - GET /_nuxt/iview.js.map - 0ms
[2018-10-31T11:02:25.120] [INFO] app - GET /__webpack_hmr - 0ms
[2018-10-31T11:02:57.282] [INFO] app - GET /admin/login - 0ms
[2018-10-31T11:02:57.737] [INFO] app - GET /_nuxt/runtime.js - 0ms
[2018-10-31T11:02:57.818] [INFO] app - GET /_nuxt/vendors.app.js - 0ms
[2018-10-31T11:02:57.837] [INFO] app - GET /_nuxt/app.js - 0ms
[2018-10-31T11:02:58.327] [INFO] app - GET /_nuxt/pages_admin_login.js - 0ms
[2018-10-31T11:02:58.357] [INFO] app - GET /_nuxt/iview.js.map - 0ms
[2018-10-31T11:02:58.385] [INFO] app - GET /__webpack_hmr - 0ms
[2018-10-31T11:03:14.083] [INFO] app - GET /_nuxt/aaaaf181df92bfb7b183.hot-update.json - 0ms
[2018-10-31T11:03:14.295] [INFO] app - GET /_nuxt/pages_admin_login.aaaaf181df92bfb7b183.hot-update.js - 0ms
[2018-10-31T11:03:24.667] [INFO] app - GET /_nuxt/6ba3c9452eeb9599a90f.hot-update.json - 0ms
[2018-10-31T11:03:24.691] [INFO] app - GET /_nuxt/pages_admin_login.6ba3c9452eeb9599a90f.hot-update.js - 0ms
[2018-10-31T11:03:25.851] [INFO] app - GET /admin/login - 0ms
[2018-10-31T11:03:25.938] [INFO] app - GET /_nuxt/runtime.js - 0ms
[2018-10-31T11:03:25.941] [INFO] app - GET /_nuxt/vendors.app.js - 0ms
[2018-10-31T11:03:25.946] [INFO] app - GET /_nuxt/app.js - 0ms
[2018-10-31T11:03:26.518] [INFO] app - GET /_nuxt/pages_admin_login.js - 0ms
[2018-10-31T11:03:26.555] [INFO] app - GET /__webpack_hmr - 0ms
[2018-10-31T11:03:26.568] [INFO] app - GET /_nuxt/iview.js.map - 0ms
[2018-10-31T11:03:59.212] [INFO] app - GET /_nuxt/1468e651a59c13ec63f8.hot-update.json - 0ms
[2018-10-31T11:03:59.235] [INFO] app - GET /_nuxt/pages_admin_login.1468e651a59c13ec63f8.hot-update.js - 0ms
[2018-10-31T11:03:59.581] [INFO] app - GET /admin/login - 0ms
[2018-10-31T11:03:59.735] [INFO] app - GET /_nuxt/runtime.js - 0ms
[2018-10-31T11:03:59.738] [INFO] app - GET /_nuxt/vendors.app.js - 0ms
[2018-10-31T11:03:59.743] [INFO] app - GET /_nuxt/app.js - 0ms
[2018-10-31T11:04:00.410] [INFO] app - GET /_nuxt/pages_admin_login.js - 0ms
[2018-10-31T11:04:00.448] [INFO] app - GET /_nuxt/iview.js.map - 0ms
[2018-10-31T11:04:00.460] [INFO] app - GET /__webpack_hmr - 0ms
[2018-10-31T11:04:17.922] [INFO] app - GET /_nuxt/821e8b30d3c80a6b3a22.hot-update.json - 0ms
[2018-10-31T11:04:17.944] [INFO] app - GET /_nuxt/pages_admin_login.821e8b30d3c80a6b3a22.hot-update.js - 0ms
[2018-10-31T11:04:25.281] [INFO] app - GET /_nuxt/f097bdcb4506105ee61c.hot-update.json - 0ms
[2018-10-31T11:04:26.363] [INFO] app - GET /_nuxt/pages_admin_login.f097bdcb4506105ee61c.hot-update.js - 0ms
[2018-10-31T11:04:26.530] [INFO] app - GET /_nuxt/2bb61e96ab761ad565e9.hot-update.json - 0ms
[2018-10-31T11:04:28.103] [INFO] app - GET /_nuxt/47919731eb25ef330c0a.hot-update.json - 0ms
[2018-10-31T11:04:33.380] [INFO] app - GET /admin/login - 0ms
[2018-10-31T11:04:33.479] [INFO] app - GET /_nuxt/runtime.js - 0ms
[2018-10-31T11:04:33.484] [INFO] app - GET /_nuxt/vendors.app.js - 0ms
[2018-10-31T11:04:33.510] [INFO] app - GET /_nuxt/app.js - 0ms
[2018-10-31T11:04:33.928] [INFO] app - GET /_nuxt/pages_admin_login.js - 0ms
[2018-10-31T11:04:33.958] [INFO] app - GET /_nuxt/iview.js.map - 0ms
[2018-10-31T11:04:33.970] [INFO] app - GET /__webpack_hmr - 0ms
[2018-10-31T11:04:36.242] [INFO] app - GET /_nuxt/node_modules/_iview@3.1.3@iview/dist/styles/fonts/ionicons.ttf - 0ms
[2018-10-31T11:04:48.884] [INFO] app - GET /_nuxt/ec825c9c6f18de46232c.hot-update.json - 0ms
[2018-10-31T11:04:48.911] [INFO] app - GET /_nuxt/pages_admin_login.ec825c9c6f18de46232c.hot-update.js - 0ms
[2018-10-31T11:06:59.987] [INFO] app - GET /_nuxt/e7ed7bc4558d7110f87f.hot-update.json - 0ms
[2018-10-31T11:06:59.995] [INFO] app - GET /_nuxt/pages_admin_login.e7ed7bc4558d7110f87f.hot-update.js - 0ms
[2018-10-31T11:07:00.001] [INFO] app - GET /_nuxt/ca291b448754bd3d5deb.hot-update.json - 0ms
[2018-10-31T11:07:00.010] [INFO] app - GET /_nuxt/pages_admin_login.ca291b448754bd3d5deb.hot-update.js - 0ms
[2018-10-31T11:07:02.788] [INFO] app - GET /_nuxt/c5f4453e1d8585dba27e.hot-update.json - 0ms
[2018-10-31T11:07:16.757] [INFO] app - GET /_nuxt/2805ab5ac2281e633084.hot-update.json - 0ms
[2018-10-31T11:07:16.768] [INFO] app - GET /_nuxt/pages_admin_login.2805ab5ac2281e633084.hot-update.js - 0ms
[2018-10-31T11:07:52.150] [INFO] app - GET /admin/login - 0ms
[2018-10-31T11:07:52.298] [INFO] app - GET /_nuxt/runtime.js - 0ms
[2018-10-31T11:07:52.303] [INFO] app - GET /_nuxt/vendors.app.js - 0ms
[2018-10-31T11:07:52.324] [INFO] app - GET /_nuxt/app.js - 0ms
[2018-10-31T11:07:52.715] [INFO] app - GET /_nuxt/pages_admin_login.js - 0ms
[2018-10-31T11:07:52.745] [INFO] app - GET /_nuxt/iview.js.map - 0ms
[2018-10-31T11:07:52.748] [INFO] app - GET /__webpack_hmr - 1ms
[2018-10-31T11:08:20.007] [INFO] app - GET /admin/login - 0ms
[2018-10-31T11:08:20.830] [INFO] app - GET /_nuxt/runtime.js - 0ms
[2018-10-31T11:08:20.890] [INFO] app - GET /_nuxt/vendors.app.js - 0ms
[2018-10-31T11:08:20.906] [INFO] app - GET /_nuxt/app.js - 0ms
[2018-10-31T11:08:21.473] [INFO] app - GET /_nuxt/pages_admin_login.js - 0ms
[2018-10-31T11:08:21.555] [INFO] app - GET /_nuxt/iview.js.map - 0ms
[2018-10-31T11:08:21.577] [INFO] app - GET /__webpack_hmr - 0ms
[2018-10-31T11:09:18.732] [INFO] app - GET /admin/login - 0ms
[2018-10-31T11:09:18.915] [INFO] app - GET /_nuxt/runtime.js - 0ms
[2018-10-31T11:09:18.919] [INFO] app - GET /_nuxt/vendors.app.js - 0ms
[2018-10-31T11:09:18.923] [INFO] app - GET /_nuxt/app.js - 0ms
[2018-10-31T11:09:19.544] [INFO] app - GET /_nuxt/pages_admin_login.js - 0ms
[2018-10-31T11:09:19.572] [INFO] app - GET /_nuxt/iview.js.map - 0ms
[2018-10-31T11:09:19.588] [INFO] app - GET /__webpack_hmr - 0ms
[2018-10-31T11:11:09.365] [INFO] app - GET /admin/login - 0ms
[2018-10-31T11:11:09.428] [INFO] app - GET /_nuxt/runtime.js - 1ms
[2018-10-31T11:11:09.432] [INFO] app - GET /_nuxt/vendors.app.js - 0ms
[2018-10-31T11:11:09.449] [INFO] app - GET /_nuxt/app.js - 0ms
[2018-10-31T11:11:09.875] [INFO] app - GET /_nuxt/pages_admin_login.js - 0ms
[2018-10-31T11:11:09.931] [INFO] app - GET /_nuxt/iview.js.map - 0ms
[2018-10-31T11:11:09.933] [INFO] app - GET /__webpack_hmr - 0ms
[2018-10-31T11:11:44.317] [INFO] app - GET /__webpack_hmr - 0ms
[2018-10-31T11:16:22.322] [INFO] app - GET /admin/login - 0ms
[2018-10-31T11:16:22.917] [INFO] app - GET /_nuxt/runtime.js - 0ms
[2018-10-31T11:16:22.924] [INFO] app - GET /_nuxt/vendors.app.js - 0ms
[2018-10-31T11:16:22.936] [INFO] app - GET /_nuxt/app.js - 0ms
[2018-10-31T11:16:23.050] [INFO] app - GET /__webpack_hmr - 0ms
[2018-10-31T11:17:31.736] [INFO] app - GET /__webpack_hmr - 1ms
[2018-10-31T11:17:31.766] [INFO] app - GET /_nuxt/e4d98ffd642dbf689fe3.hot-update.json - 0ms
[2018-10-31T11:17:32.130] [INFO] app - GET /admin/login - 0ms
[2018-10-31T11:17:32.223] [INFO] app - GET /_nuxt/runtime.js - 0ms
[2018-10-31T11:17:32.232] [INFO] app - GET /_nuxt/vendors.app.js - 0ms
[2018-10-31T11:17:32.242] [INFO] app - GET /_nuxt/app.js - 0ms
[2018-10-31T11:17:32.649] [INFO] app - GET /_nuxt/pages_admin_login.js - 0ms
[2018-10-31T11:17:32.679] [INFO] app - GET /_nuxt/iview.js.map - 0ms
[2018-10-31T11:17:32.690] [INFO] app - GET /__webpack_hmr - 0ms
[2018-10-31T11:17:35.235] [INFO] app - GET /admin/login - 0ms
[2018-10-31T11:17:35.297] [INFO] app - GET /_nuxt/runtime.js - 0ms
[2018-10-31T11:17:35.300] [INFO] app - GET /_nuxt/vendors.app.js - 0ms
[2018-10-31T11:17:35.305] [INFO] app - GET /_nuxt/app.js - 0ms
[2018-10-31T11:17:35.705] [INFO] app - GET /_nuxt/pages_admin_login.js - 0ms
[2018-10-31T11:17:35.753] [INFO] app - GET /_nuxt/iview.js.map - 0ms
[2018-10-31T11:17:35.763] [INFO] app - GET /__webpack_hmr - 0ms
[2018-10-31T11:17:36.526] [INFO] app - GET /_nuxt/node_modules/_iview@3.1.3@iview/dist/styles/fonts/ionicons.ttf - 0ms
[2018-10-31T11:18:58.716] [INFO] app - GET /admin/login - 0ms
[2018-10-31T11:18:58.817] [INFO] app - GET /_nuxt/runtime.js - 0ms
[2018-10-31T11:18:58.824] [INFO] app - GET /_nuxt/vendors.app.js - 0ms
[2018-10-31T11:18:58.834] [INFO] app - GET /_nuxt/app.js - 0ms
[2018-10-31T11:18:59.227] [INFO] app - GET /_nuxt/pages_admin_login.js - 0ms
[2018-10-31T11:18:59.259] [INFO] app - GET /_nuxt/iview.js.map - 0ms
[2018-10-31T11:18:59.271] [INFO] app - GET /__webpack_hmr - 0ms
[2018-10-31T11:19:07.550] [INFO] app - GET /_nuxt/80d4d541e86dadc4c567.hot-update.json - 0ms
[2018-10-31T11:19:13.004] [INFO] app - GET /_nuxt/c5c86af24ef1e6494e42.hot-update.json - 0ms
[2018-10-31T11:19:19.863] [INFO] app - GET /_nuxt/node_modules/_iview@3.1.3@iview/dist/styles/fonts/ionicons.ttf - 0ms
[2018-10-31T11:31:30.516] [INFO] app - GET /_nuxt/7e7299f6153b608ba14b.hot-update.json - 0ms
[2018-10-31T11:31:30.522] [INFO] app - GET /_nuxt/app.7e7299f6153b608ba14b.hot-update.js - 0ms
[2018-10-31T11:31:30.557] [INFO] app - GET /_nuxt/2495eb5278b7e434bf3a.hot-update.json - 0ms
[2018-10-31T11:31:44.227] [INFO] app - GET /admin/login - 0ms
[2018-10-31T11:31:44.349] [INFO] app - GET /_nuxt/runtime.js - 0ms
[2018-10-31T11:31:44.355] [INFO] app - GET /_nuxt/vendors.app.js - 0ms
[2018-10-31T11:31:44.365] [INFO] app - GET /_nuxt/app.js - 0ms
[2018-10-31T11:31:44.809] [INFO] app - GET /_nuxt/pages_admin_login.js - 0ms
[2018-10-31T11:31:44.856] [INFO] app - GET /_nuxt/iview.js.map - 0ms
[2018-10-31T11:31:44.860] [INFO] app - GET /__webpack_hmr - 0ms
[2018-10-31T11:32:34.102] [INFO] app - GET /_nuxt/41538555aeb891f9a5f4.hot-update.json - 0ms
[2018-10-31T11:32:34.108] [INFO] app - GET /_nuxt/app.41538555aeb891f9a5f4.hot-update.js - 0ms
[2018-10-31T11:37:57.525] [INFO] app - GET /_nuxt/971e4b223acc5f0d4491.hot-update.json - 0ms
[2018-10-31T11:37:57.530] [INFO] app - GET /_nuxt/pages_admin_login.971e4b223acc5f0d4491.hot-update.js - 0ms
[2018-10-31T11:38:04.295] [INFO] app - GET /admin/login - 0ms
[2018-10-31T11:38:04.460] [INFO] app - GET /_nuxt/runtime.js - 0ms
[2018-10-31T11:38:04.464] [INFO] app - GET /_nuxt/vendors.app.js - 0ms
[2018-10-31T11:38:04.472] [INFO] app - GET /_nuxt/app.js - 0ms
[2018-10-31T11:38:05.056] [INFO] app - GET /_nuxt/pages_admin_login.js - 0ms
[2018-10-31T11:38:05.090] [INFO] app - GET /_nuxt/iview.js.map - 0ms
[2018-10-31T11:38:05.106] [INFO] app - GET /__webpack_hmr - 0ms
[2018-10-31T11:44:38.710] [INFO] app - GET /__webpack_hmr - 0ms
[2018-10-31T11:44:55.818] [INFO] app - GET /admin/login - 0ms
[2018-10-31T11:44:56.213] [INFO] app - GET /_nuxt/runtime.js - 0ms
[2018-10-31T11:44:56.218] [INFO] app - GET /_nuxt/vendors.app.js - 0ms
[2018-10-31T11:44:56.224] [INFO] app - GET /_nuxt/app.js - 0ms
[2018-10-31T11:44:56.702] [INFO] app - GET /_nuxt/pages_admin_login.js - 0ms
[2018-10-31T11:44:56.750] [INFO] app - GET /_nuxt/iview.js.map - 0ms
[2018-10-31T11:44:56.753] [INFO] app - GET /__webpack_hmr - 0ms
[2018-10-31T11:45:16.893] [INFO] app - GET /_nuxt/bf15a6887e50328f205b.hot-update.json - 0ms
[2018-10-31T11:45:16.907] [INFO] app - GET /_nuxt/pages_admin_login.bf15a6887e50328f205b.hot-update.js - 0ms
[2018-10-31T11:45:19.487] [INFO] app - GET /admin/login - 0ms
[2018-10-31T11:45:19.561] [INFO] app - GET /_nuxt/runtime.js - 0ms
[2018-10-31T11:45:19.564] [INFO] app - GET /_nuxt/vendors.app.js - 0ms
[2018-10-31T11:45:19.584] [INFO] app - GET /_nuxt/app.js - 0ms
[2018-10-31T11:45:20.320] [INFO] app - GET /_nuxt/pages_admin_login.js - 0ms
[2018-10-31T11:45:20.329] [INFO] app - GET /_nuxt/iview.js.map - 0ms
[2018-10-31T11:45:20.331] [INFO] app - GET /__webpack_hmr - 0ms
[2018-10-31T11:45:47.300] [INFO] app - GET /_nuxt/aa2d8ee0e833949f86a9.hot-update.json - 0ms
[2018-10-31T11:45:47.312] [INFO] app - GET /_nuxt/pages_admin_login.aa2d8ee0e833949f86a9.hot-update.js - 0ms
[2018-10-31T11:45:47.331] [INFO] app - GET /_nuxt/08f6b53e7dcd25c920f3.hot-update.json - 0ms
[2018-10-31T11:45:58.632] [INFO] app - GET /_nuxt/eeb1442cc57565818f46.hot-update.json - 0ms
[2018-10-31T11:45:58.734] [INFO] app - GET /_nuxt/pages_admin_login.eeb1442cc57565818f46.hot-update.js - 0ms
[2018-10-31T11:46:01.994] [INFO] app - GET /_nuxt/a851df6785d8969686df.hot-update.json - 0ms
[2018-10-31T11:50:19.960] [INFO] app - GET /admin/login - 1ms
[2018-10-31T11:50:20.113] [INFO] app - GET /_nuxt/runtime.js - 0ms
[2018-10-31T11:50:20.117] [INFO] app - GET /_nuxt/vendors.app.js - 0ms
[2018-10-31T11:50:20.122] [INFO] app - GET /_nuxt/app.js - 0ms
[2018-10-31T11:50:20.527] [INFO] app - GET /_nuxt/pages_admin_login.js - 0ms
[2018-10-31T11:50:20.559] [INFO] app - GET /_nuxt/iview.js.map - 0ms
[2018-10-31T11:50:20.575] [INFO] app - GET /__webpack_hmr - 0ms
[2018-10-31T11:51:23.878] [INFO] app - GET /admin/login - 0ms
[2018-10-31T11:51:23.950] [INFO] app - GET /_nuxt/runtime.js - 0ms
[2018-10-31T11:51:23.954] [INFO] app - GET /_nuxt/vendors.app.js - 1ms
[2018-10-31T11:51:23.976] [INFO] app - GET /_nuxt/app.js - 0ms
[2018-10-31T11:51:24.486] [INFO] app - GET /_nuxt/pages_admin_login.js - 0ms
[2018-10-31T11:51:24.520] [INFO] app - GET /_nuxt/iview.js.map - 0ms
[2018-10-31T11:51:24.536] [INFO] app - GET /__webpack_hmr - 0ms
[2018-10-31T11:53:15.986] [INFO] app - GET /admin/login - 0ms
[2018-10-31T11:53:16.340] [INFO] app - GET /_nuxt/runtime.js - 0ms
[2018-10-31T11:53:16.356] [INFO] app - GET /_nuxt/vendors.app.js - 0ms
[2018-10-31T11:53:16.372] [INFO] app - GET /_nuxt/app.js - 0ms
[2018-10-31T11:53:16.935] [INFO] app - GET /_nuxt/pages_admin_login.js - 0ms
[2018-10-31T11:53:16.966] [INFO] app - GET /_nuxt/iview.js.map - 0ms
[2018-10-31T11:53:16.980] [INFO] app - GET /__webpack_hmr - 0ms
[2018-10-31T11:53:37.951] [INFO] app - GET /_nuxt/d6dcfe6a60878f1f9b70.hot-update.json - 0ms
[2018-10-31T11:53:37.956] [INFO] app - GET /_nuxt/app.d6dcfe6a60878f1f9b70.hot-update.js - 0ms
[2018-10-31T11:53:44.365] [INFO] app - GET /_nuxt/c7d18753217e8541e0fd.hot-update.json - 0ms
[2018-10-31T11:53:44.369] [INFO] app - GET /_nuxt/app.c7d18753217e8541e0fd.hot-update.js - 0ms
[2018-10-31T11:53:53.016] [INFO] app - GET /_nuxt/44021d8e8be4d2a18271.hot-update.json - 0ms
[2018-10-31T11:53:53.020] [INFO] app - GET /_nuxt/app.44021d8e8be4d2a18271.hot-update.js - 0ms
[2018-10-31T11:54:04.511] [INFO] app - GET /admin/login - 0ms
[2018-10-31T11:54:04.629] [INFO] app - GET /_nuxt/runtime.js - 0ms
[2018-10-31T11:54:04.637] [INFO] app - GET /_nuxt/vendors.app.js - 0ms
[2018-10-31T11:54:04.657] [INFO] app - GET /_nuxt/app.js - 0ms
[2018-10-31T11:54:04.665] [INFO] app - GET /_nuxt/app.44021d8e8be4d2a18271.hot-update.js - 0ms
[2018-10-31T11:54:05.082] [INFO] app - GET /_nuxt/pages_admin_login.js - 0ms
[2018-10-31T11:54:05.112] [INFO] app - GET /_nuxt/iview.js.map - 0ms
[2018-10-31T11:54:05.125] [INFO] app - GET /__webpack_hmr - 0ms
[2018-10-31T11:55:31.356] [INFO] app - GET /_nuxt/ea8a21b616a5e69522bb.hot-update.json - 0ms
[2018-10-31T11:55:31.504] [INFO] app - GET /_nuxt/pages_admin_login.ea8a21b616a5e69522bb.hot-update.js - 0ms
[2018-10-31T11:55:31.550] [INFO] app - GET /_nuxt/37c7511677b95ae8c28f.hot-update.json - 0ms
[2018-10-31T11:55:31.564] [INFO] app - GET /_nuxt/pages_admin_login.37c7511677b95ae8c28f.hot-update.js - 0ms
[2018-10-31T11:55:31.570] [INFO] app - GET /_nuxt/9ca21dad199d8e975a1c.hot-update.json - 0ms
[2018-10-31T11:55:31.576] [INFO] app - GET /_nuxt/069a772db316738da851.hot-update.json - 0ms
[2018-10-31T11:55:45.426] [INFO] app - GET /_nuxt/422a170d24ff565625da.hot-update.json - 0ms
[2018-10-31T11:55:45.438] [INFO] app - GET /_nuxt/648849104f28a3fa2209.hot-update.json - 0ms
[2018-10-31T11:56:18.504] [INFO] app - GET /admin/login - 0ms
[2018-10-31T11:56:19.032] [INFO] app - GET /_nuxt/runtime.js - 0ms
[2018-10-31T11:56:19.066] [INFO] app - GET /_nuxt/vendors.app.js - 0ms
[2018-10-31T11:56:19.082] [INFO] app - GET /_nuxt/app.js - 0ms
[2018-10-31T11:56:19.746] [INFO] app - GET /_nuxt/pages_admin_login.js - 0ms
[2018-10-31T11:56:19.789] [INFO] app - GET /_nuxt/iview.js.map - 0ms
[2018-10-31T11:56:19.951] [INFO] app - GET /__webpack_hmr - 0ms
[2018-10-31T11:56:30.405] [INFO] app - GET /_nuxt/2a7e3e1009e32bee096a.hot-update.json - 0ms
[2018-10-31T11:56:30.664] [INFO] app - GET /_nuxt/pages_admin_login.2a7e3e1009e32bee096a.hot-update.js - 0ms
[2018-10-31T11:56:32.288] [INFO] app - GET /_nuxt/01e0e3a34fef649f32eb.hot-update.json - 0ms
[2018-10-31T11:56:45.102] [INFO] app - GET /_nuxt/a1d06029a5f8b3064b4f.hot-update.json - 1ms
[2018-10-31T11:56:45.110] [INFO] app - GET /_nuxt/app.a1d06029a5f8b3064b4f.hot-update.js - 0ms
[2018-10-31T11:56:45.913] [INFO] app - GET /admin/login - 0ms
[2018-10-31T11:56:46.187] [INFO] app - GET /_nuxt/runtime.js - 0ms
[2018-10-31T11:56:46.232] [INFO] app - GET /_nuxt/vendors.app.js - 0ms
[2018-10-31T11:56:46.256] [INFO] app - GET /_nuxt/app.js - 0ms
[2018-10-31T11:56:46.269] [INFO] app - GET /_nuxt/app.a1d06029a5f8b3064b4f.hot-update.js - 0ms
[2018-10-31T11:56:46.957] [INFO] app - GET /_nuxt/pages_admin_login.js - 0ms
[2018-10-31T11:56:46.985] [INFO] app - GET /_nuxt/iview.js.map - 0ms
[2018-10-31T11:56:46.993] [INFO] app - GET /__webpack_hmr - 0ms
[2018-10-31T11:57:06.748] [INFO] app - GET /_nuxt/350fa7911daa49b4d54f.hot-update.json - 0ms
[2018-10-31T11:57:06.780] [INFO] app - GET /_nuxt/app.350fa7911daa49b4d54f.hot-update.js - 0ms
[2018-10-31T11:57:25.911] [INFO] app - GET /_nuxt/cf475ae086567f5fc276.hot-update.json - 0ms
[2018-10-31T11:57:37.619] [INFO] app - GET /_nuxt/a5ff29b64cf9cbe99139.hot-update.json - 0ms
[2018-10-31T11:57:37.623] [INFO] app - GET /_nuxt/pages_admin_login.a5ff29b64cf9cbe99139.hot-update.js - 0ms
[2018-10-31T11:57:39.728] [INFO] app - GET /_nuxt/de35464bf6ab1a2a3aff.hot-update.json - 0ms
[2018-10-31T11:57:45.753] [INFO] app - GET /_nuxt/9aa7eb0dad646f2ff0da.hot-update.json - 0ms
[2018-10-31T11:57:45.758] [INFO] app - GET /_nuxt/pages_admin_login.9aa7eb0dad646f2ff0da.hot-update.js - 0ms
[2018-10-31T11:57:49.238] [INFO] app - GET /_nuxt/9706a1eab3a7b2fe5d12.hot-update.json - 0ms
[2018-10-31T11:58:02.852] [INFO] app - GET /_nuxt/a7c9349b3e20300e24d1.hot-update.json - 0ms
[2018-10-31T11:58:02.859] [INFO] app - GET /_nuxt/app.a7c9349b3e20300e24d1.hot-update.js - 0ms
[2018-10-31T11:58:05.336] [INFO] app - GET /admin/login - 0ms
[2018-10-31T11:58:05.466] [INFO] app - GET /_nuxt/runtime.js - 0ms
[2018-10-31T11:58:05.470] [INFO] app - GET /_nuxt/vendors.app.js - 0ms
[2018-10-31T11:58:05.491] [INFO] app - GET /_nuxt/app.js - 0ms
[2018-10-31T11:58:05.510] [INFO] app - GET /_nuxt/app.a7c9349b3e20300e24d1.hot-update.js - 0ms
[2018-10-31T11:58:05.953] [INFO] app - GET /_nuxt/pages_admin_login.js - 0ms
[2018-10-31T11:58:05.984] [INFO] app - GET /_nuxt/iview.js.map - 0ms
[2018-10-31T11:58:05.995] [INFO] app - GET /__webpack_hmr - 0ms
[2018-10-31T11:58:42.170] [INFO] app - GET /_nuxt/dc08282cc1a421a626fc.hot-update.json - 0ms
[2018-10-31T11:58:42.181] [INFO] app - GET /_nuxt/app.dc08282cc1a421a626fc.hot-update.js - 0ms
[2018-10-31T11:58:48.523] [INFO] app - GET /_nuxt/b3485d76372d0432e081.hot-update.json - 0ms
[2018-10-31T11:58:48.531] [INFO] app - GET /_nuxt/app.b3485d76372d0432e081.hot-update.js - 0ms
[2018-10-31T11:58:55.932] [INFO] app - GET /_nuxt/a513cd49d0ac05d2c7b1.hot-update.json - 0ms
[2018-10-31T11:58:55.938] [INFO] app - GET /_nuxt/app.a513cd49d0ac05d2c7b1.hot-update.js - 0ms
[2018-10-31T11:58:55.951] [INFO] app - GET /_nuxt/9179e205c19b5cd92564.hot-update.json - 0ms
[2018-10-31T11:58:55.984] [INFO] app - GET /_nuxt/app.9179e205c19b5cd92564.hot-update.js - 0ms
[2018-10-31T11:58:58.601] [INFO] app - GET /admin/login - 0ms
[2018-10-31T11:58:58.718] [INFO] app - GET /_nuxt/runtime.js - 0ms
[2018-10-31T11:58:58.724] [INFO] app - GET /_nuxt/vendors.app.js - 0ms
[2018-10-31T11:58:58.746] [INFO] app - GET /_nuxt/app.js - 0ms
[2018-10-31T11:58:58.766] [INFO] app - GET /_nuxt/app.9179e205c19b5cd92564.hot-update.js - 0ms
[2018-10-31T11:58:59.292] [INFO] app - GET /_nuxt/pages_admin_login.js - 0ms
[2018-10-31T11:58:59.345] [INFO] app - GET /_nuxt/iview.js.map - 0ms
[2018-10-31T11:58:59.363] [INFO] app - GET /__webpack_hmr - 0ms
[2018-10-31T11:59:18.454] [INFO] app - GET /_nuxt/3af1ada8958f10006302.hot-update.json - 0ms
[2018-10-31T11:59:18.458] [INFO] app - GET /_nuxt/app.3af1ada8958f10006302.hot-update.js - 0ms
[2018-10-31T11:59:20.055] [INFO] app - GET /admin/login - 0ms
[2018-10-31T11:59:20.197] [INFO] app - GET /_nuxt/runtime.js - 0ms
[2018-10-31T11:59:20.258] [INFO] app - GET /_nuxt/vendors.app.js - 0ms
[2018-10-31T11:59:20.268] [INFO] app - GET /_nuxt/app.js - 0ms
[2018-10-31T11:59:20.313] [INFO] app - GET /_nuxt/app.3af1ada8958f10006302.hot-update.js - 0ms
[2018-10-31T11:59:20.703] [INFO] app - GET /_nuxt/pages_admin_login.js - 0ms
[2018-10-31T11:59:20.738] [INFO] app - GET /_nuxt/iview.js.map - 0ms
[2018-10-31T11:59:20.768] [INFO] app - GET /__webpack_hmr - 0ms
[2018-10-31T11:59:24.937] [INFO] app - GET /_nuxt/node_modules/_iview@3.1.3@iview/dist/styles/fonts/ionicons.ttf - 0ms
[2018-10-31T13:28:34.189] [INFO] app - GET /admin/login - 0ms
[2018-10-31T13:28:34.285] [INFO] app - GET /_nuxt/runtime.js - 0ms
[2018-10-31T13:28:34.289] [INFO] app - GET /_nuxt/vendors.app.js - 0ms
[2018-10-31T13:28:34.319] [INFO] app - GET /_nuxt/app.js - 1ms
[2018-10-31T13:28:34.336] [INFO] app - GET /_nuxt/app.3af1ada8958f10006302.hot-update.js - 0ms
[2018-10-31T13:28:34.904] [INFO] app - GET /_nuxt/pages_admin_login.js - 0ms
[2018-10-31T13:28:35.156] [INFO] app - GET /_nuxt/iview.js.map - 0ms
[2018-10-31T13:28:35.159] [INFO] app - GET /__webpack_hmr - 0ms
[2018-10-31T13:28:43.615] [INFO] app - GET /_nuxt/85a6570e34d4c4c7927b.hot-update.json - 0ms
[2018-10-31T13:28:43.629] [INFO] app - GET /_nuxt/app.85a6570e34d4c4c7927b.hot-update.js - 0ms
[2018-10-31T13:28:43.841] [INFO] app - GET /admin/login - 0ms
[2018-10-31T13:28:43.984] [INFO] app - GET /_nuxt/runtime.js - 0ms
[2018-10-31T13:28:43.996] [INFO] app - GET /_nuxt/vendors.app.js - 0ms
[2018-10-31T13:28:44.011] [INFO] app - GET /_nuxt/app.js - 0ms
[2018-10-31T13:28:44.026] [INFO] app - GET /_nuxt/app.85a6570e34d4c4c7927b.hot-update.js - 0ms
[2018-10-31T13:28:44.543] [INFO] app - GET /_nuxt/pages_admin_login.js - 0ms
[2018-10-31T13:28:44.587] [INFO] app - GET /_nuxt/iview.js.map - 0ms
[2018-10-31T13:28:44.600] [INFO] app - GET /__webpack_hmr - 0ms
[2018-10-31T13:29:42.573] [INFO] app - GET /_nuxt/84c2e1582ec34a93df27.hot-update.json - 0ms
[2018-10-31T13:29:42.580] [INFO] app - GET /_nuxt/pages_admin_login.84c2e1582ec34a93df27.hot-update.js - 0ms
[2018-10-31T13:29:42.595] [INFO] app - GET /_nuxt/6def876aac9b61bb2d52.hot-update.json - 0ms
[2018-10-31T13:29:42.613] [INFO] app - GET /_nuxt/pages_admin_login.6def876aac9b61bb2d52.hot-update.js - 0ms
[2018-10-31T13:29:42.742] [INFO] app - GET /_nuxt/a66eb9529162ec41262f.hot-update.json - 0ms
[2018-10-31T13:29:42.804] [INFO] app - GET /_nuxt/pages_admin_login.a66eb9529162ec41262f.hot-update.js - 0ms
[2018-10-31T13:29:42.873] [INFO] app - GET /_nuxt/438336a8a92575bac0d5.hot-update.json - 0ms
[2018-10-31T13:31:33.308] [INFO] app - GET /_nuxt/aab77a6576783f8599ef.hot-update.json - 0ms
[2018-10-31T13:31:33.311] [INFO] app - GET /_nuxt/app.aab77a6576783f8599ef.hot-update.js - 0ms
[2018-10-31T13:31:35.839] [INFO] app - GET /_nuxt/e62fbe25f1f761d2b743.hot-update.json - 0ms
[2018-10-31T13:31:35.844] [INFO] app - GET /_nuxt/app.e62fbe25f1f761d2b743.hot-update.js - 0ms
[2018-10-31T13:31:38.610] [INFO] app - GET /admin/login - 0ms
[2018-10-31T13:31:38.788] [INFO] app - GET /_nuxt/runtime.js - 0ms
[2018-10-31T13:31:38.808] [INFO] app - GET /_nuxt/vendors.app.js - 0ms
[2018-10-31T13:31:38.813] [INFO] app - GET /_nuxt/app.js - 0ms
[2018-10-31T13:31:38.827] [INFO] app - GET /_nuxt/app.e62fbe25f1f761d2b743.hot-update.js - 0ms
[2018-10-31T13:31:39.288] [INFO] app - GET /_nuxt/pages_admin_login.js - 0ms
[2018-10-31T13:31:39.318] [INFO] app - GET /_nuxt/iview.js.map - 0ms
[2018-10-31T13:31:39.330] [INFO] app - GET /__webpack_hmr - 0ms
[2018-10-31T13:31:50.267] [INFO] app - GET /_nuxt/d98680a5462bdfb772c1.hot-update.json - 0ms
[2018-10-31T13:31:50.280] [INFO] app - GET /_nuxt/app.d98680a5462bdfb772c1.hot-update.js - 0ms
[2018-10-31T13:31:53.473] [INFO] app - GET /_nuxt/99dd678cce89bee46af8.hot-update.json - 0ms
[2018-10-31T13:31:53.869] [INFO] app - GET /_nuxt/app.99dd678cce89bee46af8.hot-update.js - 0ms
[2018-10-31T13:31:53.873] [INFO] app - GET /admin/login - 0ms
[2018-10-31T13:31:54.439] [INFO] app - GET /_nuxt/runtime.js - 0ms
[2018-10-31T13:31:54.440] [INFO] app - GET /_nuxt/vendors.app.js - 0ms
[2018-10-31T13:31:54.517] [INFO] app - GET /_nuxt/app.js - 0ms
[2018-10-31T13:31:54.553] [INFO] app - GET /_nuxt/app.99dd678cce89bee46af8.hot-update.js - 0ms
[2018-10-31T13:31:54.870] [INFO] app - GET /_nuxt/pages_admin_login.js - 0ms
[2018-10-31T13:31:54.909] [INFO] app - GET /_nuxt/iview.js.map - 0ms
[2018-10-31T13:31:54.946] [INFO] app - GET /__webpack_hmr - 0ms
[2018-10-31T13:32:29.199] [INFO] app - GET /_nuxt/9d93a6afb0ffbb129635.hot-update.json - 1ms
[2018-10-31T13:32:29.257] [INFO] app - GET /_nuxt/app.9d93a6afb0ffbb129635.hot-update.js - 0ms
[2018-10-31T13:32:30.390] [INFO] app - GET /_nuxt/df137d86f18329ebb2ff.hot-update.json - 0ms
[2018-10-31T13:32:31.163] [INFO] app - GET /admin/login - 0ms
[2018-10-31T13:32:31.310] [INFO] app - GET /_nuxt/runtime.js - 0ms
[2018-10-31T13:32:31.330] [INFO] app - GET /_nuxt/vendors.app.js - 0ms
[2018-10-31T13:32:31.338] [INFO] app - GET /_nuxt/app.js - 0ms
[2018-10-31T13:32:31.858] [INFO] app - GET /_nuxt/pages_admin_login.js - 0ms
[2018-10-31T13:32:31.893] [INFO] app - GET /_nuxt/iview.js.map - 0ms
[2018-10-31T13:32:31.907] [INFO] app - GET /__webpack_hmr - 0ms
[2018-10-31T13:32:40.160] [INFO] app - GET /_nuxt/eb091969aa3bd4f5eb6c.hot-update.json - 0ms
[2018-10-31T13:32:40.168] [INFO] app - GET /_nuxt/app.eb091969aa3bd4f5eb6c.hot-update.js - 0ms
[2018-10-31T13:32:41.082] [INFO] app - GET /admin/login - 0ms
[2018-10-31T13:32:41.219] [INFO] app - GET /_nuxt/runtime.js - 0ms
[2018-10-31T13:32:41.230] [INFO] app - GET /_nuxt/vendors.app.js - 0ms
[2018-10-31T13:32:41.255] [INFO] app - GET /_nuxt/app.js - 0ms
[2018-10-31T13:32:41.268] [INFO] app - GET /_nuxt/app.eb091969aa3bd4f5eb6c.hot-update.js - 0ms
[2018-10-31T13:32:41.677] [INFO] app - GET /_nuxt/pages_admin_login.js - 0ms
[2018-10-31T13:32:41.715] [INFO] app - GET /_nuxt/iview.js.map - 0ms
[2018-10-31T13:32:41.727] [INFO] app - GET /__webpack_hmr - 0ms
[2018-10-31T13:33:00.054] [INFO] app - GET /_nuxt/d97e70c8e3867752c386.hot-update.json - 0ms
[2018-10-31T13:33:00.058] [INFO] app - GET /_nuxt/app.d97e70c8e3867752c386.hot-update.js - 0ms
[2018-10-31T13:33:03.207] [INFO] app - GET /_nuxt/a008634a6537ab1b0a16.hot-update.json - 0ms
[2018-10-31T13:33:03.224] [INFO] app - GET /_nuxt/app.a008634a6537ab1b0a16.hot-update.js - 0ms
[2018-10-31T13:33:18.028] [INFO] app - GET /_nuxt/8f250ca42ad203735a11.hot-update.json - 0ms
[2018-10-31T13:33:18.033] [INFO] app - GET /_nuxt/app.8f250ca42ad203735a11.hot-update.js - 0ms
[2018-10-31T13:33:20.899] [INFO] app - GET /_nuxt/f6276551ba3e98ac0f3c.hot-update.json - 0ms
[2018-10-31T13:33:20.910] [INFO] app - GET /_nuxt/app.f6276551ba3e98ac0f3c.hot-update.js - 0ms
[2018-10-31T13:33:26.887] [INFO] app - GET /_nuxt/a86370710284717bd4fd.hot-update.json - 0ms
[2018-10-31T13:33:26.904] [INFO] app - GET /_nuxt/app.a86370710284717bd4fd.hot-update.js - 0ms
[2018-10-31T13:45:20.198] [INFO] app - GET /_nuxt/fec9dfd01e736d1eae7a.hot-update.json - 0ms
[2018-10-31T13:45:20.203] [INFO] app - GET /_nuxt/app.fec9dfd01e736d1eae7a.hot-update.js - 0ms
[2018-10-31T13:45:21.101] [INFO] app - GET /admin/login - 0ms
[2018-10-31T13:45:22.070] [INFO] app - GET /_nuxt/runtime.js - 0ms
[2018-10-31T13:45:22.090] [INFO] app - GET /_nuxt/vendors.app.js - 0ms
[2018-10-31T13:45:22.094] [INFO] app - GET /_nuxt/app.js - 0ms
[2018-10-31T13:45:22.107] [INFO] app - GET /_nuxt/app.fec9dfd01e736d1eae7a.hot-update.js - 0ms
[2018-10-31T13:45:22.426] [INFO] app - GET /_nuxt/pages_admin_login.js - 0ms
[2018-10-31T13:45:22.459] [INFO] app - GET /_nuxt/iview.js.map - 0ms
[2018-10-31T13:45:22.519] [INFO] app - GET /__webpack_hmr - 0ms
[2018-10-31T13:45:56.269] [INFO] app - GET /_nuxt/68c85bb3be9a84b79c83.hot-update.json - 0ms
[2018-10-31T13:46:15.007] [INFO] app - GET /_nuxt/e0dc5a971c1056965c52.hot-update.json - 0ms
[2018-10-31T13:46:15.021] [INFO] app - GET /_nuxt/app.e0dc5a971c1056965c52.hot-update.js - 0ms
[2018-10-31T13:46:17.448] [INFO] app - GET /admin/login - 0ms
[2018-10-31T13:46:17.592] [INFO] app - GET /_nuxt/runtime.js - 0ms
[2018-10-31T13:46:17.601] [INFO] app - GET /_nuxt/vendors.app.js - 0ms
[2018-10-31T13:46:17.630] [INFO] app - GET /_nuxt/app.js - 0ms
[2018-10-31T13:46:17.642] [INFO] app - GET /_nuxt/app.e0dc5a971c1056965c52.hot-update.js - 0ms
[2018-10-31T13:46:18.140] [INFO] app - GET /_nuxt/pages_admin_login.js - 0ms
[2018-10-31T13:46:18.173] [INFO] app - GET /_nuxt/iview.js.map - 0ms
[2018-10-31T13:46:18.186] [INFO] app - GET /__webpack_hmr - 0ms
[2018-10-31T13:46:57.438] [INFO] app - GET /admin/login - 0ms
[2018-10-31T13:46:57.440] [INFO] app - GET /_nuxt/35fb7a0efb96b090d227.hot-update.json - 0ms
[2018-10-31T13:46:58.140] [INFO] app - GET /_nuxt/app.35fb7a0efb96b090d227.hot-update.js - 0ms
[2018-10-31T13:46:58.216] [INFO] app - GET /_nuxt/runtime.js - 0ms
[2018-10-31T13:46:58.217] [INFO] app - GET /_nuxt/vendors.app.js - 0ms
[2018-10-31T13:46:58.218] [INFO] app - GET /_nuxt/app.js - 0ms
[2018-10-31T13:46:58.219] [INFO] app - GET /_nuxt/app.35fb7a0efb96b090d227.hot-update.js - 0ms
[2018-10-31T13:46:58.795] [INFO] app - GET /_nuxt/pages_admin_login.js - 0ms
[2018-10-31T13:46:58.827] [INFO] app - GET /_nuxt/iview.js.map - 0ms
[2018-10-31T13:46:58.851] [INFO] app - GET /__webpack_hmr - 0ms
[2018-10-31T13:47:24.183] [INFO] app - GET /admin/login - 1ms
[2018-10-31T13:47:24.184] [INFO] app - GET /_nuxt/e9bb61472e3c3f55d91c.hot-update.json - 0ms
[2018-10-31T13:47:24.272] [INFO] app - GET /_nuxt/pages_admin_login.e9bb61472e3c3f55d91c.hot-update.js - 0ms
[2018-10-31T13:47:24.720] [INFO] app - GET /_nuxt/runtime.js - 0ms
[2018-10-31T13:47:24.858] [INFO] app - GET /_nuxt/vendors.app.js - 0ms
[2018-10-31T13:47:24.859] [INFO] app - GET /_nuxt/app.js - 0ms
[2018-10-31T13:47:25.393] [INFO] app - GET /_nuxt/pages_admin_login.js - 0ms
[2018-10-31T13:47:25.429] [INFO] app - GET /_nuxt/iview.js.map - 0ms
[2018-10-31T13:47:25.451] [INFO] app - GET /__webpack_hmr - 0ms
[2018-10-31T13:47:58.798] [INFO] app - GET /_nuxt/4d6266eacc4f85f0b9d5.hot-update.json - 0ms
[2018-10-31T13:47:58.817] [INFO] app - GET /_nuxt/app.4d6266eacc4f85f0b9d5.hot-update.js - 0ms
[2018-10-31T13:47:58.943] [INFO] app - GET /admin/login - 0ms
[2018-10-31T13:47:59.102] [INFO] app - GET /_nuxt/runtime.js - 0ms
[2018-10-31T13:47:59.106] [INFO] app - GET /_nuxt/vendors.app.js - 0ms
[2018-10-31T13:47:59.115] [INFO] app - GET /_nuxt/app.js - 0ms
[2018-10-31T13:47:59.126] [INFO] app - GET /_nuxt/app.4d6266eacc4f85f0b9d5.hot-update.js - 0ms
[2018-10-31T13:47:59.696] [INFO] app - GET /_nuxt/pages_admin_login.js - 0ms
[2018-10-31T13:47:59.730] [INFO] app - GET /_nuxt/iview.js.map - 0ms
[2018-10-31T13:47:59.745] [INFO] app - GET /__webpack_hmr - 0ms
[2018-10-31T13:48:24.302] [INFO] app - GET /_nuxt/a41b20749c1d8c76dea9.hot-update.json - 0ms
[2018-10-31T13:48:24.313] [INFO] app - GET /_nuxt/app.a41b20749c1d8c76dea9.hot-update.js - 0ms
[2018-10-31T13:48:40.579] [INFO] app - GET /_nuxt/eb60a4c4710e6c10f8c5.hot-update.json - 0ms
[2018-10-31T13:48:40.583] [INFO] app - GET /_nuxt/app.eb60a4c4710e6c10f8c5.hot-update.js - 0ms
[2018-10-31T13:48:40.585] [INFO] app - GET /_nuxt/dce10308985d460f7125.hot-update.json - 0ms
[2018-10-31T13:48:40.585] [INFO] app - GET /_nuxt/app.dce10308985d460f7125.hot-update.js - 0ms
[2018-10-31T13:48:44.441] [INFO] app - GET /_nuxt/601eae709a77c5a9b017.hot-update.json - 0ms
[2018-10-31T13:48:44.455] [INFO] app - GET /_nuxt/app.601eae709a77c5a9b017.hot-update.js - 0ms
[2018-10-31T13:48:47.490] [INFO] app - GET /_nuxt/node_modules/_iview@3.1.3@iview/dist/styles/fonts/ionicons.ttf - 0ms
[2018-10-31T13:49:04.302] [INFO] app - GET /admin/login - 0ms
[2018-10-31T13:49:04.401] [INFO] app - GET /_nuxt/6530fa1ec4fe14326544.hot-update.json - 0ms
[2018-10-31T13:49:04.444] [INFO] app - GET /_nuxt/runtime.js - 0ms
[2018-10-31T13:49:04.449] [INFO] app - GET /_nuxt/vendors.app.js - 0ms
[2018-10-31T13:49:04.469] [INFO] app - GET /_nuxt/app.js - 0ms
[2018-10-31T13:49:04.471] [INFO] app - GET /_nuxt/app.6530fa1ec4fe14326544.hot-update.js - 0ms
[2018-10-31T13:49:04.934] [INFO] app - GET /_nuxt/pages_admin_login.js - 0ms
[2018-10-31T13:49:04.966] [INFO] app - GET /_nuxt/iview.js.map - 0ms
[2018-10-31T13:49:04.979] [INFO] app - GET /__webpack_hmr - 0ms
[2018-10-31T13:49:11.257] [INFO] app - GET /admin/login - 0ms
[2018-10-31T13:49:11.260] [INFO] app - GET /_nuxt/66563037a74ab26a3ded.hot-update.json - 0ms
[2018-10-31T13:49:11.483] [INFO] app - GET /_nuxt/app.66563037a74ab26a3ded.hot-update.js - 0ms
[2018-10-31T13:49:11.515] [INFO] app - GET /_nuxt/runtime.js - 0ms
[2018-10-31T13:49:11.526] [INFO] app - GET /_nuxt/vendors.app.js - 0ms
[2018-10-31T13:49:11.534] [INFO] app - GET /_nuxt/app.js - 0ms
[2018-10-31T13:49:11.548] [INFO] app - GET /_nuxt/app.66563037a74ab26a3ded.hot-update.js - 0ms
[2018-10-31T13:49:11.957] [INFO] app - GET /_nuxt/pages_admin_login.js - 0ms
[2018-10-31T13:49:11.986] [INFO] app - GET /_nuxt/iview.js.map - 0ms
[2018-10-31T13:49:11.996] [INFO] app - GET /__webpack_hmr - 0ms
[2018-10-31T13:49:17.350] [INFO] app - GET /_nuxt/node_modules/_iview@3.1.3@iview/dist/styles/fonts/ionicons.ttf - 0ms
[2018-10-31T13:49:32.817] [INFO] app - GET /_nuxt/54142a3f6665d954dcea.hot-update.json - 0ms
[2018-10-31T13:49:32.826] [INFO] app - GET /_nuxt/pages_admin_login.54142a3f6665d954dcea.hot-update.js - 0ms
[2018-10-31T13:53:24.199] [INFO] app - GET /admin/login - 0ms
[2018-10-31T13:53:24.334] [INFO] app - GET /_nuxt/runtime.js - 0ms
[2018-10-31T13:53:24.343] [INFO] app - GET /_nuxt/vendors.app.js - 0ms
[2018-10-31T13:53:24.358] [INFO] app - GET /_nuxt/app.js - 0ms
[2018-10-31T13:53:24.832] [INFO] app - GET /_nuxt/pages_admin_login.js - 1ms
[2018-10-31T13:53:24.868] [INFO] app - GET /_nuxt/iview.js.map - 0ms
[2018-10-31T13:53:24.890] [INFO] app - GET /__webpack_hmr - 0ms
[2018-10-31T13:53:27.052] [INFO] app - GET /_nuxt/node_modules/_iview@3.1.3@iview/dist/styles/fonts/ionicons.ttf - 0ms
[2018-10-31T13:53:37.596] [INFO] app - GET /_nuxt/eb8919824e8db212f081.hot-update.json - 0ms
[2018-10-31T13:53:37.601] [INFO] app - GET /_nuxt/app.eb8919824e8db212f081.hot-update.js - 0ms
[2018-10-31T13:53:38.157] [INFO] app - GET /admin/login - 0ms
[2018-10-31T13:53:38.295] [INFO] app - GET /_nuxt/runtime.js - 0ms
[2018-10-31T13:53:38.302] [INFO] app - GET /_nuxt/vendors.app.js - 0ms
[2018-10-31T13:53:38.322] [INFO] app - GET /_nuxt/app.js - 0ms
[2018-10-31T13:53:38.365] [INFO] app - GET /_nuxt/app.eb8919824e8db212f081.hot-update.js - 1ms
[2018-10-31T13:53:38.864] [INFO] app - GET /_nuxt/pages_admin_login.js - 0ms
[2018-10-31T13:53:38.896] [INFO] app - GET /_nuxt/iview.js.map - 0ms
[2018-10-31T13:53:38.911] [INFO] app - GET /__webpack_hmr - 0ms
[2018-10-31T13:53:49.088] [INFO] app - GET /admin/login - 0ms
[2018-10-31T13:53:49.559] [INFO] app - GET /_nuxt/0cfa8fcb2fe03b321f13.hot-update.json - 0ms
[2018-10-31T13:53:49.608] [INFO] app - GET /_nuxt/runtime.js - 0ms
[2018-10-31T13:53:49.612] [INFO] app - GET /_nuxt/vendors.app.js - 0ms
[2018-10-31T13:53:49.619] [INFO] app - GET /_nuxt/app.js - 0ms
[2018-10-31T13:53:49.644] [INFO] app - GET /_nuxt/app.0cfa8fcb2fe03b321f13.hot-update.js - 0ms
[2018-10-31T13:53:50.130] [INFO] app - GET /_nuxt/pages_admin_login.js - 0ms
[2018-10-31T13:53:50.161] [INFO] app - GET /_nuxt/iview.js.map - 0ms
[2018-10-31T13:53:50.173] [INFO] app - GET /__webpack_hmr - 0ms
[2018-10-31T13:53:51.900] [INFO] app - GET /_nuxt/node_modules/_iview@3.1.3@iview/dist/styles/fonts/ionicons.ttf - 0ms
[2018-10-31T13:54:02.163] [INFO] app - GET /_nuxt/8926f96725be550bc709.hot-update.json - 0ms
[2018-10-31T13:54:02.168] [INFO] app - GET /admin/login - 0ms
[2018-10-31T13:54:02.294] [INFO] app - GET /_nuxt/app.8926f96725be550bc709.hot-update.js - 0ms
[2018-10-31T13:54:02.336] [INFO] app - GET /_nuxt/runtime.js - 0ms
[2018-10-31T13:54:02.350] [INFO] app - GET /_nuxt/vendors.app.js - 0ms
[2018-10-31T13:54:02.364] [INFO] app - GET /_nuxt/app.js - 0ms
[2018-10-31T13:54:02.402] [INFO] app - GET /_nuxt/app.8926f96725be550bc709.hot-update.js - 0ms
[2018-10-31T13:54:02.707] [INFO] app - GET /_nuxt/iview.js.map - 0ms
[2018-10-31T13:54:02.830] [INFO] app - GET /_nuxt/pages_admin_login.js - 0ms
[2018-10-31T13:54:02.865] [INFO] app - GET /__webpack_hmr - 0ms
[2018-10-31T13:54:35.760] [INFO] app - GET /_nuxt/81221ed74edcc1f74c1c.hot-update.json - 0ms
[2018-10-31T13:54:35.768] [INFO] app - GET /_nuxt/pages_admin_login.81221ed74edcc1f74c1c.hot-update.js - 0ms
[2018-10-31T13:54:42.240] [INFO] app - GET /_nuxt/c7e6cdd32e87fa8f9749.hot-update.json - 0ms
[2018-10-31T13:54:57.618] [INFO] app - GET /_nuxt/c5fca3ac8b6e11f76211.hot-update.json - 0ms
[2018-10-31T13:54:57.627] [INFO] app - GET /_nuxt/pages_admin_login.c5fca3ac8b6e11f76211.hot-update.js - 0ms
[2018-10-31T13:54:57.633] [INFO] app - GET /_nuxt/9245c68d30fe56bafd15.hot-update.json - 0ms
[2018-10-31T13:55:04.699] [INFO] app - GET /admin/login - 0ms
[2018-10-31T13:55:04.963] [INFO] app - GET /_nuxt/runtime.js - 0ms
[2018-10-31T13:55:04.973] [INFO] app - GET /_nuxt/vendors.app.js - 0ms
[2018-10-31T13:55:04.980] [INFO] app - GET /_nuxt/app.js - 0ms
[2018-10-31T13:55:05.763] [INFO] app - GET /_nuxt/pages_admin_login.js - 0ms
[2018-10-31T13:55:05.803] [INFO] app - GET /_nuxt/iview.js.map - 0ms
[2018-10-31T13:55:05.818] [INFO] app - GET /__webpack_hmr - 0ms
[2018-10-31T13:57:17.486] [INFO] app - GET /_nuxt/018257ce58b6d0f5227b.hot-update.json - 0ms
[2018-10-31T13:57:17.494] [INFO] app - GET /_nuxt/pages_admin_login.018257ce58b6d0f5227b.hot-update.js - 0ms
[2018-10-31T13:57:17.502] [INFO] app - GET /_nuxt/47fef8afb1fbf09161a7.hot-update.json - 0ms
[2018-10-31T13:57:17.511] [INFO] app - GET /_nuxt/pages_admin_login.47fef8afb1fbf09161a7.hot-update.js - 0ms
[2018-10-31T14:05:43.337] [INFO] app - GET /_nuxt/97b248a3d445a3b2bdca.hot-update.json - 0ms
[2018-10-31T14:05:43.348] [INFO] app - GET /_nuxt/pages_admin_login.97b248a3d445a3b2bdca.hot-update.js - 0ms
[2018-10-31T14:05:44.749] [INFO] app - GET /_nuxt/1fd4d19e2c5aa95c1a05.hot-update.json - 0ms
[2018-10-31T14:05:59.681] [INFO] app - GET /_nuxt/828f06665d8f007a9f96.hot-update.json - 0ms
[2018-10-31T14:05:59.690] [INFO] app - GET /_nuxt/pages_admin_login.828f06665d8f007a9f96.hot-update.js - 0ms
[2018-10-31T14:06:01.066] [INFO] app - GET /admin/login - 0ms
[2018-10-31T14:06:01.237] [INFO] app - GET /_nuxt/runtime.js - 0ms
[2018-10-31T14:06:01.246] [INFO] app - GET /_nuxt/vendors.app.js - 0ms
[2018-10-31T14:06:01.257] [INFO] app - GET /_nuxt/app.js - 0ms
[2018-10-31T14:06:01.772] [INFO] app - GET /_nuxt/pages_admin_login.js - 0ms
[2018-10-31T14:06:01.817] [INFO] app - GET /_nuxt/iview.js.map - 0ms
[2018-10-31T14:06:01.834] [INFO] app - GET /__webpack_hmr - 0ms
[2018-10-31T14:06:19.189] [INFO] app - GET /_nuxt/f09a67b4279c6f4f856f.hot-update.json - 0ms
[2018-10-31T14:06:19.195] [INFO] app - GET /_nuxt/pages_admin_login.f09a67b4279c6f4f856f.hot-update.js - 0ms
[2018-10-31T14:06:25.901] [INFO] app - GET /admin/login - 0ms
[2018-10-31T14:06:26.305] [INFO] app - GET /_nuxt/9542f38a720315da096d.hot-update.json - 0ms
[2018-10-31T14:06:26.314] [INFO] app - GET /_nuxt/runtime.js - 0ms
[2018-10-31T14:06:26.315] [INFO] app - GET /_nuxt/vendors.app.js - 0ms
[2018-10-31T14:06:26.317] [INFO] app - GET /_nuxt/app.js - 0ms
[2018-10-31T14:06:27.670] [INFO] app - GET /_nuxt/pages_admin_login.js - 0ms
[2018-10-31T14:06:27.717] [INFO] app - GET /_nuxt/iview.js.map - 0ms
[2018-10-31T14:06:27.755] [INFO] app - GET /__webpack_hmr - 0ms
[2018-10-31T14:07:02.505] [INFO] app - GET /_nuxt/5e6b24678cd1ee18f9b0.hot-update.json - 0ms
[2018-10-31T14:07:03.318] [INFO] app - GET /_nuxt/pages_admin_login.5e6b24678cd1ee18f9b0.hot-update.js - 0ms
[2018-10-31T14:07:03.894] [INFO] app - GET /_nuxt/e481dd3c043c51f0a748.hot-update.json - 0ms
[2018-10-31T14:07:10.193] [INFO] app - GET /admin/login - 0ms
[2018-10-31T14:07:11.519] [INFO] app - GET /_nuxt/runtime.js - 0ms
[2018-10-31T14:07:11.563] [INFO] app - GET /_nuxt/vendors.app.js - 0ms
[2018-10-31T14:07:11.564] [INFO] app - GET /_nuxt/app.js - 0ms
[2018-10-31T14:07:13.352] [INFO] app - GET /__webpack_hmr - 0ms
[2018-10-31T14:07:13.383] [INFO] app - GET /_nuxt/pages_admin_login.js - 0ms
[2018-10-31T14:07:13.438] [INFO] app - GET /_nuxt/03748fe50b0c4fbd66d1.hot-update.json - 0ms
[2018-10-31T14:07:13.831] [INFO] app - GET /favicon.ico - 0ms
[2018-10-31T14:08:22.807] [INFO] app - GET /_nuxt/iview.js.map - 0ms
[2018-10-31T14:09:12.708] [INFO] app - GET /_nuxt/db27efca86768e653c13.hot-update.json - 0ms
[2018-10-31T14:09:13.190] [INFO] app - GET /_nuxt/pages_admin_login.db27efca86768e653c13.hot-update.js - 0ms
[2018-10-31T14:09:13.908] [INFO] app - GET /_nuxt/0bd6111d0e12ade32639.hot-update.json - 0ms
[2018-10-31T14:09:23.120] [INFO] app - GET /_nuxt/afe85658524683d90381.hot-update.json - 0ms
[2018-10-31T14:09:23.160] [INFO] app - GET /_nuxt/pages_admin_login.afe85658524683d90381.hot-update.js - 0ms
[2018-10-31T14:10:14.667] [INFO] app - GET /_nuxt/405573c57ce492354671.hot-update.json - 0ms
[2018-10-31T14:10:14.686] [INFO] app - GET /_nuxt/app.405573c57ce492354671.hot-update.js - 0ms
[2018-10-31T14:11:23.157] [INFO] app - GET /_nuxt/38b1fb130e649ccb06d3.hot-update.json - 0ms
[2018-10-31T14:11:23.163] [INFO] app - GET /_nuxt/app.38b1fb130e649ccb06d3.hot-update.js - 0ms
[2018-10-31T14:11:27.636] [INFO] app - GET /_nuxt/c657ddc7fae43564e8ec.hot-update.json - 0ms
[2018-10-31T14:11:27.642] [INFO] app - GET /_nuxt/app.c657ddc7fae43564e8ec.hot-update.js - 0ms
[2018-10-31T14:13:37.743] [INFO] app - GET /admin/login - 0ms
[2018-10-31T14:13:37.870] [INFO] app - GET /_nuxt/runtime.js - 0ms
[2018-10-31T14:13:37.889] [INFO] app - GET /_nuxt/vendors.app.js - 0ms
[2018-10-31T14:13:37.903] [INFO] app - GET /_nuxt/app.js - 0ms
[2018-10-31T14:13:37.916] [INFO] app - GET /_nuxt/app.c657ddc7fae43564e8ec.hot-update.js - 0ms
[2018-10-31T14:13:38.396] [INFO] app - GET /_nuxt/pages_admin_login.js - 0ms
[2018-10-31T14:13:38.425] [INFO] app - GET /_nuxt/iview.js.map - 0ms
[2018-10-31T14:13:38.437] [INFO] app - GET /__webpack_hmr - 0ms
[2018-10-31T14:14:01.645] [INFO] app - GET /_nuxt/iview.js.map - 0ms
[2018-10-31T14:15:47.580] [INFO] app - GET /_nuxt/be3ef57353069b5366f1.hot-update.json - 0ms
[2018-10-31T14:15:47.593] [INFO] app - GET /_nuxt/app.be3ef57353069b5366f1.hot-update.js - 0ms
[2018-10-31T14:15:48.053] [INFO] app - GET /admin/login - 0ms
[2018-10-31T14:15:48.211] [INFO] app - GET /_nuxt/runtime.js - 0ms
[2018-10-31T14:15:48.215] [INFO] app - GET /_nuxt/vendors.app.js - 0ms
[2018-10-31T14:15:48.225] [INFO] app - GET /_nuxt/app.js - 0ms
[2018-10-31T14:15:48.258] [INFO] app - GET /_nuxt/app.be3ef57353069b5366f1.hot-update.js - 0ms
[2018-10-31T14:15:48.711] [INFO] app - GET /_nuxt/pages_admin_login.js - 0ms
[2018-10-31T14:15:48.742] [INFO] app - GET /_nuxt/iview.js.map - 0ms
[2018-10-31T14:15:48.779] [INFO] app - GET /__webpack_hmr - 0ms
[2018-10-31T14:16:01.800] [INFO] app - GET /_nuxt/iview.js.map - 0ms
[2018-10-31T14:16:25.080] [INFO] app - GET /_nuxt/6f0ba9758a8b82fa8b09.hot-update.json - 0ms
[2018-10-31T14:16:25.094] [INFO] app - GET /_nuxt/app.6f0ba9758a8b82fa8b09.hot-update.js - 0ms
[2018-10-31T14:16:30.722] [INFO] app - GET /_nuxt/node_modules/_iview@3.1.3@iview/dist/styles/fonts/ionicons.ttf - 0ms
[2018-10-31T14:17:44.973] [INFO] app - GET /_nuxt/36f703170ac56e870f57.hot-update.json - 0ms
[2018-10-31T14:17:44.979] [INFO] app - GET /_nuxt/pages_admin_login.36f703170ac56e870f57.hot-update.js - 0ms
[2018-10-31T14:19:42.882] [INFO] app - GET /_nuxt/iview.js.map - 0ms
[2018-10-31T14:20:27.367] [INFO] app - GET /_nuxt/da784e521001aebfa441.hot-update.json - 0ms
[2018-10-31T14:20:27.385] [INFO] app - GET /_nuxt/pages_admin_login.da784e521001aebfa441.hot-update.js - 0ms
[2018-10-31T14:20:36.977] [INFO] app - GET /_nuxt/e61934cc041fba9331c7.hot-update.json - 0ms
[2018-10-31T14:20:36.983] [INFO] app - GET /_nuxt/pages_admin_login.e61934cc041fba9331c7.hot-update.js - 0ms
[2018-10-31T14:20:43.398] [INFO] app - GET /_nuxt/cef4e63ca0b241b94568.hot-update.json - 0ms
[2018-10-31T14:20:43.429] [INFO] app - GET /_nuxt/pages_admin_login.cef4e63ca0b241b94568.hot-update.js - 0ms
[2018-10-31T14:21:05.913] [INFO] app - GET /_nuxt/8a1e36f9035a8b99567e.hot-update.json - 0ms
[2018-10-31T14:21:07.471] [INFO] app - GET /_nuxt/pages_admin_login.8a1e36f9035a8b99567e.hot-update.js - 0ms
[2018-10-31T14:21:09.669] [INFO] app - GET /_nuxt/f82ea6eaa22e17e962a1.hot-update.json - 0ms
[2018-10-31T14:21:17.481] [INFO] app - GET /_nuxt/756be746e461f03c7a74.hot-update.json - 0ms
[2018-10-31T14:21:17.511] [INFO] app - GET /_nuxt/pages_admin_login.756be746e461f03c7a74.hot-update.js - 0ms
[2018-10-31T14:21:23.468] [INFO] app - GET /_nuxt/eb4e4767b51ae8a9bb79.hot-update.json - 0ms
[2018-10-31T14:21:23.973] [INFO] app - GET /_nuxt/pages_admin_login.eb4e4767b51ae8a9bb79.hot-update.js - 0ms
[2018-10-31T14:21:25.099] [INFO] app - GET /_nuxt/02c2db8211680bb98580.hot-update.json - 0ms
[2018-10-31T14:21:25.265] [INFO] app - GET /_nuxt/pages_admin_login.02c2db8211680bb98580.hot-update.js - 0ms
[2018-10-31T14:21:30.400] [INFO] app - GET /_nuxt/9d1d9be74d2d3e45bfda.hot-update.json - 0ms
[2018-10-31T14:21:30.424] [INFO] app - GET /_nuxt/pages_admin_login.9d1d9be74d2d3e45bfda.hot-update.js - 0ms
[2018-10-31T14:24:26.577] [INFO] app - GET /_nuxt/0b8e11d690c92765c198.hot-update.json - 0ms
[2018-10-31T14:24:26.592] [INFO] app - GET /_nuxt/pages_admin_login.0b8e11d690c92765c198.hot-update.js - 0ms
[2018-10-31T14:24:26.691] [INFO] app - GET /_nuxt/88b3e2cfa5b2fa6c00f5.hot-update.json - 0ms
[2018-10-31T14:24:26.697] [INFO] app - GET /_nuxt/pages_admin_login.88b3e2cfa5b2fa6c00f5.hot-update.js - 0ms
[2018-10-31T14:24:26.702] [INFO] app - GET /_nuxt/3f5be407ac9fb64f2786.hot-update.json - 0ms
[2018-10-31T14:24:26.707] [INFO] app - GET /_nuxt/pages_admin_login.3f5be407ac9fb64f2786.hot-update.js - 0ms
[2018-10-31T14:24:26.712] [INFO] app - GET /_nuxt/b3ad67c0225eec4fb9b2.hot-update.json - 0ms
[2018-10-31T14:24:26.716] [INFO] app - GET /_nuxt/pages_admin_login.b3ad67c0225eec4fb9b2.hot-update.js - 0ms
[2018-10-31T14:24:26.721] [INFO] app - GET /_nuxt/336c9d3b5eb5c320fdb3.hot-update.json - 0ms
[2018-10-31T14:24:26.726] [INFO] app - GET /_nuxt/pages_admin_login.336c9d3b5eb5c320fdb3.hot-update.js - 0ms
[2018-10-31T14:24:26.732] [INFO] app - GET /_nuxt/7686c594be6a6289436e.hot-update.json - 0ms
[2018-10-31T14:24:26.736] [INFO] app - GET /_nuxt/pages_admin_login.7686c594be6a6289436e.hot-update.js - 0ms
[2018-10-31T14:24:26.742] [INFO] app - GET /_nuxt/b1316ea9b71ef8d7e2f4.hot-update.json - 0ms
[2018-10-31T14:24:26.746] [INFO] app - GET /_nuxt/pages_admin_login.b1316ea9b71ef8d7e2f4.hot-update.js - 0ms
[2018-10-31T14:24:26.751] [INFO] app - GET /_nuxt/3fe76fccd39bce6db561.hot-update.json - 0ms
[2018-10-31T14:24:26.756] [INFO] app - GET /_nuxt/pages_admin_login.3fe76fccd39bce6db561.hot-update.js - 0ms
[2018-10-31T14:24:26.761] [INFO] app - GET /_nuxt/748cf13a268a5229b791.hot-update.json - 0ms
[2018-10-31T14:24:26.767] [INFO] app - GET /_nuxt/pages_admin_login.748cf13a268a5229b791.hot-update.js - 0ms
[2018-10-31T14:24:26.773] [INFO] app - GET /_nuxt/bd1b9360408588fc5123.hot-update.json - 0ms
[2018-10-31T14:24:26.779] [INFO] app - GET /_nuxt/pages_admin_login.bd1b9360408588fc5123.hot-update.js - 0ms
[2018-10-31T14:24:26.785] [INFO] app - GET /_nuxt/e43d629c39a1f765e1dd.hot-update.json - 0ms
[2018-10-31T14:24:26.790] [INFO] app - GET /_nuxt/pages_admin_login.e43d629c39a1f765e1dd.hot-update.js - 0ms
[2018-10-31T14:24:26.796] [INFO] app - GET /_nuxt/4d1face3223d33a25b66.hot-update.json - 0ms
[2018-10-31T14:24:26.801] [INFO] app - GET /_nuxt/pages_admin_login.4d1face3223d33a25b66.hot-update.js - 0ms
[2018-10-31T14:24:26.806] [INFO] app - GET /_nuxt/09783ef1223f46a96780.hot-update.json - 0ms
[2018-10-31T14:24:26.815] [INFO] app - GET /_nuxt/pages_admin_login.09783ef1223f46a96780.hot-update.js - 0ms
[2018-10-31T14:24:26.821] [INFO] app - GET /_nuxt/26a91a75114a2d8aba08.hot-update.json - 0ms
[2018-10-31T14:24:26.827] [INFO] app - GET /_nuxt/pages_admin_login.26a91a75114a2d8aba08.hot-update.js - 0ms
[2018-10-31T14:24:26.833] [INFO] app - GET /_nuxt/8335b03817f86384a379.hot-update.json - 0ms
[2018-10-31T14:24:26.839] [INFO] app - GET /_nuxt/9fc75eb1f9fb3cd7cab5.hot-update.json - 0ms
[2018-10-31T14:24:26.844] [INFO] app - GET /_nuxt/pages_admin_login.9fc75eb1f9fb3cd7cab5.hot-update.js - 0ms
[2018-10-31T14:24:26.850] [INFO] app - GET /_nuxt/682079ac1cc85c20008c.hot-update.json - 0ms
[2018-10-31T14:24:26.856] [INFO] app - GET /_nuxt/pages_admin_login.682079ac1cc85c20008c.hot-update.js - 0ms
[2018-10-31T14:24:50.008] [INFO] app - GET /_nuxt/2febeec4a08c55ff96e9.hot-update.json - 0ms
[2018-10-31T14:24:50.160] [INFO] app - GET /_nuxt/pages_admin_login.2febeec4a08c55ff96e9.hot-update.js - 0ms
[2018-10-31T14:24:57.543] [INFO] app - GET /_nuxt/8df1d86c33a71c1295db.hot-update.json - 0ms
[2018-10-31T14:25:13.431] [INFO] app - GET /_nuxt/6875580cbed044a68321.hot-update.json - 0ms
[2018-10-31T14:25:13.448] [INFO] app - GET /_nuxt/pages_admin_login.6875580cbed044a68321.hot-update.js - 0ms
[2018-10-31T14:25:13.513] [INFO] app - GET /_nuxt/8cd2858329c751938cc4.hot-update.json - 0ms
[2018-10-31T14:25:13.518] [INFO] app - GET /_nuxt/pages_admin_login.8cd2858329c751938cc4.hot-update.js - 0ms
[2018-10-31T14:25:13.523] [INFO] app - GET /_nuxt/b6eacb1c46e8e7750367.hot-update.json - 0ms
[2018-10-31T14:25:13.536] [INFO] app - GET /_nuxt/pages_admin_login.b6eacb1c46e8e7750367.hot-update.js - 0ms
[2018-10-31T14:25:13.540] [INFO] app - GET /admin/login - 0ms
[2018-10-31T14:25:13.601] [INFO] app - GET /admin/login - 0ms
[2018-10-31T14:25:13.652] [INFO] app - GET /_nuxt/runtime.js - 0ms
[2018-10-31T14:25:13.658] [INFO] app - GET /_nuxt/vendors.app.js - 0ms
[2018-10-31T14:25:13.666] [INFO] app - GET /_nuxt/app.js - 0ms
[2018-10-31T14:25:14.135] [INFO] app - GET /_nuxt/pages_admin_login.js - 0ms
[2018-10-31T14:25:14.186] [INFO] app - GET /__webpack_hmr - 0ms
[2018-10-31T14:25:14.336] [INFO] app - GET /_nuxt/iview.js.map - 0ms
[2018-10-31T14:25:22.558] [INFO] app - GET /admin/login - 0ms
[2018-10-31T14:25:22.648] [INFO] app - GET /_nuxt/runtime.js - 0ms
[2018-10-31T14:25:22.662] [INFO] app - GET /_nuxt/vendors.app.js - 0ms
[2018-10-31T14:25:22.679] [INFO] app - GET /_nuxt/app.js - 0ms
[2018-10-31T14:25:23.159] [INFO] app - GET /_nuxt/pages_admin_login.js - 0ms
[2018-10-31T14:25:23.187] [INFO] app - GET /_nuxt/iview.js.map - 0ms
[2018-10-31T14:25:23.198] [INFO] app - GET /__webpack_hmr - 0ms
[2018-10-31T14:25:24.728] [INFO] app - GET /_nuxt/node_modules/_iview@3.1.3@iview/dist/styles/fonts/ionicons.ttf - 0ms
[2018-10-31T14:26:30.954] [INFO] app - GET /admin/login - 0ms
[2018-10-31T14:26:31.106] [INFO] app - GET /_nuxt/b4330e861f8c5da52bff.hot-update.json - 1ms
[2018-10-31T14:26:31.188] [INFO] app - GET /_nuxt/runtime.js - 0ms
[2018-10-31T14:26:31.205] [INFO] app - GET /_nuxt/vendors.app.js - 0ms
[2018-10-31T14:26:31.221] [INFO] app - GET /_nuxt/app.js - 0ms
[2018-10-31T14:26:31.997] [INFO] app - GET /_nuxt/pages_admin_login.js - 0ms
[2018-10-31T14:26:32.007] [INFO] app - GET /__webpack_hmr - 0ms
[2018-10-31T14:26:32.107] [INFO] app - GET /favicon.ico - 0ms
[2018-10-31T14:27:00.016] [INFO] app - GET /_nuxt/256ced2205df01313d71.hot-update.json - 0ms
[2018-10-31T14:27:23.382] [INFO] app - GET /_nuxt/7bd9c2a80992a8c8afdd.hot-update.json - 0ms
[2018-10-31T14:27:23.401] [INFO] app - GET /_nuxt/app.7bd9c2a80992a8c8afdd.hot-update.js - 0ms
[2018-10-31T14:27:40.767] [INFO] app - GET /_nuxt/ef758275b42d7f4316c6.hot-update.json - 0ms
[2018-10-31T14:27:40.788] [INFO] app - GET /_nuxt/app.ef758275b42d7f4316c6.hot-update.js - 0ms
[2018-10-31T14:33:21.755] [INFO] app - GET /admin/login - 0ms
[2018-10-31T14:33:22.309] [INFO] app - GET /_nuxt/runtime.js - 0ms
[2018-10-31T14:33:22.320] [INFO] app - GET /_nuxt/vendors.app.js - 0ms
[2018-10-31T14:33:22.328] [INFO] app - GET /_nuxt/app.js - 0ms
[2018-10-31T14:33:22.619] [INFO] app - GET /_nuxt/pages_admin_login.js - 0ms
[2018-10-31T14:33:22.627] [INFO] app - GET /__webpack_hmr - 0ms
[2018-10-31T14:33:22.742] [INFO] app - GET /favicon.ico - 0ms
[2018-10-31T14:33:47.897] [INFO] app - GET /_nuxt/b6c63c8034f875a629fe.hot-update.json - 0ms
[2018-10-31T14:33:48.508] [INFO] app - GET /_nuxt/app.b6c63c8034f875a629fe.hot-update.js - 0ms
[2018-10-31T14:33:49.284] [INFO] app - GET /_nuxt/919f57acdf52237ea227.hot-update.json - 0ms
[2018-10-31T14:33:57.679] [INFO] app - GET /_nuxt/559e1adefe34fa7dafdb.hot-update.json - 0ms
[2018-10-31T14:33:57.895] [INFO] app - GET /_nuxt/pages_admin_login.559e1adefe34fa7dafdb.hot-update.js - 0ms
[2018-10-31T14:34:11.981] [INFO] app - GET /_nuxt/167945e93fa618924a68.hot-update.json - 0ms
[2018-10-31T14:34:12.073] [INFO] app - GET /_nuxt/pages_admin_login.167945e93fa618924a68.hot-update.js - 0ms
[2018-10-31T14:34:32.008] [INFO] app - GET /_nuxt/8128a5889090c7ace87a.hot-update.json - 0ms
[2018-10-31T14:34:32.013] [INFO] app - GET /_nuxt/pages_admin_login.8128a5889090c7ace87a.hot-update.js - 0ms
[2018-10-31T14:34:45.486] [INFO] app - GET /_nuxt/767a450edb8a739629bb.hot-update.json - 0ms
[2018-10-31T14:34:46.644] [INFO] app - GET /_nuxt/pages_admin_login.767a450edb8a739629bb.hot-update.js - 0ms
[2018-10-31T14:34:46.815] [INFO] app - GET /_nuxt/c336d65c496b7911a0a6.hot-update.json - 0ms
[2018-10-31T14:34:54.616] [INFO] app - GET /_nuxt/88ae9a77409205e000cb.hot-update.json - 0ms
[2018-10-31T14:34:54.657] [INFO] app - GET /_nuxt/pages_admin_login.88ae9a77409205e000cb.hot-update.js - 0ms
[2018-10-31T14:35:11.772] [INFO] app - GET /_nuxt/a2161fb2f676ffb2f340.hot-update.json - 0ms
[2018-10-31T14:35:11.777] [INFO] app - GET /_nuxt/pages_admin_login.a2161fb2f676ffb2f340.hot-update.js - 0ms
[2018-10-31T14:35:21.149] [INFO] app - GET /_nuxt/14c1ca07a231839ca57e.hot-update.json - 0ms
[2018-10-31T14:35:21.165] [INFO] app - GET /_nuxt/pages_admin_login.14c1ca07a231839ca57e.hot-update.js - 0ms
[2018-10-31T14:35:35.488] [INFO] app - GET /_nuxt/75883958868f1b5f0310.hot-update.json - 1ms
[2018-10-31T14:35:35.523] [INFO] app - GET /_nuxt/app.75883958868f1b5f0310.hot-update.js - 0ms
[2018-10-31T14:35:35.573] [INFO] app - GET /_nuxt/6146fdea60c74e109a0c.hot-update.json - 0ms
[2018-10-31T14:38:22.667] [INFO] app - GET /_nuxt/iview.js.map - 0ms
[2018-10-31T14:39:15.484] [INFO] app - GET /_nuxt/6425d8f0f48d2ce7f827.hot-update.json - 0ms
[2018-10-31T14:39:15.494] [INFO] app - GET /_nuxt/app.6425d8f0f48d2ce7f827.hot-update.js - 0ms
[2018-10-31T14:39:26.462] [INFO] app - GET /admin/login - 0ms
[2018-10-31T14:39:26.623] [INFO] app - GET /_nuxt/runtime.js - 0ms
[2018-10-31T14:39:26.659] [INFO] app - GET /_nuxt/vendors.app.js - 0ms
[2018-10-31T14:39:26.702] [INFO] app - GET /_nuxt/app.js - 0ms
[2018-10-31T14:39:26.718] [INFO] app - GET /_nuxt/app.6425d8f0f48d2ce7f827.hot-update.js - 0ms
[2018-10-31T14:39:27.173] [INFO] app - GET /_nuxt/pages_admin_login.js - 0ms
[2018-10-31T14:39:27.206] [INFO] app - GET /_nuxt/iview.js.map - 0ms
[2018-10-31T14:39:27.225] [INFO] app - GET /__webpack_hmr - 0ms
[2018-10-31T14:39:40.561] [INFO] app - GET /_nuxt/fae518e3e3186985c732.hot-update.json - 0ms
[2018-10-31T14:39:40.582] [INFO] app - GET /_nuxt/app.fae518e3e3186985c732.hot-update.js - 0ms
[2018-10-31T14:39:46.023] [INFO] app - GET /admin/login - 0ms
[2018-10-31T14:39:46.186] [INFO] app - GET /_nuxt/runtime.js - 0ms
[2018-10-31T14:39:46.192] [INFO] app - GET /_nuxt/vendors.app.js - 0ms
[2018-10-31T14:39:46.201] [INFO] app - GET /_nuxt/app.js - 0ms
[2018-10-31T14:39:46.225] [INFO] app - GET /_nuxt/app.fae518e3e3186985c732.hot-update.js - 0ms
[2018-10-31T14:39:46.915] [INFO] app - GET /_nuxt/pages_admin_login.js - 0ms
[2018-10-31T14:39:46.955] [INFO] app - GET /_nuxt/iview.js.map - 0ms
[2018-10-31T14:39:46.970] [INFO] app - GET /__webpack_hmr - 0ms
[2018-10-31T14:39:57.859] [INFO] app - GET /_nuxt/75ffdca61e9532ecbfc5.hot-update.json - 0ms
[2018-10-31T14:39:57.869] [INFO] app - GET /_nuxt/app.75ffdca61e9532ecbfc5.hot-update.js - 1ms
[2018-10-31T14:40:10.930] [INFO] app - GET /_nuxt/06e186fb138b17ce1376.hot-update.json - 0ms
[2018-10-31T14:40:10.950] [INFO] app - GET /_nuxt/app.06e186fb138b17ce1376.hot-update.js - 0ms
[2018-10-31T14:40:20.245] [INFO] app - GET /_nuxt/fa4aaa5104d18e45fa8a.hot-update.json - 0ms
[2018-10-31T14:40:20.251] [INFO] app - GET /_nuxt/app.fa4aaa5104d18e45fa8a.hot-update.js - 0ms
[2018-10-31T14:40:24.129] [INFO] app - GET /admin/login - 0ms
[2018-10-31T14:40:24.267] [INFO] app - GET /_nuxt/runtime.js - 0ms
[2018-10-31T14:40:24.270] [INFO] app - GET /_nuxt/vendors.app.js - 0ms
[2018-10-31T14:40:24.294] [INFO] app - GET /_nuxt/app.js - 0ms
[2018-10-31T14:40:24.327] [INFO] app - GET /_nuxt/app.fa4aaa5104d18e45fa8a.hot-update.js - 0ms
[2018-10-31T14:40:24.795] [INFO] app - GET /_nuxt/pages_admin_login.js - 0ms
[2018-10-31T14:40:24.827] [INFO] app - GET /_nuxt/iview.js.map - 0ms
[2018-10-31T14:40:24.865] [INFO] app - GET /__webpack_hmr - 0ms
[2018-10-31T14:40:35.928] [INFO] app - GET /_nuxt/c630b5c38d7f1630496c.hot-update.json - 0ms
[2018-10-31T14:40:35.964] [INFO] app - GET /_nuxt/app.c630b5c38d7f1630496c.hot-update.js - 0ms
[2018-10-31T14:40:46.318] [INFO] app - GET /_nuxt/iview.js.map - 0ms
[2018-10-31T14:41:00.578] [INFO] app - GET /admin/login - 0ms
[2018-10-31T14:41:00.721] [INFO] app - GET /_nuxt/abe7547a4b7631cf5064.hot-update.json - 0ms
[2018-10-31T14:41:00.782] [INFO] app - GET /_nuxt/app.abe7547a4b7631cf5064.hot-update.js - 0ms
[2018-10-31T14:41:00.828] [INFO] app - GET /_nuxt/runtime.js - 0ms
[2018-10-31T14:41:00.832] [INFO] app - GET /_nuxt/vendors.app.js - 0ms
[2018-10-31T14:41:00.839] [INFO] app - GET /_nuxt/app.js - 0ms
[2018-10-31T14:41:00.872] [INFO] app - GET /_nuxt/app.abe7547a4b7631cf5064.hot-update.js - 0ms
[2018-10-31T14:41:01.443] [INFO] app - GET /_nuxt/pages_admin_login.js - 0ms
[2018-10-31T14:41:01.475] [INFO] app - GET /_nuxt/iview.js.map - 0ms
[2018-10-31T14:41:01.489] [INFO] app - GET /__webpack_hmr - 0ms
[2018-10-31T14:41:19.290] [INFO] app - GET /_nuxt/2d7f81ab165df7c56e6d.hot-update.json - 0ms
[2018-10-31T14:41:19.309] [INFO] app - GET /_nuxt/app.2d7f81ab165df7c56e6d.hot-update.js - 0ms
[2018-10-31T14:41:25.144] [INFO] app - GET /_nuxt/node_modules/_iview@3.1.3@iview/dist/styles/fonts/ionicons.ttf - 0ms
[2018-10-31T14:41:44.763] [INFO] app - GET /_nuxt/ab03dee3585e1f42e376.hot-update.json - 1ms
[2018-10-31T14:41:44.795] [INFO] app - GET /_nuxt/pages_admin_login.ab03dee3585e1f42e376.hot-update.js - 0ms
[2018-10-31T14:48:23.524] [INFO] app - GET /_nuxt/83fe13a8a82654402b77.hot-update.json - 0ms
[2018-10-31T14:48:23.529] [INFO] app - GET /_nuxt/app.83fe13a8a82654402b77.hot-update.js - 0ms
[2018-10-31T14:48:23.545] [INFO] app - GET /_nuxt/ed6f4bc4feda2810924e.hot-update.json - 0ms
[2018-10-31T14:48:35.215] [INFO] app - GET /_nuxt/34814ccdf2f6b4959d92.hot-update.json - 0ms
[2018-10-31T14:48:35.262] [INFO] app - GET /_nuxt/app.34814ccdf2f6b4959d92.hot-update.js - 0ms
[2018-10-31T14:50:02.351] [INFO] app - GET /_nuxt/63da52dae9ec7e9a4e87.hot-update.json - 0ms
[2018-10-31T14:50:02.375] [INFO] app - GET /_nuxt/app.63da52dae9ec7e9a4e87.hot-update.js - 0ms
[2018-10-31T14:50:22.682] [INFO] app - GET /_nuxt/8fafb22154b6fb9622c6.hot-update.json - 0ms
[2018-10-31T14:50:22.686] [INFO] app - GET /_nuxt/app.8fafb22154b6fb9622c6.hot-update.js - 0ms
