[2018-11-01T11:27:34.151] [INFO] app - GET / - 0ms
[2018-11-01T11:27:34.759] [INFO] app - GET /_nuxt/runtime.js - 0ms
[2018-11-01T11:27:34.777] [INFO] app - GET /_nuxt/vendors.app.js - 0ms
[2018-11-01T11:27:34.782] [INFO] app - GET /_nuxt/app.js - 0ms
[2018-11-01T11:27:35.053] [INFO] app - GET /_nuxt/pages_index.js - 0ms
[2018-11-01T11:27:35.058] [INFO] app - GET /__webpack_hmr - 0ms
[2018-11-01T11:27:59.649] [INFO] app - GET /admin/login - 0ms
[2018-11-01T11:27:59.728] [INFO] app - GET /_nuxt/runtime.js - 0ms
[2018-11-01T11:27:59.731] [INFO] app - GET /_nuxt/vendors.app.js - 0ms
[2018-11-01T11:27:59.735] [INFO] app - GET /_nuxt/app.js - 0ms
[2018-11-01T11:27:59.996] [INFO] app - GET /_nuxt/pages_admin_login.js - 0ms
[2018-11-01T11:28:00.006] [INFO] app - GET /__webpack_hmr - 0ms
[2018-11-01T11:28:43.119] [INFO] app - GET /_nuxt/b977a0d0c376af1db357.hot-update.json - 0ms
[2018-11-01T11:28:43.127] [INFO] app - GET /_nuxt/app.b977a0d0c376af1db357.hot-update.js - 0ms
[2018-11-01T11:28:45.399] [INFO] app - GET /_nuxt/node_modules/_iview@3.1.3@iview/dist/styles/fonts/ionicons.ttf - 0ms
[2018-11-01T11:38:45.175] [INFO] app - GET /_nuxt/d09d1513a2e396a54c05.hot-update.json - 0ms
[2018-11-01T11:38:45.209] [INFO] app - GET /_nuxt/pages_admin_login.d09d1513a2e396a54c05.hot-update.js - 0ms
[2018-11-01T11:38:45.257] [INFO] app - GET /_nuxt/45fb709ddbb8d79c952e.hot-update.json - 0ms
[2018-11-01T11:38:45.272] [INFO] app - GET /_nuxt/fa77f302793c7c6450a3.hot-update.json - 0ms
[2018-11-01T11:38:45.292] [INFO] app - GET /_nuxt/pages_admin_login.fa77f302793c7c6450a3.hot-update.js - 0ms
[2018-11-01T11:38:56.110] [INFO] app - GET /_nuxt/37bea4a9662628875a46.hot-update.json - 0ms
[2018-11-01T11:38:56.216] [INFO] app - GET /_nuxt/pages_admin_login.37bea4a9662628875a46.hot-update.js - 0ms
[2018-11-01T11:39:38.900] [INFO] app - GET /_nuxt/b3f7657dc99c7e8ca22d.hot-update.json - 0ms
[2018-11-01T11:39:38.960] [INFO] app - GET /_nuxt/pages_admin_login.b3f7657dc99c7e8ca22d.hot-update.js - 0ms
[2018-11-01T11:40:29.123] [INFO] app - GET /_nuxt/6bd864016d64598fe533.hot-update.json - 0ms
[2018-11-01T11:40:29.127] [INFO] app - GET /_nuxt/app.6bd864016d64598fe533.hot-update.js - 0ms
[2018-11-01T11:40:34.508] [INFO] app - GET /_nuxt/c10cb15917763de7cf1f.hot-update.json - 0ms
[2018-11-01T11:40:34.513] [INFO] app - GET /_nuxt/app.c10cb15917763de7cf1f.hot-update.js - 0ms
[2018-11-01T11:40:37.912] [INFO] app - GET /_nuxt/4857032202d67d7dd0f3.hot-update.json - 0ms
[2018-11-01T11:40:37.916] [INFO] app - GET /_nuxt/app.4857032202d67d7dd0f3.hot-update.js - 0ms
[2018-11-01T11:40:42.595] [INFO] app - GET /admin/login - 0ms
[2018-11-01T11:40:42.720] [INFO] app - GET /_nuxt/runtime.js - 0ms
[2018-11-01T11:40:42.746] [INFO] app - GET /_nuxt/vendors.app.js - 0ms
[2018-11-01T11:40:42.750] [INFO] app - GET /_nuxt/app.js - 0ms
[2018-11-01T11:40:42.795] [INFO] app - GET /_nuxt/app.4857032202d67d7dd0f3.hot-update.js - 0ms
[2018-11-01T11:40:43.128] [INFO] app - GET /_nuxt/pages_admin_login.js - 0ms
[2018-11-01T11:40:43.137] [INFO] app - GET /__webpack_hmr - 0ms
[2018-11-01T11:40:43.227] [INFO] app - GET /_nuxt/node_modules/_iview@3.1.3@iview/dist/styles/fonts/ionicons.ttf - 0ms
[2018-11-01T11:40:43.310] [INFO] app - GET /favicon.ico - 0ms
[2018-11-01T11:40:46.873] [INFO] app - GET /_nuxt/iview.js.map - 0ms
[2018-11-01T11:41:03.905] [INFO] app - GET /_nuxt/99161a9f49b9343adf53.hot-update.json - 0ms
[2018-11-01T11:41:04.154] [INFO] app - GET /_nuxt/app.99161a9f49b9343adf53.hot-update.js - 0ms
[2018-11-01T11:41:04.407] [INFO] app - GET /_nuxt/1e158f489497302db17c.hot-update.json - 0ms
[2018-11-01T11:41:08.523] [INFO] app - GET /admin/login - 1ms
[2018-11-01T11:41:08.669] [INFO] app - GET /_nuxt/runtime.js - 0ms
[2018-11-01T11:41:08.675] [INFO] app - GET /_nuxt/vendors.app.js - 0ms
[2018-11-01T11:41:08.680] [INFO] app - GET /_nuxt/app.js - 0ms
[2018-11-01T11:41:09.214] [INFO] app - GET /_nuxt/pages_admin_login.js - 0ms
[2018-11-01T11:41:09.242] [INFO] app - GET /_nuxt/iview.js.map - 0ms
[2018-11-01T11:41:09.265] [INFO] app - GET /__webpack_hmr - 0ms
[2018-11-01T11:41:09.375] [INFO] app - GET /_nuxt/node_modules/_iview@3.1.3@iview/dist/styles/fonts/ionicons.ttf - 0ms
[2018-11-01T11:41:25.078] [INFO] app - GET /_nuxt/45e4fab75bac73f2a179.hot-update.json - 0ms
[2018-11-01T11:41:25.513] [INFO] app - GET /_nuxt/app.45e4fab75bac73f2a179.hot-update.js - 0ms
[2018-11-01T11:41:26.376] [INFO] app - GET /_nuxt/945d5663750efb834d35.hot-update.json - 0ms
[2018-11-01T11:41:31.619] [INFO] app - GET /admin/login - 0ms
[2018-11-01T11:41:31.747] [INFO] app - GET /_nuxt/runtime.js - 0ms
[2018-11-01T11:41:31.767] [INFO] app - GET /_nuxt/vendors.app.js - 0ms
[2018-11-01T11:41:31.870] [INFO] app - GET /_nuxt/app.js - 0ms
[2018-11-01T11:41:32.396] [INFO] app - GET /_nuxt/pages_admin_login.js - 0ms
[2018-11-01T11:41:32.424] [INFO] app - GET /_nuxt/iview.js.map - 0ms
[2018-11-01T11:41:32.435] [INFO] app - GET /__webpack_hmr - 0ms
[2018-11-01T11:41:32.571] [INFO] app - GET /_nuxt/node_modules/_iview@3.1.3@iview/dist/styles/fonts/ionicons.ttf - 0ms
[2018-11-01T11:42:10.778] [INFO] app - GET /_nuxt/c8da6ae33e890328863b.hot-update.json - 0ms
[2018-11-01T11:42:10.827] [INFO] app - GET /admin/login - 0ms
[2018-11-01T11:42:10.861] [INFO] app - GET /_nuxt/app.c8da6ae33e890328863b.hot-update.js - 0ms
[2018-11-01T11:42:11.089] [INFO] app - GET /_nuxt/runtime.js - 0ms
[2018-11-01T11:42:11.121] [INFO] app - GET /_nuxt/vendors.app.js - 0ms
[2018-11-01T11:42:11.134] [INFO] app - GET /_nuxt/app.js - 0ms
[2018-11-01T11:42:11.159] [INFO] app - GET /_nuxt/app.c8da6ae33e890328863b.hot-update.js - 0ms
[2018-11-01T11:42:11.579] [INFO] app - GET /_nuxt/pages_admin_login.js - 0ms
[2018-11-01T11:42:11.609] [INFO] app - GET /_nuxt/iview.js.map - 0ms
[2018-11-01T11:42:11.621] [INFO] app - GET /__webpack_hmr - 0ms
[2018-11-01T11:42:11.724] [INFO] app - GET /_nuxt/node_modules/_iview@3.1.3@iview/dist/styles/fonts/ionicons.ttf - 0ms
[2018-11-01T11:42:32.508] [INFO] app - GET /admin/login - 0ms
[2018-11-01T11:42:32.610] [INFO] app - GET /_nuxt/0e91d4b9a5089302bf0a.hot-update.json - 0ms
[2018-11-01T11:42:33.169] [INFO] app - GET /_nuxt/runtime.js - 0ms
[2018-11-01T11:42:33.172] [INFO] app - GET /_nuxt/vendors.app.js - 0ms
[2018-11-01T11:42:33.176] [INFO] app - GET /_nuxt/app.js - 0ms
[2018-11-01T11:42:33.179] [INFO] app - GET /_nuxt/app.0e91d4b9a5089302bf0a.hot-update.js - 0ms
[2018-11-01T11:42:34.009] [INFO] app - GET /_nuxt/pages_admin_login.js - 0ms
[2018-11-01T11:42:34.053] [INFO] app - GET /_nuxt/iview.js.map - 0ms
[2018-11-01T11:42:34.098] [INFO] app - GET /__webpack_hmr - 0ms
[2018-11-01T11:42:34.249] [INFO] app - GET /_nuxt/node_modules/_iview@3.1.3@iview/dist/styles/fonts/ionicons.ttf - 0ms
[2018-11-01T11:44:07.746] [INFO] app - GET /admin/login - 0ms
[2018-11-01T11:44:07.852] [INFO] app - GET /_nuxt/runtime.js - 0ms
[2018-11-01T11:44:07.880] [INFO] app - GET /_nuxt/vendors.app.js - 0ms
[2018-11-01T11:44:07.884] [INFO] app - GET /_nuxt/app.js - 0ms
[2018-11-01T11:44:08.402] [INFO] app - GET /_nuxt/pages_admin_login.js - 0ms
[2018-11-01T11:44:08.440] [INFO] app - GET /_nuxt/iview.js.map - 0ms
[2018-11-01T11:44:08.454] [INFO] app - GET /__webpack_hmr - 0ms
[2018-11-01T11:44:08.532] [INFO] app - GET /_nuxt/node_modules/_iview@3.1.3@iview/dist/styles/fonts/ionicons.ttf - 0ms
[2018-11-01T11:44:55.835] [INFO] app - GET /_nuxt/40689a8265a54c2b3236.hot-update.json - 0ms
[2018-11-01T11:45:04.641] [INFO] app - GET /admin/login - 0ms
[2018-11-01T11:45:04.643] [INFO] app - GET /_nuxt/3b842c91f54fcea273df.hot-update.json - 0ms
[2018-11-01T11:45:04.802] [INFO] app - GET /_nuxt/app.3b842c91f54fcea273df.hot-update.js - 0ms
[2018-11-01T11:45:04.815] [INFO] app - GET /_nuxt/runtime.js - 0ms
[2018-11-01T11:45:04.841] [INFO] app - GET /_nuxt/vendors.app.js - 0ms
[2018-11-01T11:45:04.865] [INFO] app - GET /_nuxt/app.js - 0ms
[2018-11-01T11:45:04.882] [INFO] app - GET /_nuxt/app.3b842c91f54fcea273df.hot-update.js - 0ms
[2018-11-01T11:45:05.323] [INFO] app - GET /_nuxt/pages_admin_login.js - 0ms
[2018-11-01T11:45:05.368] [INFO] app - GET /_nuxt/iview.js.map - 0ms
[2018-11-01T11:45:05.371] [INFO] app - GET /__webpack_hmr - 0ms
[2018-11-01T11:45:05.454] [INFO] app - GET /_nuxt/node_modules/_iview@3.1.3@iview/dist/styles/fonts/ionicons.ttf - 0ms
[2018-11-01T11:45:16.087] [INFO] app - GET /_nuxt/bfc55d661ea3093e42d3.hot-update.json - 0ms
[2018-11-01T11:45:16.112] [INFO] app - GET /_nuxt/app.bfc55d661ea3093e42d3.hot-update.js - 0ms
[2018-11-01T11:45:21.280] [INFO] app - GET /admin/login - 0ms
[2018-11-01T11:45:21.281] [INFO] app - GET /_nuxt/2addf86e9ffc32ab8da1.hot-update.json - 0ms
[2018-11-01T11:45:21.407] [INFO] app - GET /_nuxt/app.2addf86e9ffc32ab8da1.hot-update.js - 0ms
[2018-11-01T11:45:21.437] [INFO] app - GET /_nuxt/runtime.js - 0ms
[2018-11-01T11:45:21.469] [INFO] app - GET /_nuxt/vendors.app.js - 0ms
[2018-11-01T11:45:21.495] [INFO] app - GET /_nuxt/app.js - 0ms
[2018-11-01T11:45:21.531] [INFO] app - GET /_nuxt/app.2addf86e9ffc32ab8da1.hot-update.js - 0ms
[2018-11-01T11:45:21.899] [INFO] app - GET /_nuxt/pages_admin_login.js - 0ms
[2018-11-01T11:45:21.930] [INFO] app - GET /_nuxt/iview.js.map - 0ms
[2018-11-01T11:45:21.940] [INFO] app - GET /__webpack_hmr - 0ms
[2018-11-01T11:45:22.025] [INFO] app - GET /_nuxt/node_modules/_iview@3.1.3@iview/dist/styles/fonts/ionicons.ttf - 0ms
[2018-11-01T11:45:42.067] [INFO] app - GET /_nuxt/a0286df061b6ec780aa7.hot-update.json - 0ms
[2018-11-01T11:45:42.083] [INFO] app - GET /_nuxt/app.a0286df061b6ec780aa7.hot-update.js - 0ms
[2018-11-01T11:45:47.810] [INFO] app - GET /_nuxt/fdbbe5b76c96c833eb94.hot-update.json - 0ms
[2018-11-01T11:45:47.832] [INFO] app - GET /_nuxt/app.fdbbe5b76c96c833eb94.hot-update.js - 0ms
[2018-11-01T11:45:50.923] [INFO] app - GET /_nuxt/603602d7bc8a716100c9.hot-update.json - 0ms
[2018-11-01T11:45:50.936] [INFO] app - GET /_nuxt/app.603602d7bc8a716100c9.hot-update.js - 0ms
[2018-11-01T11:45:52.396] [INFO] app - GET /admin/login - 0ms
[2018-11-01T11:45:52.612] [INFO] app - GET /_nuxt/4c90d6c922ffc8dbfe56.hot-update.json - 0ms
[2018-11-01T11:45:52.644] [INFO] app - GET /_nuxt/runtime.js - 0ms
[2018-11-01T11:45:52.653] [INFO] app - GET /_nuxt/vendors.app.js - 0ms
[2018-11-01T11:45:52.659] [INFO] app - GET /_nuxt/app.js - 0ms
[2018-11-01T11:45:52.676] [INFO] app - GET /_nuxt/app.4c90d6c922ffc8dbfe56.hot-update.js - 0ms
[2018-11-01T11:45:53.108] [INFO] app - GET /_nuxt/pages_admin_login.js - 0ms
[2018-11-01T11:45:53.143] [INFO] app - GET /_nuxt/iview.js.map - 0ms
[2018-11-01T11:45:53.154] [INFO] app - GET /__webpack_hmr - 0ms
[2018-11-01T11:45:53.242] [INFO] app - GET /_nuxt/node_modules/_iview@3.1.3@iview/dist/styles/fonts/ionicons.ttf - 0ms
[2018-11-01T11:46:16.835] [INFO] app - GET /_nuxt/c5ff7901bf14138d94e5.hot-update.json - 0ms
[2018-11-01T11:46:16.862] [INFO] app - GET /_nuxt/app.c5ff7901bf14138d94e5.hot-update.js - 0ms
[2018-11-01T11:46:17.299] [INFO] app - GET /admin/login - 0ms
[2018-11-01T11:46:17.463] [INFO] app - GET /_nuxt/runtime.js - 0ms
[2018-11-01T11:46:17.495] [INFO] app - GET /_nuxt/vendors.app.js - 0ms
[2018-11-01T11:46:17.500] [INFO] app - GET /_nuxt/app.js - 0ms
[2018-11-01T11:46:17.552] [INFO] app - GET /_nuxt/app.c5ff7901bf14138d94e5.hot-update.js - 0ms
[2018-11-01T11:46:18.108] [INFO] app - GET /_nuxt/pages_admin_login.js - 0ms
[2018-11-01T11:46:18.150] [INFO] app - GET /_nuxt/iview.js.map - 0ms
[2018-11-01T11:46:18.169] [INFO] app - GET /__webpack_hmr - 0ms
[2018-11-01T11:46:18.289] [INFO] app - GET /_nuxt/node_modules/_iview@3.1.3@iview/dist/styles/fonts/ionicons.ttf - 0ms
[2018-11-01T11:46:44.290] [INFO] app - GET /_nuxt/2ed13894726e4e5ed97f.hot-update.json - 0ms
[2018-11-01T11:46:44.295] [INFO] app - GET /_nuxt/app.2ed13894726e4e5ed97f.hot-update.js - 0ms
[2018-11-01T11:46:46.470] [INFO] app - GET /_nuxt/10752f7dba94383dbe55.hot-update.json - 0ms
[2018-11-01T11:47:03.866] [INFO] app - GET /_nuxt/d9550f73d3a07ac60e90.hot-update.json - 0ms
[2018-11-01T11:47:03.869] [INFO] app - GET /_nuxt/app.d9550f73d3a07ac60e90.hot-update.js - 0ms
[2018-11-01T11:47:16.346] [INFO] app - GET /_nuxt/36ce987be56e0f3daae1.hot-update.json - 0ms
[2018-11-01T11:47:16.374] [INFO] app - GET /_nuxt/app.36ce987be56e0f3daae1.hot-update.js - 0ms
[2018-11-01T11:47:17.838] [INFO] app - GET /_nuxt/044f837c317a294df1ec.hot-update.json - 0ms
[2018-11-01T11:47:17.843] [INFO] app - GET /_nuxt/app.044f837c317a294df1ec.hot-update.js - 0ms
[2018-11-01T11:47:34.826] [INFO] app - GET /_nuxt/e378988fbaafb3e7d8cf.hot-update.json - 0ms
[2018-11-01T11:47:34.859] [INFO] app - GET /_nuxt/app.e378988fbaafb3e7d8cf.hot-update.js - 0ms
[2018-11-01T11:47:51.347] [INFO] app - GET /_nuxt/3e91611bd04734474451.hot-update.json - 0ms
[2018-11-01T11:47:51.355] [INFO] app - GET /_nuxt/app.3e91611bd04734474451.hot-update.js - 0ms
[2018-11-01T11:48:06.889] [INFO] app - GET /_nuxt/da072eaea8eff76c3217.hot-update.json - 0ms
[2018-11-01T11:48:07.278] [INFO] app - GET /_nuxt/app.da072eaea8eff76c3217.hot-update.js - 0ms
[2018-11-01T11:48:07.817] [INFO] app - GET /_nuxt/8d04545aae7d723ac2f2.hot-update.json - 0ms
[2018-11-01T11:48:13.733] [INFO] app - GET /admin/login - 0ms
[2018-11-01T11:48:13.844] [INFO] app - GET /_nuxt/runtime.js - 0ms
[2018-11-01T11:48:13.859] [INFO] app - GET /_nuxt/vendors.app.js - 0ms
[2018-11-01T11:48:13.871] [INFO] app - GET /_nuxt/app.js - 0ms
[2018-11-01T11:48:14.221] [INFO] app - GET /_nuxt/pages_admin_login.js - 0ms
[2018-11-01T11:48:14.231] [INFO] app - GET /__webpack_hmr - 0ms
[2018-11-01T11:48:14.318] [INFO] app - GET /_nuxt/node_modules/_iview@3.1.3@iview/dist/styles/fonts/ionicons.ttf - 0ms
[2018-11-01T11:48:14.385] [INFO] app - GET /favicon.ico - 0ms
[2018-11-01T11:48:25.657] [INFO] app - GET /_nuxt/641f536630946f275526.hot-update.json - 0ms
[2018-11-01T11:48:25.661] [INFO] app - GET /_nuxt/app.641f536630946f275526.hot-update.js - 0ms
[2018-11-01T11:48:26.899] [INFO] app - GET /_nuxt/7833c9130e2eeaab942a.hot-update.json - 0ms
[2018-11-01T11:48:42.311] [INFO] app - GET /_nuxt/bfbe25bcf07eb345a4ac.hot-update.json - 0ms
[2018-11-01T11:48:42.315] [INFO] app - GET /_nuxt/app.bfbe25bcf07eb345a4ac.hot-update.js - 0ms
[2018-11-01T11:48:43.948] [INFO] app - GET /_nuxt/326cdcb37571ff876d27.hot-update.json - 0ms
[2018-11-01T11:49:49.667] [INFO] app - GET /_nuxt/927a900a3aa7486c3cc7.hot-update.json - 0ms
[2018-11-01T11:49:49.670] [INFO] app - GET /_nuxt/app.927a900a3aa7486c3cc7.hot-update.js - 0ms
[2018-11-01T11:49:51.321] [INFO] app - GET /_nuxt/065ad759397292fc5eba.hot-update.json - 0ms
[2018-11-01T11:50:07.068] [INFO] app - GET /_nuxt/3f804b941bdc90f27a21.hot-update.json - 1ms
[2018-11-01T11:50:07.080] [INFO] app - GET /_nuxt/app.3f804b941bdc90f27a21.hot-update.js - 0ms
[2018-11-01T11:50:10.229] [INFO] app - GET /_nuxt/e2c38725f5c1d1e93c96.hot-update.json - 0ms
[2018-11-01T11:50:10.251] [INFO] app - GET /_nuxt/app.e2c38725f5c1d1e93c96.hot-update.js - 0ms
[2018-11-01T11:50:36.147] [INFO] app - GET /_nuxt/7ac2fb956a116a17e21d.hot-update.json - 0ms
[2018-11-01T11:50:36.206] [INFO] app - GET /_nuxt/app.7ac2fb956a116a17e21d.hot-update.js - 0ms
[2018-11-01T11:50:45.814] [INFO] app - GET /_nuxt/1f2f202f3aef7c95dc73.hot-update.json - 0ms
[2018-11-01T11:50:45.851] [INFO] app - GET /_nuxt/app.1f2f202f3aef7c95dc73.hot-update.js - 0ms
[2018-11-01T11:50:58.103] [INFO] app - GET /_nuxt/iview.js.map - 0ms
[2018-11-01T13:51:37.330] [INFO] app - GET /admin/login - 0ms
[2018-11-01T13:51:38.305] [INFO] app - GET /_nuxt/runtime.js - 0ms
[2018-11-01T13:51:38.323] [INFO] app - GET /_nuxt/vendors.app.js - 0ms
[2018-11-01T13:51:38.328] [INFO] app - GET /_nuxt/app.js - 0ms
[2018-11-01T13:51:38.782] [INFO] app - GET /img/timg.jpg - 0ms
[2018-11-01T13:51:39.612] [INFO] app - GET /_nuxt/pages_admin_login.js - 0ms
[2018-11-01T13:51:39.669] [INFO] app - GET /_nuxt/iview.js.map - 0ms
[2018-11-01T13:51:39.700] [INFO] app - GET /__webpack_hmr - 0ms
[2018-11-01T13:51:39.992] [INFO] app - GET /_nuxt/node_modules/_iview@3.1.3@iview/dist/styles/fonts/ionicons.ttf - 0ms
[2018-11-01T13:52:05.985] [INFO] app - GET /_nuxt/9b7e8491af784164c4f6.hot-update.json - 0ms
[2018-11-01T13:52:06.565] [INFO] app - GET /_nuxt/pages_admin_login.9b7e8491af784164c4f6.hot-update.js - 0ms
[2018-11-01T13:52:16.857] [INFO] app - GET /admin/login - 0ms
[2018-11-01T13:52:16.880] [INFO] app - GET /_nuxt/cb70da3c521378f46a90.hot-update.json - 0ms
[2018-11-01T13:52:17.064] [INFO] app - GET /_nuxt/app.cb70da3c521378f46a90.hot-update.js - 0ms
[2018-11-01T13:52:17.154] [INFO] app - GET /_nuxt/runtime.js - 0ms
[2018-11-01T13:52:17.175] [INFO] app - GET /_nuxt/vendors.app.js - 0ms
[2018-11-01T13:52:17.180] [INFO] app - GET /_nuxt/app.js - 0ms
[2018-11-01T13:52:17.195] [INFO] app - GET /_nuxt/app.cb70da3c521378f46a90.hot-update.js - 0ms
[2018-11-01T13:52:17.201] [INFO] app - GET /img/timg.jpg - 0ms
[2018-11-01T13:52:17.978] [INFO] app - GET /_nuxt/pages_admin_login.js - 0ms
[2018-11-01T13:52:18.040] [INFO] app - GET /_nuxt/iview.js.map - 0ms
[2018-11-01T13:52:18.063] [INFO] app - GET /__webpack_hmr - 0ms
[2018-11-01T13:52:18.269] [INFO] app - GET /_nuxt/node_modules/_iview@3.1.3@iview/dist/styles/fonts/ionicons.ttf - 0ms
[2018-11-01T13:52:34.439] [INFO] app - GET /_nuxt/df8267dc17e27b661ac0.hot-update.json - 0ms
[2018-11-01T13:52:34.444] [INFO] app - GET /_nuxt/app.df8267dc17e27b661ac0.hot-update.js - 0ms
[2018-11-01T13:52:47.716] [INFO] app - GET /_nuxt/09fb2729af0bd72a0615.hot-update.json - 0ms
[2018-11-01T13:52:47.720] [INFO] app - GET /_nuxt/app.09fb2729af0bd72a0615.hot-update.js - 0ms
[2018-11-01T13:53:54.875] [INFO] app - GET /admin/login - 0ms
[2018-11-01T13:53:54.984] [INFO] app - GET /_nuxt/runtime.js - 0ms
[2018-11-01T13:53:54.989] [INFO] app - GET /_nuxt/vendors.app.js - 0ms
[2018-11-01T13:53:55.010] [INFO] app - GET /_nuxt/app.js - 0ms
[2018-11-01T13:53:55.012] [INFO] app - GET /_nuxt/app.09fb2729af0bd72a0615.hot-update.js - 0ms
[2018-11-01T13:53:55.017] [INFO] app - GET /img/timg.jpg - 0ms
[2018-11-01T13:53:55.631] [INFO] app - GET /_nuxt/pages_admin_login.js - 0ms
[2018-11-01T13:53:55.647] [INFO] app - GET /__webpack_hmr - 0ms
[2018-11-01T13:53:55.783] [INFO] app - GET /_nuxt/node_modules/_iview@3.1.3@iview/dist/styles/fonts/ionicons.ttf - 0ms
[2018-11-01T13:53:55.828] [INFO] app - GET /favicon.ico - 0ms
[2018-11-01T13:54:32.351] [INFO] app - GET /_nuxt/4581b8d9e85b54c2c8d6.hot-update.json - 0ms
[2018-11-01T13:54:32.355] [INFO] app - GET /_nuxt/app.4581b8d9e85b54c2c8d6.hot-update.js - 0ms
[2018-11-01T13:54:33.030] [INFO] app - GET /admin/login - 0ms
[2018-11-01T13:54:33.199] [INFO] app - GET /_nuxt/runtime.js - 0ms
[2018-11-01T13:54:33.203] [INFO] app - GET /_nuxt/vendors.app.js - 0ms
[2018-11-01T13:54:33.222] [INFO] app - GET /_nuxt/app.js - 0ms
[2018-11-01T13:54:33.236] [INFO] app - GET /_nuxt/app.4581b8d9e85b54c2c8d6.hot-update.js - 0ms
[2018-11-01T13:54:33.263] [INFO] app - GET /img/timg.jpg - 0ms
[2018-11-01T13:54:33.719] [INFO] app - GET /_nuxt/pages_admin_login.js - 0ms
[2018-11-01T13:54:33.729] [INFO] app - GET /__webpack_hmr - 0ms
[2018-11-01T13:54:33.794] [INFO] app - GET /_nuxt/node_modules/_iview@3.1.3@iview/dist/styles/fonts/ionicons.ttf - 0ms
[2018-11-01T13:54:33.868] [INFO] app - GET /favicon.ico - 0ms
[2018-11-01T13:56:09.075] [INFO] app - GET /admin/login - 0ms
[2018-11-01T13:56:09.141] [INFO] app - GET /_nuxt/runtime.js - 0ms
[2018-11-01T13:56:09.146] [INFO] app - GET /_nuxt/vendors.app.js - 0ms
[2018-11-01T13:56:09.150] [INFO] app - GET /_nuxt/app.js - 0ms
[2018-11-01T13:56:09.152] [INFO] app - GET /_nuxt/app.4581b8d9e85b54c2c8d6.hot-update.js - 0ms
[2018-11-01T13:56:09.187] [INFO] app - GET /img/timg.jpg - 0ms
[2018-11-01T13:56:09.813] [INFO] app - GET /_nuxt/pages_admin_login.js - 0ms
[2018-11-01T13:56:09.823] [INFO] app - GET /__webpack_hmr - 0ms
[2018-11-01T13:56:09.922] [INFO] app - GET /_nuxt/node_modules/_iview@3.1.3@iview/dist/styles/fonts/ionicons.ttf - 0ms
[2018-11-01T13:56:09.925] [INFO] app - GET /favicon.ico - 0ms
[2018-11-01T13:56:37.639] [INFO] app - GET /admin/login - 0ms
[2018-11-01T13:56:37.641] [INFO] app - GET /_nuxt/a85d45c620b0b9cc0150.hot-update.json - 0ms
[2018-11-01T13:56:37.742] [INFO] app - GET /_nuxt/app.a85d45c620b0b9cc0150.hot-update.js - 0ms
[2018-11-01T13:56:37.757] [INFO] app - GET /_nuxt/runtime.js - 0ms
[2018-11-01T13:56:37.775] [INFO] app - GET /_nuxt/vendors.app.js - 0ms
[2018-11-01T13:56:37.782] [INFO] app - GET /_nuxt/app.js - 0ms
[2018-11-01T13:56:37.788] [INFO] app - GET /_nuxt/app.a85d45c620b0b9cc0150.hot-update.js - 0ms
[2018-11-01T13:56:37.838] [INFO] app - GET /img/timg.jpg - 0ms
[2018-11-01T13:56:38.389] [INFO] app - GET /__webpack_hmr - 1ms
[2018-11-01T13:56:38.403] [INFO] app - GET /_nuxt/pages_admin_login.js - 0ms
[2018-11-01T13:56:38.546] [INFO] app - GET /_nuxt/node_modules/_iview@3.1.3@iview/dist/styles/fonts/ionicons.ttf - 0ms
[2018-11-01T13:56:38.620] [INFO] app - GET /favicon.ico - 0ms
[2018-11-01T13:56:50.013] [INFO] app - GET /_nuxt/10865488d6de404ed12c.hot-update.json - 0ms
[2018-11-01T13:56:50.018] [INFO] app - GET /_nuxt/app.10865488d6de404ed12c.hot-update.js - 0ms
[2018-11-01T13:56:51.103] [INFO] app - GET /admin/login - 0ms
[2018-11-01T13:56:51.657] [INFO] app - GET /_nuxt/runtime.js - 0ms
[2018-11-01T13:56:51.683] [INFO] app - GET /_nuxt/vendors.app.js - 0ms
[2018-11-01T13:56:51.693] [INFO] app - GET /_nuxt/app.js - 0ms
[2018-11-01T13:56:51.698] [INFO] app - GET /_nuxt/app.10865488d6de404ed12c.hot-update.js - 0ms
[2018-11-01T13:56:51.704] [INFO] app - GET /img/timg.jpg - 0ms
[2018-11-01T13:56:51.990] [INFO] app - GET /_nuxt/pages_admin_login.js - 0ms
[2018-11-01T13:56:52.027] [INFO] app - GET /__webpack_hmr - 0ms
[2018-11-01T13:56:52.104] [INFO] app - GET /_nuxt/node_modules/_iview@3.1.3@iview/dist/styles/fonts/ionicons.ttf - 0ms
[2018-11-01T13:56:52.157] [INFO] app - GET /favicon.ico - 0ms
[2018-11-01T13:57:00.764] [INFO] app - GET /_nuxt/a54b13d6c70bfc8e168a.hot-update.json - 0ms
[2018-11-01T13:57:00.775] [INFO] app - GET /_nuxt/app.a54b13d6c70bfc8e168a.hot-update.js - 0ms
[2018-11-01T13:57:02.723] [INFO] app - GET /admin/login - 0ms
[2018-11-01T13:57:03.217] [INFO] app - GET /_nuxt/runtime.js - 0ms
[2018-11-01T13:57:03.220] [INFO] app - GET /_nuxt/vendors.app.js - 0ms
[2018-11-01T13:57:03.227] [INFO] app - GET /_nuxt/app.js - 0ms
[2018-11-01T13:57:03.230] [INFO] app - GET /_nuxt/app.a54b13d6c70bfc8e168a.hot-update.js - 0ms
[2018-11-01T13:57:03.237] [INFO] app - GET /img/timg.jpg - 0ms
[2018-11-01T13:57:03.552] [INFO] app - GET /_nuxt/pages_admin_login.js - 0ms
[2018-11-01T13:57:03.562] [INFO] app - GET /__webpack_hmr - 0ms
[2018-11-01T13:57:03.661] [INFO] app - GET /_nuxt/node_modules/_iview@3.1.3@iview/dist/styles/fonts/ionicons.ttf - 0ms
[2018-11-01T13:57:03.717] [INFO] app - GET /favicon.ico - 0ms
[2018-11-01T13:57:31.337] [INFO] app - GET /_nuxt/c29830ea52a536e6ebdd.hot-update.json - 0ms
[2018-11-01T13:57:31.342] [INFO] app - GET /_nuxt/app.c29830ea52a536e6ebdd.hot-update.js - 0ms
[2018-11-01T13:57:31.575] [INFO] app - GET /admin/login - 0ms
[2018-11-01T13:57:31.758] [INFO] app - GET /_nuxt/runtime.js - 0ms
[2018-11-01T13:57:31.772] [INFO] app - GET /_nuxt/vendors.app.js - 0ms
[2018-11-01T13:57:31.779] [INFO] app - GET /_nuxt/app.js - 0ms
[2018-11-01T13:57:31.804] [INFO] app - GET /_nuxt/app.c29830ea52a536e6ebdd.hot-update.js - 0ms
[2018-11-01T13:57:31.824] [INFO] app - GET /img/timg.jpg - 0ms
[2018-11-01T13:57:32.394] [INFO] app - GET /__webpack_hmr - 0ms
[2018-11-01T13:57:32.426] [INFO] app - GET /_nuxt/pages_admin_login.js - 0ms
[2018-11-01T13:57:32.526] [INFO] app - GET /_nuxt/node_modules/_iview@3.1.3@iview/dist/styles/fonts/ionicons.ttf - 0ms
[2018-11-01T13:57:32.594] [INFO] app - GET /favicon.ico - 0ms
[2018-11-01T13:57:45.238] [INFO] app - GET /_nuxt/815ba808bc2bf3f7e170.hot-update.json - 0ms
[2018-11-01T13:57:45.243] [INFO] app - GET /_nuxt/app.815ba808bc2bf3f7e170.hot-update.js - 0ms
[2018-11-01T13:57:45.827] [INFO] app - GET /admin/login - 0ms
[2018-11-01T13:57:45.947] [INFO] app - GET /_nuxt/runtime.js - 0ms
[2018-11-01T13:57:45.962] [INFO] app - GET /_nuxt/vendors.app.js - 0ms
[2018-11-01T13:57:45.966] [INFO] app - GET /_nuxt/app.js - 0ms
[2018-11-01T13:57:45.996] [INFO] app - GET /_nuxt/app.815ba808bc2bf3f7e170.hot-update.js - 0ms
[2018-11-01T13:57:46.010] [INFO] app - GET /img/timg.jpg - 0ms
[2018-11-01T13:57:46.650] [INFO] app - GET /_nuxt/pages_admin_login.js - 0ms
[2018-11-01T13:57:46.659] [INFO] app - GET /__webpack_hmr - 0ms
[2018-11-01T13:57:46.749] [INFO] app - GET /_nuxt/node_modules/_iview@3.1.3@iview/dist/styles/fonts/ionicons.ttf - 0ms
[2018-11-01T13:57:46.803] [INFO] app - GET /favicon.ico - 0ms
[2018-11-01T13:57:56.819] [INFO] app - GET /_nuxt/3155150f6c73f8b5f6eb.hot-update.json - 0ms
[2018-11-01T13:57:56.874] [INFO] app - GET /_nuxt/app.3155150f6c73f8b5f6eb.hot-update.js - 0ms
[2018-11-01T13:57:57.499] [INFO] app - GET /admin/login - 0ms
[2018-11-01T13:57:57.657] [INFO] app - GET /_nuxt/runtime.js - 0ms
[2018-11-01T13:57:57.683] [INFO] app - GET /_nuxt/vendors.app.js - 0ms
[2018-11-01T13:57:57.692] [INFO] app - GET /_nuxt/app.js - 0ms
[2018-11-01T13:57:57.725] [INFO] app - GET /_nuxt/app.3155150f6c73f8b5f6eb.hot-update.js - 0ms
[2018-11-01T13:57:57.753] [INFO] app - GET /img/timg.jpg - 0ms
[2018-11-01T13:57:58.205] [INFO] app - GET /__webpack_hmr - 0ms
[2018-11-01T13:57:58.212] [INFO] app - GET /_nuxt/pages_admin_login.js - 0ms
[2018-11-01T13:57:58.372] [INFO] app - GET /_nuxt/node_modules/_iview@3.1.3@iview/dist/styles/fonts/ionicons.ttf - 0ms
[2018-11-01T13:57:58.420] [INFO] app - GET /favicon.ico - 0ms
[2018-11-01T13:58:15.265] [INFO] app - GET /_nuxt/cc6b52193b9153b66ec8.hot-update.json - 0ms
[2018-11-01T13:58:15.282] [INFO] app - GET /_nuxt/app.cc6b52193b9153b66ec8.hot-update.js - 0ms
[2018-11-01T13:58:16.778] [INFO] app - GET /_nuxt/380fa7a6b329a451eea0.hot-update.json - 0ms
[2018-11-01T13:58:22.818] [INFO] app - GET /_nuxt/42063ef145e04f4cbc4e.hot-update.json - 0ms
[2018-11-01T13:58:22.880] [INFO] app - GET /_nuxt/app.42063ef145e04f4cbc4e.hot-update.js - 0ms
[2018-11-01T13:58:30.716] [INFO] app - GET /_nuxt/f1035f5d6d8eb6887c71.hot-update.json - 0ms
[2018-11-01T13:58:30.765] [INFO] app - GET /_nuxt/app.f1035f5d6d8eb6887c71.hot-update.js - 0ms
[2018-11-01T13:58:31.782] [INFO] app - GET /_nuxt/73287e8f4fb818ba9b88.hot-update.json - 0ms
[2018-11-01T13:58:35.275] [INFO] app - GET /_nuxt/43dbaba9e715bba1d265.hot-update.json - 0ms
[2018-11-01T13:58:35.296] [INFO] app - GET /_nuxt/app.43dbaba9e715bba1d265.hot-update.js - 0ms
[2018-11-01T13:58:43.241] [INFO] app - GET /_nuxt/3a59c0bd3d1034d39b46.hot-update.json - 0ms
[2018-11-01T13:58:43.635] [INFO] app - GET /_nuxt/app.3a59c0bd3d1034d39b46.hot-update.js - 0ms
[2018-11-01T13:58:44.071] [INFO] app - GET /_nuxt/e0efc78a6c6ddfca1b32.hot-update.json - 0ms
[2018-11-01T13:58:49.613] [INFO] app - GET /_nuxt/621108d517eec70b0a10.hot-update.json - 0ms
[2018-11-01T13:58:49.637] [INFO] app - GET /_nuxt/app.621108d517eec70b0a10.hot-update.js - 1ms
[2018-11-01T13:59:29.003] [INFO] app - GET /_nuxt/06d28ecf5d0cdea8cbe0.hot-update.json - 0ms
[2018-11-01T13:59:30.377] [INFO] app - GET /_nuxt/pages_admin_login.06d28ecf5d0cdea8cbe0.hot-update.js - 0ms
[2018-11-01T13:59:35.351] [INFO] app - GET /_nuxt/ef78437934979b204e69.hot-update.json - 0ms
[2018-11-01T13:59:35.384] [INFO] app - GET /_nuxt/pages_admin_login.ef78437934979b204e69.hot-update.js - 0ms
[2018-11-01T13:59:47.757] [INFO] app - GET /_nuxt/9e863c11c4cf67dca173.hot-update.json - 0ms
[2018-11-01T13:59:47.801] [INFO] app - GET /_nuxt/pages_admin_login.9e863c11c4cf67dca173.hot-update.js - 0ms
[2018-11-01T13:59:59.557] [INFO] app - GET /_nuxt/93886c1fe7f6d13cda50.hot-update.json - 0ms
[2018-11-01T14:00:01.178] [INFO] app - GET /_nuxt/pages_admin_login.93886c1fe7f6d13cda50.hot-update.js - 0ms
[2018-11-01T14:00:10.838] [INFO] app - GET /_nuxt/e9c606540567e3f34cce.hot-update.json - 0ms
[2018-11-01T14:00:10.853] [INFO] app - GET /_nuxt/pages_admin_login.e9c606540567e3f34cce.hot-update.js - 0ms
[2018-11-01T14:09:24.198] [INFO] app - GET /admin/login - 0ms
[2018-11-01T14:09:24.556] [INFO] app - GET /_nuxt/runtime.js - 0ms
[2018-11-01T14:09:24.717] [INFO] app - GET /_nuxt/vendors.app.js - 0ms
[2018-11-01T14:09:24.724] [INFO] app - GET /_nuxt/app.js - 0ms
[2018-11-01T14:09:24.797] [INFO] app - GET /img/timg.jpg - 0ms
[2018-11-01T14:09:27.506] [INFO] app - GET /_nuxt/pages_admin_login.js - 0ms
[2018-11-01T14:09:27.524] [INFO] app - GET /__webpack_hmr - 0ms
[2018-11-01T14:09:27.859] [INFO] app - GET /_nuxt/node_modules/_iview@3.1.3@iview/dist/styles/fonts/ionicons.ttf - 0ms
[2018-11-01T14:09:28.162] [INFO] app - GET /favicon.ico - 0ms
[2018-11-01T14:10:02.393] [INFO] app - GET /_nuxt/087ab798588b3ba1fbba.hot-update.json - 0ms
[2018-11-01T14:10:02.428] [INFO] app - GET /_nuxt/pages_admin_login.087ab798588b3ba1fbba.hot-update.js - 0ms
[2018-11-01T14:10:06.345] [INFO] app - GET /_nuxt/76d205e60b1f368a6fbb.hot-update.json - 0ms
[2018-11-01T14:10:06.379] [INFO] app - GET /_nuxt/pages_admin_login.76d205e60b1f368a6fbb.hot-update.js - 0ms
[2018-11-01T14:10:17.322] [INFO] app - GET /admin/login - 0ms
[2018-11-01T14:10:17.456] [INFO] app - GET /_nuxt/runtime.js - 0ms
[2018-11-01T14:10:17.482] [INFO] app - GET /_nuxt/vendors.app.js - 0ms
[2018-11-01T14:10:17.488] [INFO] app - GET /_nuxt/app.js - 0ms
[2018-11-01T14:10:17.649] [INFO] app - GET /img/timg.jpg - 0ms
[2018-11-01T14:10:18.279] [INFO] app - GET /_nuxt/pages_admin_login.js - 0ms
[2018-11-01T14:10:18.287] [INFO] app - GET /__webpack_hmr - 0ms
[2018-11-01T14:10:18.482] [INFO] app - GET /_nuxt/node_modules/_iview@3.1.3@iview/dist/styles/fonts/ionicons.ttf - 0ms
[2018-11-01T14:10:18.585] [INFO] app - GET /favicon.ico - 0ms
[2018-11-01T14:12:50.794] [INFO] app - GET /_nuxt/5c6d8047867e3c576507.hot-update.json - 0ms
[2018-11-01T14:12:50.799] [INFO] app - GET /_nuxt/pages_admin_login.5c6d8047867e3c576507.hot-update.js - 0ms
[2018-11-01T14:12:50.816] [INFO] app - GET /_nuxt/26a7bce6eb4f2803b51a.hot-update.json - 0ms
[2018-11-01T14:12:50.823] [INFO] app - GET /_nuxt/pages_admin_login.26a7bce6eb4f2803b51a.hot-update.js - 0ms
[2018-11-01T14:12:50.831] [INFO] app - GET /_nuxt/56d8ca509038be9c3ae7.hot-update.json - 0ms
[2018-11-01T14:12:50.836] [INFO] app - GET /_nuxt/pages_admin_login.56d8ca509038be9c3ae7.hot-update.js - 0ms
[2018-11-01T14:12:50.846] [INFO] app - GET /_nuxt/8000a8b6efdb5e92aa5a.hot-update.json - 0ms
[2018-11-01T14:12:50.854] [INFO] app - GET /_nuxt/pages_admin_login.8000a8b6efdb5e92aa5a.hot-update.js - 0ms
[2018-11-01T14:12:50.860] [INFO] app - GET /_nuxt/855c51dee8117053e47b.hot-update.json - 0ms
[2018-11-01T14:13:11.371] [INFO] app - GET /admin/login - 0ms
[2018-11-01T14:13:11.621] [INFO] app - GET /_nuxt/runtime.js - 0ms
[2018-11-01T14:13:11.635] [INFO] app - GET /_nuxt/vendors.app.js - 0ms
[2018-11-01T14:13:11.639] [INFO] app - GET /_nuxt/app.js - 0ms
[2018-11-01T14:13:11.835] [INFO] app - GET /img/timg.jpg - 0ms
[2018-11-01T14:13:12.394] [INFO] app - GET /_nuxt/pages_admin_login.js - 0ms
[2018-11-01T14:13:12.402] [INFO] app - GET /__webpack_hmr - 0ms
[2018-11-01T14:13:12.504] [INFO] app - GET /_nuxt/node_modules/_iview@3.1.3@iview/dist/styles/fonts/ionicons.ttf - 0ms
[2018-11-01T14:13:12.597] [INFO] app - GET /favicon.ico - 0ms
[2018-11-01T14:13:38.208] [INFO] app - GET /_nuxt/4989a979509c6521c3df.hot-update.json - 0ms
[2018-11-01T14:13:38.592] [INFO] app - GET /_nuxt/pages_admin_login.4989a979509c6521c3df.hot-update.js - 0ms
[2018-11-01T14:13:40.542] [INFO] app - GET /_nuxt/cd78aee9e75d534cca4d.hot-update.json - 0ms
[2018-11-01T14:15:17.048] [INFO] app - GET /_nuxt/efce1113d7b8df6f056a.hot-update.json - 0ms
[2018-11-01T14:15:17.118] [INFO] app - GET /_nuxt/pages_admin_login.efce1113d7b8df6f056a.hot-update.js - 0ms
[2018-11-01T14:15:17.535] [INFO] app - GET /_nuxt/4c44e37960580c83ae6d.hot-update.json - 0ms
[2018-11-01T14:15:17.535] [INFO] app - GET /_nuxt/pages_admin_login.4c44e37960580c83ae6d.hot-update.js - 0ms
[2018-11-01T14:15:20.701] [INFO] app - GET /_nuxt/iview.js.map - 0ms
[2018-11-01T14:15:24.318] [INFO] app - GET /_nuxt/iview.js.map - 0ms
[2018-11-01T14:15:51.418] [INFO] app - GET /_nuxt/8caad2e6ac38fccf9596.hot-update.json - 0ms
[2018-11-01T14:15:51.423] [INFO] app - GET /_nuxt/pages_admin_login.8caad2e6ac38fccf9596.hot-update.js - 0ms
[2018-11-01T14:43:44.535] [INFO] app - GET /_nuxt/iview.js.map - 0ms
[2018-11-01T14:44:40.305] [INFO] app - GET /_nuxt/37baaa43f4844db68608.hot-update.json - 0ms
[2018-11-01T14:44:40.310] [INFO] app - GET /_nuxt/app.37baaa43f4844db68608.hot-update.js - 0ms
[2018-11-01T14:44:40.494] [INFO] app - GET /img/timg.jpg - 0ms
[2018-11-01T14:46:48.172] [INFO] app - GET /_nuxt/c374b18c42e283747580.hot-update.json - 0ms
[2018-11-01T14:46:51.037] [INFO] app - GET /_nuxt/ae164c23292b182b6e18.hot-update.json - 0ms
[2018-11-01T15:47:41.533] [INFO] app - GET /__webpack_hmr - 0ms
