[2018-10-17T17:09:24.197] [INFO] app - GET / - 0ms
[2018-10-17T17:09:24.567] [INFO] app - GET /_nuxt/runtime.js - 0ms
[2018-10-17T17:09:24.572] [INFO] app - GET /_nuxt/vendors.app.js - 0ms
[2018-10-17T17:09:24.579] [INFO] app - GET /_nuxt/app.js - 0ms
[2018-10-17T17:09:24.584] [INFO] app - GET /_nuxt/client/assets/img/logo.png - 0ms
[2018-10-17T17:09:24.922] [INFO] app - GET /_nuxt/pages_index.js - 0ms
[2018-10-17T17:09:24.925] [INFO] app - GET /__webpack_hmr - 0ms
[2018-10-17T17:09:24.975] [INFO] app - GET /favicon.ico - 0ms
[2018-10-17T17:09:26.214] [INFO] app - GET /_nuxt/pages_about.js - 0ms
[2018-10-17T17:14:33.150] [INFO] app - GET / - 0ms
[2018-10-17T17:14:33.472] [INFO] app - GET /__webpack_hmr - 0ms
[2018-10-17T17:14:33.483] [INFO] app - GET /_nuxt/runtime.js - 0ms
[2018-10-17T17:14:33.490] [INFO] app - GET /_nuxt/vendors.app.js - 0ms
[2018-10-17T17:14:33.499] [INFO] app - GET /_nuxt/app.js - 0ms
[2018-10-17T17:14:33.506] [INFO] app - GET /_nuxt/client/assets/img/logo.png - 0ms
[2018-10-17T17:14:33.863] [INFO] app - GET /_nuxt/pages_index.js - 0ms
[2018-10-17T17:14:33.867] [INFO] app - GET /__webpack_hmr - 0ms
[2018-10-17T17:15:44.668] [INFO] app - GET /user/23 - 0ms
[2018-10-17T17:15:44.710] [INFO] app - GET /_nuxt/runtime.js - 0ms
[2018-10-17T17:15:44.719] [INFO] app - GET /_nuxt/vendors.app.js - 0ms
[2018-10-17T17:15:44.731] [INFO] app - GET /_nuxt/app.js - 0ms
[2018-10-17T17:15:44.735] [INFO] app - GET /_nuxt/client/assets/img/logo.png - 0ms
[2018-10-17T17:15:45.202] [INFO] app - GET /__webpack_hmr - 0ms
[2018-10-17T17:15:48.772] [INFO] app - GET /user/23 - 0ms
[2018-10-17T17:15:48.804] [INFO] app - GET /_nuxt/runtime.js - 1ms
[2018-10-17T17:15:48.806] [INFO] app - GET /_nuxt/vendors.app.js - 0ms
[2018-10-17T17:15:48.812] [INFO] app - GET /_nuxt/app.js - 0ms
[2018-10-17T17:15:48.819] [INFO] app - GET /_nuxt/client/assets/img/logo.png - 0ms
[2018-10-17T17:15:49.258] [INFO] app - GET /__webpack_hmr - 0ms
[2018-10-17T17:16:46.780] [INFO] app - GET /users/23 - 2ms
[2018-10-17T17:18:13.064] [INFO] app - GET / - 0ms
[2018-10-17T17:18:13.129] [INFO] app - GET /_nuxt/runtime.js - 0ms
[2018-10-17T17:18:13.148] [INFO] app - GET /_nuxt/vendors.app.js - 0ms
[2018-10-17T17:18:13.161] [INFO] app - GET /_nuxt/app.js - 0ms
[2018-10-17T17:18:13.171] [INFO] app - GET /_nuxt/client/assets/img/logo.png - 0ms
[2018-10-17T17:18:13.532] [INFO] app - GET /_nuxt/pages_index.js - 0ms
[2018-10-17T17:18:13.556] [INFO] app - GET /__webpack_hmr - 0ms
[2018-10-17T17:19:17.723] [INFO] app - GET /users/23 - 0ms
[2018-10-17T17:19:21.358] [INFO] app - GET /users/26 - 1ms
[2018-10-17T17:22:08.109] [INFO] app - GET /users/0 - 1ms
[2018-10-17T17:35:22.367] [INFO] app - GET /users/0 - 2ms
[2018-10-17T17:48:36.878] [INFO] app - GET / - 0ms
[2018-10-17T17:48:37.208] [INFO] app - GET /_nuxt/runtime.js - 0ms
[2018-10-17T17:48:37.224] [INFO] app - GET /_nuxt/vendors.app.js - 0ms
[2018-10-17T17:48:37.241] [INFO] app - GET /_nuxt/app.js - 0ms
[2018-10-17T17:48:37.245] [INFO] app - GET /_nuxt/client/assets/img/logo.png - 0ms
[2018-10-17T17:48:37.594] [INFO] app - GET /_nuxt/pages_index.js - 0ms
[2018-10-17T17:48:37.597] [INFO] app - GET /__webpack_hmr - 0ms
[2018-10-17T17:48:43.149] [INFO] app - GET /_nuxt/pages_about.js - 0ms
