[2018-11-02T10:39:49.687] [INFO] app - GET / - 0ms
[2018-11-02T10:39:50.077] [INFO] app - GET /_nuxt/runtime.js - 0ms
[2018-11-02T10:39:50.081] [INFO] app - GET /_nuxt/vendors.app.js - 0ms
[2018-11-02T10:39:50.103] [INFO] app - GET /_nuxt/app.js - 0ms
[2018-11-02T10:39:50.680] [INFO] app - GET /_nuxt/pages_index.js - 0ms
[2018-11-02T10:39:50.690] [INFO] app - GET /__webpack_hmr - 0ms
[2018-11-02T10:39:51.857] [INFO] app - GET /img/logo.png - 0ms
[2018-11-02T10:39:54.662] [INFO] app - GET /_nuxt/iview.js.map - 0ms
[2018-11-02T10:41:19.319] [INFO] app - GET /_nuxt/1483d06420458f2d55b4.hot-update.json - 0ms
[2018-11-02T10:41:19.330] [INFO] app - GET /_nuxt/pages_index.1483d06420458f2d55b4.hot-update.js - 0ms
[2018-11-02T10:41:19.342] [INFO] app - GET /_nuxt/830d136acb231dc88ad0.hot-update.json - 0ms
[2018-11-02T10:41:19.351] [INFO] app - GET /_nuxt/a79e62b243289f7db972.hot-update.json - 0ms
[2018-11-02T10:41:19.357] [INFO] app - GET /_nuxt/pages_index.a79e62b243289f7db972.hot-update.js - 0ms
[2018-11-02T10:41:19.372] [INFO] app - GET /_nuxt/a70a4d46f8c197c1ccea.hot-update.json - 0ms
[2018-11-02T10:41:19.382] [INFO] app - GET /_nuxt/6fa34b9608bcc92ec02c.hot-update.json - 0ms
[2018-11-02T10:41:19.389] [INFO] app - GET /_nuxt/pages_index.6fa34b9608bcc92ec02c.hot-update.js - 0ms
[2018-11-02T10:41:19.398] [INFO] app - GET /_nuxt/aa1e9418fc36bcccd4f1.hot-update.json - 0ms
[2018-11-02T10:41:19.408] [INFO] app - GET /_nuxt/pages_index.aa1e9418fc36bcccd4f1.hot-update.js - 0ms
[2018-11-02T10:41:19.418] [INFO] app - GET /_nuxt/d45a57cba1f7a98778f4.hot-update.json - 0ms
[2018-11-02T10:41:19.428] [INFO] app - GET /_nuxt/pages_index.d45a57cba1f7a98778f4.hot-update.js - 0ms
[2018-11-02T10:41:19.439] [INFO] app - GET /_nuxt/d3db6277cec2c23110ce.hot-update.json - 0ms
[2018-11-02T10:41:19.449] [INFO] app - GET /_nuxt/b7e095372709ad740fba.hot-update.json - 0ms
[2018-11-02T10:41:19.456] [INFO] app - GET /_nuxt/pages_index.b7e095372709ad740fba.hot-update.js - 0ms
[2018-11-02T10:41:19.464] [INFO] app - GET /_nuxt/02d6ab4e398f2f74a7a6.hot-update.json - 0ms
[2018-11-02T10:41:19.472] [INFO] app - GET /_nuxt/452ca2a7d4ddf46053e0.hot-update.json - 0ms
[2018-11-02T10:41:19.483] [INFO] app - GET /_nuxt/pages_index.452ca2a7d4ddf46053e0.hot-update.js - 0ms
[2018-11-02T10:41:26.418] [INFO] app - GET /_nuxt/b6b5b18c031ecea11088.hot-update.json - 0ms
[2018-11-02T10:41:26.429] [INFO] app - GET /_nuxt/pages_index.b6b5b18c031ecea11088.hot-update.js - 0ms
[2018-11-02T10:41:28.380] [INFO] app - GET /_nuxt/f088f802266774ed9541.hot-update.json - 0ms
[2018-11-02T10:41:28.387] [INFO] app - GET /_nuxt/pages_index.f088f802266774ed9541.hot-update.js - 0ms
[2018-11-02T10:41:31.448] [INFO] app - GET / - 0ms
[2018-11-02T10:41:31.531] [INFO] app - GET /_nuxt/runtime.js - 0ms
[2018-11-02T10:41:31.535] [INFO] app - GET /_nuxt/vendors.app.js - 0ms
[2018-11-02T10:41:31.542] [INFO] app - GET /_nuxt/app.js - 0ms
[2018-11-02T10:41:32.060] [INFO] app - GET /_nuxt/pages_index.js - 0ms
[2018-11-02T10:41:32.086] [INFO] app - GET /_nuxt/iview.js.map - 0ms
[2018-11-02T10:41:32.097] [INFO] app - GET /__webpack_hmr - 0ms
[2018-11-02T10:41:33.329] [INFO] app - GET /img/logo.png - 0ms
[2018-11-02T10:49:48.154] [INFO] app - GET /__webpack_hmr - 0ms
[2018-11-02T10:49:48.325] [INFO] app - GET /_nuxt/f75594451df563915fe1.hot-update.json - 0ms
[2018-11-02T10:49:49.191] [INFO] app - GET / - 0ms
[2018-11-02T10:49:49.375] [INFO] app - GET /_nuxt/runtime.js - 0ms
[2018-11-02T10:49:49.390] [INFO] app - GET /_nuxt/vendors.app.js - 0ms
[2018-11-02T10:49:49.397] [INFO] app - GET /_nuxt/app.js - 0ms
[2018-11-02T10:49:50.673] [INFO] app - GET /_nuxt/pages_index.js - 0ms
[2018-11-02T10:49:50.701] [INFO] app - GET /__webpack_hmr - 0ms
[2018-11-02T10:49:50.748] [INFO] app - GET /_nuxt/iview.js.map - 0ms
[2018-11-02T10:50:55.061] [INFO] app - GET /_nuxt/b2d24aa560212dcd99b5.hot-update.json - 0ms
[2018-11-02T10:50:55.076] [INFO] app - GET /_nuxt/app.b2d24aa560212dcd99b5.hot-update.js - 0ms
[2018-11-02T10:50:55.124] [INFO] app - GET /_nuxt/d1b535c8d386d276ec93.hot-update.json - 0ms
[2018-11-02T10:50:55.135] [INFO] app - GET / - 0ms
[2018-11-02T10:50:55.203] [INFO] app - GET /_nuxt/app.d1b535c8d386d276ec93.hot-update.js - 0ms
[2018-11-02T10:50:55.228] [INFO] app - GET /_nuxt/runtime.js - 0ms
[2018-11-02T10:50:55.242] [INFO] app - GET /_nuxt/vendors.app.js - 0ms
[2018-11-02T10:50:55.267] [INFO] app - GET /_nuxt/app.js - 0ms
[2018-11-02T10:50:55.270] [INFO] app - GET /_nuxt/app.d1b535c8d386d276ec93.hot-update.js - 0ms
[2018-11-02T10:50:56.005] [INFO] app - GET /_nuxt/pages_index.js - 0ms
[2018-11-02T10:50:56.115] [INFO] app - GET /__webpack_hmr - 0ms
[2018-11-02T10:50:56.127] [INFO] app - GET /_nuxt/iview.js.map - 0ms
[2018-11-02T10:51:41.966] [INFO] app - GET /_nuxt/bb49aad354533a1a712c.hot-update.json - 0ms
[2018-11-02T10:51:42.110] [INFO] app - GET /_nuxt/app.bb49aad354533a1a712c.hot-update.js - 0ms
[2018-11-02T10:51:42.122] [INFO] app - GET / - 0ms
[2018-11-02T10:51:42.241] [INFO] app - GET /_nuxt/runtime.js - 0ms
[2018-11-02T10:51:42.262] [INFO] app - GET /_nuxt/vendors.app.js - 0ms
[2018-11-02T10:51:42.267] [INFO] app - GET /_nuxt/app.js - 0ms
[2018-11-02T10:51:42.286] [INFO] app - GET /_nuxt/app.bb49aad354533a1a712c.hot-update.js - 0ms
[2018-11-02T10:51:42.891] [INFO] app - GET /_nuxt/pages_index.js - 0ms
[2018-11-02T10:51:42.924] [INFO] app - GET /_nuxt/iview.js.map - 0ms
[2018-11-02T10:51:42.934] [INFO] app - GET /__webpack_hmr - 0ms
[2018-11-02T10:52:21.388] [INFO] app - GET /_nuxt/4465c223830cc5dbe1a9.hot-update.json - 0ms
[2018-11-02T10:52:21.414] [INFO] app - GET /_nuxt/app.4465c223830cc5dbe1a9.hot-update.js - 0ms
[2018-11-02T10:52:21.437] [INFO] app - GET / - 0ms
[2018-11-02T10:52:21.531] [INFO] app - GET /_nuxt/runtime.js - 0ms
[2018-11-02T10:52:21.586] [INFO] app - GET /_nuxt/vendors.app.js - 0ms
[2018-11-02T10:52:21.592] [INFO] app - GET /_nuxt/app.js - 0ms
[2018-11-02T10:52:21.597] [INFO] app - GET /_nuxt/app.4465c223830cc5dbe1a9.hot-update.js - 0ms
[2018-11-02T10:52:22.205] [INFO] app - GET /_nuxt/iview.js.map - 0ms
[2018-11-02T10:52:22.209] [INFO] app - GET /_nuxt/pages_index.js - 0ms
[2018-11-02T10:52:22.276] [INFO] app - GET /__webpack_hmr - 0ms
[2018-11-02T10:52:37.761] [INFO] app - GET /_nuxt/8c7c4407f8e943e8401e.hot-update.json - 0ms
[2018-11-02T10:52:37.794] [INFO] app - GET /_nuxt/app.8c7c4407f8e943e8401e.hot-update.js - 0ms
[2018-11-02T10:52:37.811] [INFO] app - GET /_nuxt/82307671b48f557a92be.hot-update.json - 0ms
[2018-11-02T10:52:37.822] [INFO] app - GET / - 0ms
[2018-11-02T10:52:37.951] [INFO] app - GET /_nuxt/runtime.js - 0ms
[2018-11-02T10:52:37.958] [INFO] app - GET /_nuxt/vendors.app.js - 0ms
[2018-11-02T10:52:37.971] [INFO] app - GET /_nuxt/app.js - 0ms
[2018-11-02T10:52:38.455] [INFO] app - GET /_nuxt/iview.js.map - 0ms
[2018-11-02T10:52:38.467] [INFO] app - GET /_nuxt/pages_index.js - 0ms
[2018-11-02T10:52:38.539] [INFO] app - GET /__webpack_hmr - 0ms
[2018-11-02T10:53:03.619] [INFO] app - GET /_nuxt/d99eeda880c4d3fcaa58.hot-update.json - 0ms
[2018-11-02T10:53:03.626] [INFO] app - GET /_nuxt/app.d99eeda880c4d3fcaa58.hot-update.js - 0ms
[2018-11-02T10:53:03.637] [INFO] app - GET / - 0ms
[2018-11-02T10:53:03.800] [INFO] app - GET /_nuxt/runtime.js - 0ms
[2018-11-02T10:53:03.805] [INFO] app - GET /_nuxt/vendors.app.js - 0ms
[2018-11-02T10:53:03.825] [INFO] app - GET /_nuxt/app.js - 1ms
[2018-11-02T10:53:03.842] [INFO] app - GET /_nuxt/app.d99eeda880c4d3fcaa58.hot-update.js - 0ms
[2018-11-02T10:53:04.585] [INFO] app - GET /_nuxt/iview.js.map - 0ms
[2018-11-02T10:53:04.599] [INFO] app - GET /_nuxt/pages_index.js - 0ms
[2018-11-02T10:53:04.651] [INFO] app - GET /__webpack_hmr - 0ms
[2018-11-02T10:53:07.207] [INFO] app - GET / - 0ms
[2018-11-02T10:53:07.239] [INFO] app - GET /_nuxt/runtime.js - 0ms
[2018-11-02T10:53:07.243] [INFO] app - GET /_nuxt/vendors.app.js - 0ms
[2018-11-02T10:53:07.267] [INFO] app - GET /_nuxt/app.js - 0ms
[2018-11-02T10:53:07.276] [INFO] app - GET /_nuxt/app.d99eeda880c4d3fcaa58.hot-update.js - 0ms
[2018-11-02T10:53:07.824] [INFO] app - GET /_nuxt/iview.js.map - 0ms
[2018-11-02T10:53:07.828] [INFO] app - GET /_nuxt/pages_index.js - 0ms
[2018-11-02T10:53:07.887] [INFO] app - GET /__webpack_hmr - 0ms
[2018-11-02T10:54:08.241] [INFO] app - GET / - 0ms
[2018-11-02T10:54:08.291] [INFO] app - GET /_nuxt/runtime.js - 0ms
[2018-11-02T10:54:08.294] [INFO] app - GET /_nuxt/vendors.app.js - 0ms
[2018-11-02T10:54:08.304] [INFO] app - GET /_nuxt/app.js - 0ms
[2018-11-02T10:54:08.307] [INFO] app - GET /_nuxt/app.d99eeda880c4d3fcaa58.hot-update.js - 0ms
[2018-11-02T10:54:08.830] [INFO] app - GET /_nuxt/iview.js.map - 0ms
[2018-11-02T10:54:08.839] [INFO] app - GET /_nuxt/pages_index.js - 0ms
[2018-11-02T10:54:08.871] [INFO] app - GET /__webpack_hmr - 0ms
[2018-11-02T10:54:35.611] [INFO] app - GET /_nuxt/314bb821a2171bea0cad.hot-update.json - 0ms
[2018-11-02T10:54:35.648] [INFO] app - GET /_nuxt/app.314bb821a2171bea0cad.hot-update.js - 0ms
[2018-11-02T10:54:35.871] [INFO] app - GET / - 0ms
[2018-11-02T10:54:36.094] [INFO] app - GET /_nuxt/runtime.js - 0ms
[2018-11-02T10:54:36.105] [INFO] app - GET /_nuxt/vendors.app.js - 0ms
[2018-11-02T10:54:36.127] [INFO] app - GET /_nuxt/app.js - 0ms
[2018-11-02T10:54:36.133] [INFO] app - GET /_nuxt/app.314bb821a2171bea0cad.hot-update.js - 0ms
[2018-11-02T10:54:36.744] [INFO] app - GET /_nuxt/iview.js.map - 0ms
[2018-11-02T10:54:36.760] [INFO] app - GET /_nuxt/pages_index.js - 0ms
[2018-11-02T10:54:36.789] [INFO] app - GET /__webpack_hmr - 0ms
[2018-11-02T10:55:01.638] [INFO] app - GET /_nuxt/a45a369981406f37c809.hot-update.json - 0ms
[2018-11-02T10:55:01.656] [INFO] app - GET /_nuxt/app.a45a369981406f37c809.hot-update.js - 0ms
[2018-11-02T10:55:01.686] [INFO] app - GET /_nuxt/7a6c99ca611050f914ce.hot-update.json - 0ms
[2018-11-02T10:55:01.696] [INFO] app - GET / - 0ms
[2018-11-02T10:55:01.698] [INFO] app - GET /_nuxt/app.7a6c99ca611050f914ce.hot-update.js - 0ms
[2018-11-02T10:55:01.840] [INFO] app - GET / - 3ms
[2018-11-02T10:55:02.273] [INFO] app - GET /_nuxt/runtime.js - 0ms
[2018-11-02T10:55:02.285] [INFO] app - GET /_nuxt/vendors.app.js - 0ms
[2018-11-02T10:55:02.300] [INFO] app - GET /_nuxt/app.js - 0ms
[2018-11-02T10:55:02.402] [INFO] app - GET /_nuxt/app.7a6c99ca611050f914ce.hot-update.js - 0ms
[2018-11-02T10:55:02.877] [INFO] app - GET /_nuxt/iview.js.map - 0ms
[2018-11-02T10:55:02.899] [INFO] app - GET /_nuxt/pages_index.js - 0ms
[2018-11-02T10:55:02.935] [INFO] app - GET /__webpack_hmr - 0ms
[2018-11-02T10:55:18.183] [INFO] app - GET /_nuxt/4b87bd7582cf5d64cefe.hot-update.json - 0ms
[2018-11-02T10:55:18.190] [INFO] app - GET /_nuxt/app.4b87bd7582cf5d64cefe.hot-update.js - 0ms
[2018-11-02T10:55:18.201] [INFO] app - GET / - 0ms
[2018-11-02T10:55:18.368] [INFO] app - GET /_nuxt/runtime.js - 0ms
[2018-11-02T10:55:18.388] [INFO] app - GET /_nuxt/vendors.app.js - 0ms
[2018-11-02T10:55:18.421] [INFO] app - GET /_nuxt/app.js - 0ms
[2018-11-02T10:55:18.487] [INFO] app - GET /_nuxt/app.4b87bd7582cf5d64cefe.hot-update.js - 0ms
[2018-11-02T10:55:19.015] [INFO] app - GET /_nuxt/iview.js.map - 0ms
[2018-11-02T10:55:19.053] [INFO] app - GET /_nuxt/pages_index.js - 0ms
[2018-11-02T10:55:19.083] [INFO] app - GET /__webpack_hmr - 0ms
[2018-11-02T10:56:24.122] [INFO] app - GET /__webpack_hmr - 0ms
[2018-11-02T10:56:24.172] [INFO] app - GET /_nuxt/6f04a8518176556fefaf.hot-update.json - 0ms
[2018-11-02T10:56:24.639] [INFO] app - GET / - 0ms
[2018-11-02T10:56:24.732] [INFO] app - GET /_nuxt/runtime.js - 0ms
[2018-11-02T10:56:24.737] [INFO] app - GET /_nuxt/vendors.app.js - 1ms
[2018-11-02T10:56:24.742] [INFO] app - GET /_nuxt/app.js - 0ms
[2018-11-02T10:56:25.232] [INFO] app - GET /_nuxt/iview.js.map - 0ms
[2018-11-02T10:56:25.234] [INFO] app - GET /_nuxt/pages_index.js - 0ms
[2018-11-02T10:56:25.286] [INFO] app - GET /__webpack_hmr - 0ms
[2018-11-02T10:56:58.515] [INFO] app - GET /_nuxt/d2756db800aa1c07aeae.hot-update.json - 0ms
[2018-11-02T10:56:58.525] [INFO] app - GET /_nuxt/app.d2756db800aa1c07aeae.hot-update.js - 0ms
[2018-11-02T10:56:58.538] [INFO] app - GET / - 0ms
[2018-11-02T10:56:58.639] [INFO] app - GET /_nuxt/runtime.js - 0ms
[2018-11-02T10:56:58.642] [INFO] app - GET /_nuxt/vendors.app.js - 0ms
[2018-11-02T10:56:58.652] [INFO] app - GET /_nuxt/app.js - 0ms
[2018-11-02T10:56:58.660] [INFO] app - GET /_nuxt/app.d2756db800aa1c07aeae.hot-update.js - 0ms
[2018-11-02T10:56:59.252] [INFO] app - GET /_nuxt/iview.js.map - 0ms
[2018-11-02T10:56:59.255] [INFO] app - GET /_nuxt/pages_index.js - 0ms
[2018-11-02T10:56:59.306] [INFO] app - GET /__webpack_hmr - 0ms
[2018-11-02T10:57:03.704] [INFO] app - GET / - 0ms
[2018-11-02T10:57:03.754] [INFO] app - GET /_nuxt/runtime.js - 0ms
[2018-11-02T10:57:03.761] [INFO] app - GET /_nuxt/vendors.app.js - 0ms
[2018-11-02T10:57:03.786] [INFO] app - GET /_nuxt/app.js - 0ms
[2018-11-02T10:57:03.804] [INFO] app - GET /_nuxt/app.d2756db800aa1c07aeae.hot-update.js - 0ms
[2018-11-02T10:57:04.293] [INFO] app - GET /_nuxt/iview.js.map - 0ms
[2018-11-02T10:57:04.305] [INFO] app - GET /_nuxt/pages_index.js - 0ms
[2018-11-02T10:57:04.354] [INFO] app - GET /__webpack_hmr - 0ms
[2018-11-02T10:57:52.803] [INFO] app - GET /__webpack_hmr - 0ms
[2018-11-02T10:57:52.839] [INFO] app - GET /_nuxt/558b9e40a94940ec5404.hot-update.json - 0ms
[2018-11-02T10:57:53.177] [INFO] app - GET / - 0ms
[2018-11-02T10:57:53.222] [INFO] app - GET /_nuxt/runtime.js - 0ms
[2018-11-02T10:57:53.227] [INFO] app - GET /_nuxt/vendors.app.js - 0ms
[2018-11-02T10:57:53.232] [INFO] app - GET /_nuxt/app.js - 0ms
[2018-11-02T10:57:53.688] [INFO] app - GET /_nuxt/iview.js.map - 0ms
[2018-11-02T10:57:53.698] [INFO] app - GET /_nuxt/pages_index.js - 0ms
[2018-11-02T10:57:53.729] [INFO] app - GET /__webpack_hmr - 0ms
[2018-11-02T10:59:30.349] [INFO] app - GET / - 0ms
[2018-11-02T10:59:30.396] [INFO] app - GET /_nuxt/runtime.js - 0ms
[2018-11-02T10:59:30.402] [INFO] app - GET /_nuxt/vendors.app.js - 0ms
[2018-11-02T10:59:30.409] [INFO] app - GET /_nuxt/app.js - 0ms
[2018-11-02T10:59:30.979] [INFO] app - GET /_nuxt/iview.js.map - 0ms
[2018-11-02T10:59:30.981] [INFO] app - GET /_nuxt/pages_index.js - 0ms
[2018-11-02T10:59:31.019] [INFO] app - GET /__webpack_hmr - 0ms
[2018-11-02T10:59:48.141] [INFO] app - GET /_nuxt/69b459c1c40e48352206.hot-update.json - 0ms
[2018-11-02T10:59:48.165] [INFO] app - GET /_nuxt/app.69b459c1c40e48352206.hot-update.js - 0ms
[2018-11-02T10:59:48.256] [INFO] app - GET / - 0ms
[2018-11-02T10:59:48.575] [INFO] app - GET /_nuxt/runtime.js - 1ms
[2018-11-02T10:59:48.578] [INFO] app - GET /_nuxt/vendors.app.js - 0ms
[2018-11-02T10:59:48.579] [INFO] app - GET /_nuxt/app.js - 0ms
[2018-11-02T10:59:48.581] [INFO] app - GET /_nuxt/app.69b459c1c40e48352206.hot-update.js - 0ms
[2018-11-02T10:59:49.355] [INFO] app - GET /_nuxt/pages_index.js - 0ms
[2018-11-02T10:59:49.385] [INFO] app - GET /_nuxt/iview.js.map - 0ms
[2018-11-02T10:59:49.416] [INFO] app - GET /__webpack_hmr - 0ms
[2018-11-02T10:59:54.182] [INFO] app - GET / - 0ms
[2018-11-02T10:59:54.243] [INFO] app - GET /_nuxt/runtime.js - 0ms
[2018-11-02T10:59:54.247] [INFO] app - GET /_nuxt/vendors.app.js - 0ms
[2018-11-02T10:59:54.255] [INFO] app - GET /_nuxt/app.js - 0ms
[2018-11-02T10:59:54.788] [INFO] app - GET /_nuxt/pages_index.js - 0ms
[2018-11-02T10:59:54.815] [INFO] app - GET /_nuxt/iview.js.map - 0ms
[2018-11-02T10:59:54.829] [INFO] app - GET /__webpack_hmr - 0ms
[2018-11-02T11:00:28.899] [INFO] app - GET /_nuxt/66b28ae2b9532be241ab.hot-update.json - 0ms
[2018-11-02T11:00:28.923] [INFO] app - GET /_nuxt/pages_index.66b28ae2b9532be241ab.hot-update.js - 0ms
[2018-11-02T11:00:30.691] [INFO] app - GET /_nuxt/d2c58b5a8e8a5e76a869.hot-update.json - 0ms
[2018-11-02T11:00:30.695] [INFO] app - GET /_nuxt/pages_index.d2c58b5a8e8a5e76a869.hot-update.js - 0ms
[2018-11-02T11:00:33.852] [INFO] app - GET / - 0ms
[2018-11-02T11:00:33.954] [INFO] app - GET /_nuxt/runtime.js - 0ms
[2018-11-02T11:00:33.959] [INFO] app - GET /_nuxt/vendors.app.js - 0ms
[2018-11-02T11:00:33.964] [INFO] app - GET /_nuxt/app.js - 0ms
[2018-11-02T11:00:34.525] [INFO] app - GET /_nuxt/pages_index.js - 0ms
[2018-11-02T11:00:34.553] [INFO] app - GET /_nuxt/iview.js.map - 1ms
[2018-11-02T11:00:34.563] [INFO] app - GET /__webpack_hmr - 0ms
[2018-11-02T11:00:44.817] [INFO] app - GET / - 0ms
[2018-11-02T11:00:44.872] [INFO] app - GET /_nuxt/runtime.js - 0ms
[2018-11-02T11:00:44.874] [INFO] app - GET /_nuxt/vendors.app.js - 0ms
[2018-11-02T11:00:44.884] [INFO] app - GET /_nuxt/app.js - 0ms
[2018-11-02T11:00:45.471] [INFO] app - GET /_nuxt/pages_index.js - 0ms
[2018-11-02T11:00:45.498] [INFO] app - GET /_nuxt/iview.js.map - 0ms
[2018-11-02T11:00:45.507] [INFO] app - GET /__webpack_hmr - 0ms
[2018-11-02T11:00:52.149] [INFO] app - GET /img/logo.png - 0ms
[2018-11-02T11:01:12.844] [INFO] app - GET /_nuxt/814f6140483c5a13c47a.hot-update.json - 0ms
[2018-11-02T11:01:13.020] [INFO] app - GET /_nuxt/pages_index.814f6140483c5a13c47a.hot-update.js - 0ms
[2018-11-02T11:01:18.231] [INFO] app - GET / - 1ms
[2018-11-02T11:01:18.289] [INFO] app - GET /_nuxt/runtime.js - 0ms
[2018-11-02T11:01:18.296] [INFO] app - GET /_nuxt/vendors.app.js - 0ms
[2018-11-02T11:01:18.302] [INFO] app - GET /_nuxt/app.js - 0ms
[2018-11-02T11:01:18.792] [INFO] app - GET /_nuxt/pages_index.js - 0ms
[2018-11-02T11:01:18.832] [INFO] app - GET /_nuxt/iview.js.map - 0ms
[2018-11-02T11:01:18.845] [INFO] app - GET /__webpack_hmr - 0ms
[2018-11-02T17:10:27.666] [INFO] app - GET / - 0ms
[2018-11-02T17:10:28.090] [INFO] app - GET /_nuxt/runtime.js - 0ms
[2018-11-02T17:10:28.094] [INFO] app - GET /_nuxt/vendors.app.js - 0ms
[2018-11-02T17:10:28.100] [INFO] app - GET /_nuxt/app.js - 0ms
[2018-11-02T17:10:28.641] [INFO] app - GET /_nuxt/pages_index.js - 0ms
[2018-11-02T17:10:28.650] [INFO] app - GET /__webpack_hmr - 0ms
[2018-11-02T17:10:28.720] [INFO] app - GET /favicon.ico - 0ms
[2018-11-02T17:10:31.866] [INFO] app - GET /_nuxt/iview.js.map - 0ms
[2018-11-02T17:11:06.118] [INFO] app - GET /_nuxt/7571d9d0a4f1b9ba0300.hot-update.json - 0ms
[2018-11-02T17:11:58.676] [INFO] app - GET / - 0ms
[2018-11-02T17:11:58.776] [INFO] app - GET /_nuxt/runtime.js - 0ms
[2018-11-02T17:11:58.782] [INFO] app - GET /_nuxt/vendors.app.js - 0ms
[2018-11-02T17:11:58.960] [INFO] app - GET /_nuxt/app.js - 0ms
[2018-11-02T17:11:59.358] [INFO] app - GET /_nuxt/pages_index.js - 0ms
[2018-11-02T17:11:59.383] [INFO] app - GET /_nuxt/iview.js.map - 0ms
[2018-11-02T17:11:59.396] [INFO] app - GET /__webpack_hmr - 0ms
[2018-11-02T17:12:08.498] [INFO] app - GET /_nuxt/f46b1bef93bec9a90476.hot-update.json - 0ms
[2018-11-02T17:13:20.929] [INFO] app - GET /_nuxt/3e4a3680f7e820407f89.hot-update.json - 0ms
[2018-11-02T17:13:20.934] [INFO] app - GET /_nuxt/pages_index.3e4a3680f7e820407f89.hot-update.js - 0ms
[2018-11-02T17:13:24.664] [INFO] app - GET /_nuxt/377d312363b14ca5dc0a.hot-update.json - 0ms
[2018-11-02T17:13:24.670] [INFO] app - GET /_nuxt/pages_index.377d312363b14ca5dc0a.hot-update.js - 0ms
[2018-11-02T17:13:29.613] [INFO] app - GET /_nuxt/ab6eba19bdd79b3c83ee.hot-update.json - 0ms
[2018-11-02T17:13:29.618] [INFO] app - GET /_nuxt/pages_index.ab6eba19bdd79b3c83ee.hot-update.js - 0ms
[2018-11-02T17:14:36.749] [INFO] app - GET /_nuxt/ef1f76cf8f90fcf96294.hot-update.json - 0ms
[2018-11-02T17:14:36.833] [INFO] app - GET /_nuxt/pages_index.ef1f76cf8f90fcf96294.hot-update.js - 0ms
[2018-11-02T17:14:36.877] [INFO] app - GET /_nuxt/53376c084f30484352da.hot-update.json - 0ms
[2018-11-02T17:14:36.939] [INFO] app - GET /_nuxt/pages_index.53376c084f30484352da.hot-update.js - 0ms
[2018-11-02T17:14:57.821] [INFO] app - GET / - 0ms
[2018-11-02T17:14:57.911] [INFO] app - GET /_nuxt/runtime.js - 0ms
[2018-11-02T17:14:57.917] [INFO] app - GET /_nuxt/vendors.app.js - 0ms
[2018-11-02T17:14:58.132] [INFO] app - GET /_nuxt/app.js - 0ms
[2018-11-02T17:14:58.591] [INFO] app - GET /_nuxt/pages_index.js - 0ms
[2018-11-02T17:14:58.624] [INFO] app - GET /_nuxt/iview.js.map - 0ms
[2018-11-02T17:14:58.637] [INFO] app - GET /__webpack_hmr - 0ms
[2018-11-02T17:16:02.848] [INFO] app - GET /_nuxt/8ad446993d6167e7ee20.hot-update.json - 0ms
[2018-11-02T17:16:02.921] [INFO] app - GET /_nuxt/pages_index.8ad446993d6167e7ee20.hot-update.js - 0ms
[2018-11-02T17:16:03.196] [INFO] app - GET /_nuxt/8a7132a83cc575beddf9.hot-update.json - 0ms
[2018-11-02T17:16:42.761] [INFO] app - GET /_nuxt/39cea424b5cbc26e650e.hot-update.json - 0ms
[2018-11-02T17:16:42.813] [INFO] app - GET /_nuxt/pages_index.39cea424b5cbc26e650e.hot-update.js - 0ms
[2018-11-02T17:16:43.137] [INFO] app - GET /_nuxt/9e966ec5859a95140045.hot-update.json - 0ms
[2018-11-02T17:16:43.148] [INFO] app - GET /_nuxt/pages_index.9e966ec5859a95140045.hot-update.js - 0ms
[2018-11-02T17:16:53.869] [INFO] app - GET /_nuxt/2a9e846c7c102b772490.hot-update.json - 0ms
[2018-11-02T17:16:53.893] [INFO] app - GET /_nuxt/pages_index.2a9e846c7c102b772490.hot-update.js - 0ms
[2018-11-02T17:17:06.160] [INFO] app - GET /_nuxt/32a16268a28162e62103.hot-update.json - 0ms
[2018-11-02T17:17:15.246] [INFO] app - GET / - 0ms
[2018-11-02T17:17:15.319] [INFO] app - GET /_nuxt/runtime.js - 0ms
[2018-11-02T17:17:15.323] [INFO] app - GET /_nuxt/vendors.app.js - 0ms
[2018-11-02T17:17:15.464] [INFO] app - GET /_nuxt/app.js - 0ms
[2018-11-02T17:17:15.818] [INFO] app - GET /_nuxt/pages_index.js - 0ms
[2018-11-02T17:17:15.847] [INFO] app - GET /_nuxt/iview.js.map - 0ms
[2018-11-02T17:17:15.857] [INFO] app - GET /__webpack_hmr - 0ms
[2018-11-02T17:17:39.442] [INFO] app - GET /_nuxt/982d92640be50bfd9822.hot-update.json - 0ms
[2018-11-02T17:17:39.450] [INFO] app - GET /_nuxt/pages_index.982d92640be50bfd9822.hot-update.js - 0ms
[2018-11-02T17:17:47.570] [INFO] app - GET /_nuxt/9df8c5a7b9b4616f7982.hot-update.json - 0ms
[2018-11-02T17:17:47.586] [INFO] app - GET /_nuxt/pages_index.9df8c5a7b9b4616f7982.hot-update.js - 0ms
[2018-11-02T17:18:02.891] [INFO] app - GET /_nuxt/7c8eaefa3c5be2600c93.hot-update.json - 0ms
[2018-11-02T17:18:02.897] [INFO] app - GET /_nuxt/pages_index.7c8eaefa3c5be2600c93.hot-update.js - 0ms
[2018-11-02T17:18:15.620] [INFO] app - GET /_nuxt/0093a2b9e0ffc3568db6.hot-update.json - 0ms
[2018-11-02T17:18:17.747] [INFO] app - GET /_nuxt/pages_index.0093a2b9e0ffc3568db6.hot-update.js - 0ms
[2018-11-02T17:22:28.660] [INFO] app - GET /_nuxt/bb3d9f8cceb292d4a3ab.hot-update.json - 0ms
[2018-11-02T17:22:28.668] [INFO] app - GET /_nuxt/pages_index.bb3d9f8cceb292d4a3ab.hot-update.js - 0ms
[2018-11-02T17:22:28.677] [INFO] app - GET /_nuxt/bc9ea86cc0b21414b9c4.hot-update.json - 0ms
[2018-11-02T17:22:28.686] [INFO] app - GET /_nuxt/pages_index.bc9ea86cc0b21414b9c4.hot-update.js - 0ms
[2018-11-02T17:22:28.696] [INFO] app - GET /_nuxt/e989e56424fc3f207a7f.hot-update.json - 0ms
[2018-11-02T17:23:39.131] [INFO] app - GET /_nuxt/e2e3d4ff76b7e77a1a61.hot-update.json - 0ms
[2018-11-02T17:23:39.144] [INFO] app - GET /_nuxt/pages_index.e2e3d4ff76b7e77a1a61.hot-update.js - 0ms
[2018-11-02T17:23:39.179] [INFO] app - GET /_nuxt/be91b1322cf32190dfbf.hot-update.json - 0ms
[2018-11-02T17:23:39.193] [INFO] app - GET /_nuxt/pages_index.be91b1322cf32190dfbf.hot-update.js - 0ms
[2018-11-02T17:23:39.414] [INFO] app - GET / - 0ms
[2018-11-02T17:23:39.683] [INFO] app - GET /_nuxt/runtime.js - 0ms
[2018-11-02T17:23:39.689] [INFO] app - GET /_nuxt/vendors.app.js - 0ms
[2018-11-02T17:23:39.882] [INFO] app - GET /_nuxt/app.js - 0ms
[2018-11-02T17:23:40.415] [INFO] app - GET /_nuxt/pages_index.js - 0ms
[2018-11-02T17:23:40.461] [INFO] app - GET /__webpack_hmr - 0ms
[2018-11-02T17:23:40.482] [INFO] app - GET /_nuxt/iview.js.map - 0ms
[2018-11-02T17:24:15.963] [INFO] app - GET /_nuxt/87ec1527d4d9aef1d0f3.hot-update.json - 0ms
[2018-11-02T17:25:43.422] [INFO] app - GET / - 0ms
[2018-11-02T17:25:43.507] [INFO] app - GET /_nuxt/runtime.js - 0ms
[2018-11-02T17:25:43.511] [INFO] app - GET /_nuxt/vendors.app.js - 0ms
[2018-11-02T17:25:43.662] [INFO] app - GET /_nuxt/app.js - 0ms
[2018-11-02T17:25:44.000] [INFO] app - GET /_nuxt/pages_index.js - 0ms
[2018-11-02T17:25:44.034] [INFO] app - GET /__webpack_hmr - 0ms
[2018-11-02T17:25:44.057] [INFO] app - GET /_nuxt/iview.js.map - 0ms
[2018-11-02T17:26:06.773] [INFO] app - GET / - 0ms
[2018-11-02T17:26:06.824] [INFO] app - GET /_nuxt/runtime.js - 0ms
[2018-11-02T17:26:07.144] [INFO] app - GET /_nuxt/vendors.app.js - 0ms
[2018-11-02T17:26:07.146] [INFO] app - GET /_nuxt/app.js - 0ms
[2018-11-02T17:26:07.950] [INFO] app - GET /_nuxt/pages_index.js - 0ms
[2018-11-02T17:26:07.984] [INFO] app - GET /_nuxt/iview.js.map - 0ms
[2018-11-02T17:26:08.017] [INFO] app - GET /__webpack_hmr - 0ms
[2018-11-02T17:26:47.903] [INFO] app - GET /_nuxt/c239580134e8bbcb8a0c.hot-update.json - 0ms
[2018-11-02T17:26:47.908] [INFO] app - GET /_nuxt/pages_index.c239580134e8bbcb8a0c.hot-update.js - 0ms
[2018-11-02T17:26:56.308] [INFO] app - GET / - 0ms
[2018-11-02T17:26:56.350] [INFO] app - GET /_nuxt/runtime.js - 0ms
[2018-11-02T17:26:56.360] [INFO] app - GET /_nuxt/vendors.app.js - 0ms
[2018-11-02T17:26:56.519] [INFO] app - GET /_nuxt/app.js - 0ms
[2018-11-02T17:26:56.873] [INFO] app - GET /_nuxt/pages_index.js - 0ms
[2018-11-02T17:26:56.905] [INFO] app - GET /_nuxt/iview.js.map - 0ms
[2018-11-02T17:26:56.915] [INFO] app - GET /__webpack_hmr - 0ms
[2018-11-02T17:27:19.079] [INFO] app - GET /_nuxt/073c9ffd3ac0be49207b.hot-update.json - 0ms
[2018-11-02T17:27:19.085] [INFO] app - GET /_nuxt/pages_index.073c9ffd3ac0be49207b.hot-update.js - 0ms
[2018-11-02T17:27:30.853] [INFO] app - GET /_nuxt/4883b3da376b1a748d39.hot-update.json - 0ms
[2018-11-02T17:27:31.160] [INFO] app - GET /_nuxt/pages_index.4883b3da376b1a748d39.hot-update.js - 0ms
[2018-11-02T17:27:31.445] [INFO] app - GET /_nuxt/3d8ee7f946e5140fcd26.hot-update.json - 0ms
[2018-11-02T17:27:32.147] [INFO] app - GET / - 0ms
[2018-11-02T17:27:32.242] [INFO] app - GET /_nuxt/runtime.js - 0ms
[2018-11-02T17:27:32.249] [INFO] app - GET /_nuxt/vendors.app.js - 0ms
[2018-11-02T17:27:32.377] [INFO] app - GET /_nuxt/app.js - 0ms
[2018-11-02T17:27:32.797] [INFO] app - GET /_nuxt/pages_index.js - 0ms
[2018-11-02T17:27:32.826] [INFO] app - GET /_nuxt/iview.js.map - 0ms
[2018-11-02T17:27:32.840] [INFO] app - GET /__webpack_hmr - 0ms
[2018-11-02T17:28:48.320] [INFO] app - GET /_nuxt/2dfbc55050b3882f8829.hot-update.json - 0ms
[2018-11-02T17:28:48.325] [INFO] app - GET /_nuxt/pages_index.2dfbc55050b3882f8829.hot-update.js - 0ms
[2018-11-02T17:28:55.120] [INFO] app - GET /_nuxt/33555642f1febc0153e6.hot-update.json - 0ms
[2018-11-02T17:28:55.128] [INFO] app - GET /_nuxt/pages_index.33555642f1febc0153e6.hot-update.js - 0ms
[2018-11-02T17:29:00.662] [INFO] app - GET /_nuxt/fb3f1013d06c5b718d4a.hot-update.json - 0ms
[2018-11-02T17:29:00.983] [INFO] app - GET /_nuxt/pages_index.fb3f1013d06c5b718d4a.hot-update.js - 0ms
[2018-11-02T17:29:01.133] [INFO] app - GET /_nuxt/283bf1d79e1b0f50f4b7.hot-update.json - 0ms
[2018-11-02T17:29:09.612] [INFO] app - GET /_nuxt/96df6d844ea03e042112.hot-update.json - 0ms
[2018-11-02T17:29:09.616] [INFO] app - GET /_nuxt/pages_index.96df6d844ea03e042112.hot-update.js - 0ms
[2018-11-02T17:29:20.606] [INFO] app - GET /_nuxt/b48a3edbca87c9a811a2.hot-update.json - 0ms
[2018-11-02T17:29:20.612] [INFO] app - GET /_nuxt/pages_index.b48a3edbca87c9a811a2.hot-update.js - 0ms
[2018-11-02T17:29:23.015] [INFO] app - GET / - 0ms
[2018-11-02T17:29:23.761] [INFO] app - GET /_nuxt/runtime.js - 0ms
[2018-11-02T17:29:23.764] [INFO] app - GET /_nuxt/vendors.app.js - 0ms
[2018-11-02T17:29:23.904] [INFO] app - GET /_nuxt/app.js - 0ms
[2018-11-02T17:29:26.066] [INFO] app - GET /_nuxt/pages_index.js - 0ms
[2018-11-02T17:29:26.106] [INFO] app - GET /__webpack_hmr - 0ms
[2018-11-02T17:29:26.117] [INFO] app - GET /_nuxt/iview.js.map - 0ms
[2018-11-02T17:29:58.932] [INFO] app - GET /_nuxt/c4491fd0f541553f3e8c.hot-update.json - 0ms
[2018-11-02T17:29:58.989] [INFO] app - GET /_nuxt/pages_index.c4491fd0f541553f3e8c.hot-update.js - 0ms
[2018-11-02T17:30:38.244] [INFO] app - GET / - 0ms
[2018-11-02T17:30:44.098] [INFO] app - GET /_nuxt/037b4c50ce496458dd6b.hot-update.json - 0ms
[2018-11-02T17:30:44.922] [INFO] app - GET /_nuxt/pages_index.037b4c50ce496458dd6b.hot-update.js - 0ms
[2018-11-02T17:30:50.166] [INFO] app - GET /_nuxt/runtime.js - 0ms
[2018-11-02T17:30:50.178] [INFO] app - GET /_nuxt/vendors.app.js - 0ms
[2018-11-02T17:30:51.422] [INFO] app - GET /_nuxt/app.js - 0ms
[2018-11-02T17:31:00.899] [INFO] app - GET /__webpack_hmr - 0ms
[2018-11-02T17:31:00.984] [INFO] app - GET /_nuxt/pages_index.js - 0ms
[2018-11-02T17:31:00.995] [INFO] app - GET /_nuxt/iview.js.map - 0ms
[2018-11-02T17:31:09.852] [INFO] app - GET / - 0ms
[2018-11-02T17:31:09.896] [INFO] app - GET /_nuxt/runtime.js - 0ms
[2018-11-02T17:31:09.901] [INFO] app - GET /_nuxt/vendors.app.js - 0ms
[2018-11-02T17:31:10.110] [INFO] app - GET /_nuxt/app.js - 0ms
[2018-11-02T17:31:10.461] [INFO] app - GET /_nuxt/pages_index.js - 0ms
[2018-11-02T17:31:10.495] [INFO] app - GET /_nuxt/iview.js.map - 0ms
[2018-11-02T17:31:10.506] [INFO] app - GET /__webpack_hmr - 0ms
[2018-11-02T17:32:58.080] [INFO] app - GET /_nuxt/e6d250014a797ca4891c.hot-update.json - 0ms
[2018-11-02T17:32:58.438] [INFO] app - GET /_nuxt/pages_index.e6d250014a797ca4891c.hot-update.js - 0ms
[2018-11-02T17:32:58.474] [INFO] app - GET /_nuxt/f8cb1b2cb877361ca310.hot-update.json - 0ms
[2018-11-02T17:32:58.487] [INFO] app - GET /_nuxt/183863b17f2576ea7edc.hot-update.json - 0ms
[2018-11-02T17:32:58.497] [INFO] app - GET /_nuxt/pages_index.183863b17f2576ea7edc.hot-update.js - 0ms
[2018-11-02T17:32:58.510] [INFO] app - GET /_nuxt/a85e7b21d456dbe01c69.hot-update.json - 0ms
[2018-11-02T17:32:58.533] [INFO] app - GET / - 0ms
[2018-11-02T17:32:58.680] [INFO] app - GET /_nuxt/runtime.js - 0ms
[2018-11-02T17:32:58.741] [INFO] app - GET /_nuxt/vendors.app.js - 0ms
[2018-11-02T17:32:58.863] [INFO] app - GET /_nuxt/app.js - 0ms
[2018-11-02T17:32:59.657] [INFO] app - GET /_nuxt/pages_index.js - 0ms
[2018-11-02T17:32:59.726] [INFO] app - GET /__webpack_hmr - 0ms
[2018-11-02T17:32:59.777] [INFO] app - GET /_nuxt/iview.js.map - 0ms
[2018-11-02T17:33:02.003] [INFO] app - GET / - 0ms
[2018-11-02T17:33:02.059] [INFO] app - GET /_nuxt/runtime.js - 0ms
[2018-11-02T17:33:02.061] [INFO] app - GET /_nuxt/vendors.app.js - 0ms
[2018-11-02T17:33:02.068] [INFO] app - GET /_nuxt/app.js - 0ms
[2018-11-02T17:33:02.641] [INFO] app - GET /_nuxt/pages_index.js - 0ms
[2018-11-02T17:33:02.676] [INFO] app - GET /_nuxt/iview.js.map - 0ms
[2018-11-02T17:33:02.689] [INFO] app - GET /__webpack_hmr - 0ms
[2018-11-02T17:33:17.416] [INFO] app - GET / - 0ms
[2018-11-02T17:33:17.445] [INFO] app - GET /_nuxt/runtime.js - 0ms
[2018-11-02T17:33:17.454] [INFO] app - GET /_nuxt/vendors.app.js - 0ms
[2018-11-02T17:33:17.665] [INFO] app - GET /_nuxt/app.js - 0ms
[2018-11-02T17:33:18.030] [INFO] app - GET /_nuxt/pages_index.js - 0ms
[2018-11-02T17:33:18.070] [INFO] app - GET /_nuxt/iview.js.map - 0ms
[2018-11-02T17:33:18.080] [INFO] app - GET /__webpack_hmr - 0ms
[2018-11-02T17:35:44.249] [INFO] app - GET / - 0ms
[2018-11-02T17:35:44.280] [INFO] app - GET /_nuxt/runtime.js - 0ms
[2018-11-02T17:35:44.286] [INFO] app - GET /_nuxt/vendors.app.js - 0ms
[2018-11-02T17:35:44.426] [INFO] app - GET /_nuxt/app.js - 0ms
[2018-11-02T17:35:44.798] [INFO] app - GET /_nuxt/pages_index.js - 0ms
[2018-11-02T17:35:44.836] [INFO] app - GET /_nuxt/iview.js.map - 0ms
[2018-11-02T17:35:44.862] [INFO] app - GET /__webpack_hmr - 0ms
